nohup: ignoring input
============= 1 0
Logging to /mnt/nas/kaichen/eng/LOC/vmloc_git/record/7Scenes_fire_vmloc_False_2019_2/runs/log.txt
Not Using ColorJitter
c_nvmlMemory_t(total: 24146608128 B, free: 21258240000 B, used: 2888368128 B)
/home/kaichen/.conda/envs/rigid/lib/python3.8/site-packages/torch/nn/functional.py:1628: UserWarning: nn.functional.tanh is deprecated. Use torch.tanh instead.
  warnings.warn("nn.functional.tanh is deprecated. Use torch.tanh instead.")
Val 7Scenes_fire_vmloc_False_2019_2: Epoch 0, val_loss 1.788802
------------0.000000-----------------3.000000--------------
Error in translation: median 2.41 m,  mean 2.42 m 
 Error in rotation: median 118.46 degrees, mean 118.25 degree
---------------------0---------------------
Epoch 0 checkpoint saved for 7Scenes_fire_vmloc_False_2019_2
Training 7Scenes_fire_vmloc_False_2019_2: Epoch 0, kl_loss 0.008782, dis_loss14.333668
-------------0.000121-----------------2.998411--------------
------------Time consuming: 1.322117---Storaging: 13336434688.000000---------
---------------------0---------------------
Epoch 0 checkpoint saved for 7Scenes_fire_vmloc_False_2019_2
Training 7Scenes_fire_vmloc_False_2019_2: Epoch 1, kl_loss 0.008725, dis_loss12.774619
-------------0.001775-----------------2.996909--------------
------------Time consuming: 1.012388---Storaging: 13541376000.000000---------
---------------------1---------------------
Training 7Scenes_fire_vmloc_False_2019_2: Epoch 2, kl_loss 0.008658, dis_loss11.978402
-------------0.003636-----------------2.995449--------------
------------Time consuming: 1.229783---Storaging: 13541376000.000000---------
---------------------2---------------------
Training 7Scenes_fire_vmloc_False_2019_2: Epoch 3, kl_loss 0.008586, dis_loss11.123968
-------------0.005525-----------------2.994010--------------
------------Time consuming: 1.115659---Storaging: 13541376000.000000---------
---------------------3---------------------
Training 7Scenes_fire_vmloc_False_2019_2: Epoch 4, kl_loss 0.008507, dis_loss10.125123
-------------0.007520-----------------2.992651--------------
------------Time consuming: 1.279202---Storaging: 13541376000.000000---------
---------------------4---------------------
Val 7Scenes_fire_vmloc_False_2019_2: Epoch 5, val_loss 0.810442
-------------0.007520-----------------2.992651--------------
Error in translation: median 0.87 m,  mean 0.93 m 
 Error in rotation: median 70.10 degrees, mean 75.44 degree
---------------------5---------------------
Training 7Scenes_fire_vmloc_False_2019_2: Epoch 5, kl_loss 0.008427, dis_loss9.293496
-------------0.009614-----------------2.991330--------------
------------Time consuming: 1.263138---Storaging: 13541376000.000000---------
---------------------5---------------------
Training 7Scenes_fire_vmloc_False_2019_2: Epoch 6, kl_loss 0.008353, dis_loss7.386964
-------------0.011790-----------------2.990183--------------
------------Time consuming: 1.018613---Storaging: 13541376000.000000---------
---------------------6---------------------
Training 7Scenes_fire_vmloc_False_2019_2: Epoch 7, kl_loss 0.008287, dis_loss5.882587
-------------0.014006-----------------2.989177--------------
------------Time consuming: 1.018210---Storaging: 13541376000.000000---------
---------------------7---------------------
Training 7Scenes_fire_vmloc_False_2019_2: Epoch 8, kl_loss 0.008215, dis_loss4.428749
-------------0.016265-----------------2.988320--------------
------------Time consuming: 1.021604---Storaging: 13541376000.000000---------
---------------------8---------------------
Training 7Scenes_fire_vmloc_False_2019_2: Epoch 9, kl_loss 0.008166, dis_loss3.384332
-------------0.018513-----------------2.987563--------------
------------Time consuming: 1.128589---Storaging: 13541376000.000000---------
---------------------9---------------------
Val 7Scenes_fire_vmloc_False_2019_2: Epoch 10, val_loss 0.613980
-------------0.018513-----------------2.987563--------------
Error in translation: median 0.67 m,  mean 0.70 m 
 Error in rotation: median 53.54 degrees, mean 58.90 degree
---------------------10---------------------
Epoch 10 checkpoint saved for 7Scenes_fire_vmloc_False_2019_2
Training 7Scenes_fire_vmloc_False_2019_2: Epoch 10, kl_loss 0.008120, dis_loss2.645979
-------------0.020757-----------------2.986877--------------
------------Time consuming: 1.382544---Storaging: 13541376000.000000---------
---------------------10---------------------
Epoch 10 checkpoint saved for 7Scenes_fire_vmloc_False_2019_2
Training 7Scenes_fire_vmloc_False_2019_2: Epoch 11, kl_loss 0.008114, dis_loss1.849867
-------------0.022973-----------------2.986289--------------
------------Time consuming: 1.245357---Storaging: 13541376000.000000---------
---------------------11---------------------
Training 7Scenes_fire_vmloc_False_2019_2: Epoch 12, kl_loss 0.008079, dis_loss1.378806
-------------0.025143-----------------2.985733--------------
------------Time consuming: 1.178311---Storaging: 13541376000.000000---------
---------------------12---------------------
Training 7Scenes_fire_vmloc_False_2019_2: Epoch 13, kl_loss 0.008061, dis_loss1.007609
-------------0.027281-----------------2.985231--------------
------------Time consuming: 1.256638---Storaging: 13541376000.000000---------
---------------------13---------------------
Training 7Scenes_fire_vmloc_False_2019_2: Epoch 14, kl_loss 0.008040, dis_loss0.747770
-------------0.029386-----------------2.984719--------------
------------Time consuming: 1.147400---Storaging: 13541376000.000000---------
---------------------14---------------------
Val 7Scenes_fire_vmloc_False_2019_2: Epoch 15, val_loss 0.473182
-------------0.029386-----------------2.984719--------------
Error in translation: median 0.64 m,  mean 0.66 m 
 Error in rotation: median 30.47 degrees, mean 35.95 degree
---------------------15---------------------
Training 7Scenes_fire_vmloc_False_2019_2: Epoch 15, kl_loss 0.008032, dis_loss0.487398
-------------0.031451-----------------2.984260--------------
------------Time consuming: 1.254515---Storaging: 13541376000.000000---------
---------------------15---------------------
Training 7Scenes_fire_vmloc_False_2019_2: Epoch 16, kl_loss 0.008025, dis_loss0.398428
-------------0.033471-----------------2.983817--------------
------------Time consuming: 1.128146---Storaging: 13541376000.000000---------
---------------------16---------------------
Training 7Scenes_fire_vmloc_False_2019_2: Epoch 17, kl_loss 0.008012, dis_loss0.257899
-------------0.035472-----------------2.983341--------------
------------Time consuming: 1.248022---Storaging: 13541376000.000000---------
---------------------17---------------------
Training 7Scenes_fire_vmloc_False_2019_2: Epoch 18, kl_loss 0.008005, dis_loss-0.158816
-------------0.037452-----------------2.982965--------------
------------Time consuming: 1.165426---Storaging: 13541376000.000000---------
---------------------18---------------------
Training 7Scenes_fire_vmloc_False_2019_2: Epoch 19, kl_loss 0.008019, dis_loss0.022090
-------------0.039390-----------------2.982540--------------
------------Time consuming: 1.234157---Storaging: 13541376000.000000---------
---------------------19---------------------
Val 7Scenes_fire_vmloc_False_2019_2: Epoch 20, val_loss 0.432548
-------------0.039390-----------------2.982540--------------
Error in translation: median 0.66 m,  mean 0.68 m 
 Error in rotation: median 17.57 degrees, mean 25.05 degree
---------------------20---------------------
Epoch 20 checkpoint saved for 7Scenes_fire_vmloc_False_2019_2
Training 7Scenes_fire_vmloc_False_2019_2: Epoch 20, kl_loss 0.008014, dis_loss-0.122979
-------------0.041315-----------------2.982108--------------
------------Time consuming: 1.260603---Storaging: 13541376000.000000---------
---------------------20---------------------
Epoch 20 checkpoint saved for 7Scenes_fire_vmloc_False_2019_2
Training 7Scenes_fire_vmloc_False_2019_2: Epoch 21, kl_loss 0.008007, dis_loss-0.184297
-------------0.043233-----------------2.981692--------------
------------Time consuming: 1.019901---Storaging: 13541376000.000000---------
---------------------21---------------------
Training 7Scenes_fire_vmloc_False_2019_2: Epoch 22, kl_loss 0.008002, dis_loss-0.335595
-------------0.045140-----------------2.981286--------------
------------Time consuming: 1.004109---Storaging: 13541376000.000000---------
---------------------22---------------------
Training 7Scenes_fire_vmloc_False_2019_2: Epoch 23, kl_loss 0.007997, dis_loss-0.653288
-------------0.047029-----------------2.980988--------------
------------Time consuming: 0.971395---Storaging: 13541376000.000000---------
---------------------23---------------------
Training 7Scenes_fire_vmloc_False_2019_2: Epoch 24, kl_loss 0.007991, dis_loss-0.393245
-------------0.048915-----------------2.980596--------------
------------Time consuming: 1.246836---Storaging: 13541376000.000000---------
---------------------24---------------------
Val 7Scenes_fire_vmloc_False_2019_2: Epoch 25, val_loss 0.447096
-------------0.048915-----------------2.980596--------------
Error in translation: median 0.63 m,  mean 0.64 m 
 Error in rotation: median 30.15 degrees, mean 35.82 degree
---------------------25---------------------
Training 7Scenes_fire_vmloc_False_2019_2: Epoch 25, kl_loss 0.007990, dis_loss-0.343261
-------------0.050785-----------------2.980148--------------
------------Time consuming: 1.248461---Storaging: 13541376000.000000---------
---------------------25---------------------
Training 7Scenes_fire_vmloc_False_2019_2: Epoch 26, kl_loss 0.007982, dis_loss-0.471293
-------------0.052637-----------------2.979718--------------
------------Time consuming: 1.125104---Storaging: 13541376000.000000---------
---------------------26---------------------
Training 7Scenes_fire_vmloc_False_2019_2: Epoch 27, kl_loss 0.007977, dis_loss-0.846071
-------------0.054476-----------------2.979415--------------
------------Time consuming: 1.263941---Storaging: 13541376000.000000---------
---------------------27---------------------
Training 7Scenes_fire_vmloc_False_2019_2: Epoch 28, kl_loss 0.007979, dis_loss-0.814030
-------------0.056294-----------------2.979141--------------
------------Time consuming: 1.168938---Storaging: 13541376000.000000---------
---------------------28---------------------
Training 7Scenes_fire_vmloc_False_2019_2: Epoch 29, kl_loss 0.007969, dis_loss-0.898991
-------------0.058105-----------------2.978846--------------
------------Time consuming: 1.230390---Storaging: 13541376000.000000---------
---------------------29---------------------
Val 7Scenes_fire_vmloc_False_2019_2: Epoch 30, val_loss 0.466823
-------------0.058105-----------------2.978846--------------
Error in translation: median 0.66 m,  mean 0.67 m 
 Error in rotation: median 31.02 degrees, mean 34.04 degree
---------------------30---------------------
Epoch 30 checkpoint saved for 7Scenes_fire_vmloc_False_2019_2
Training 7Scenes_fire_vmloc_False_2019_2: Epoch 30, kl_loss 0.007972, dis_loss-0.875082
-------------0.059902-----------------2.978523--------------
------------Time consuming: 1.247781---Storaging: 13541376000.000000---------
---------------------30---------------------
Epoch 30 checkpoint saved for 7Scenes_fire_vmloc_False_2019_2
Training 7Scenes_fire_vmloc_False_2019_2: Epoch 31, kl_loss 0.007968, dis_loss-0.965117
-------------0.061701-----------------2.978241--------------
------------Time consuming: 1.016923---Storaging: 13541376000.000000---------
---------------------31---------------------
Training 7Scenes_fire_vmloc_False_2019_2: Epoch 32, kl_loss 0.007957, dis_loss-0.929703
-------------0.063495-----------------2.977942--------------
------------Time consuming: 1.337524---Storaging: 13541376000.000000---------
---------------------32---------------------
Training 7Scenes_fire_vmloc_False_2019_2: Epoch 33, kl_loss 0.007958, dis_loss-0.921590
-------------0.065273-----------------2.977611--------------
------------Time consuming: 1.212798---Storaging: 13541376000.000000---------
---------------------33---------------------
Training 7Scenes_fire_vmloc_False_2019_2: Epoch 34, kl_loss 0.007955, dis_loss-1.072247
-------------0.067045-----------------2.977325--------------
------------Time consuming: 1.363293---Storaging: 13541376000.000000---------
---------------------34---------------------
Val 7Scenes_fire_vmloc_False_2019_2: Epoch 35, val_loss 0.529267
-------------0.067045-----------------2.977325--------------
Error in translation: median 0.71 m,  mean 0.73 m 
 Error in rotation: median 33.32 degrees, mean 42.48 degree
---------------------35---------------------
Training 7Scenes_fire_vmloc_False_2019_2: Epoch 35, kl_loss 0.007952, dis_loss-0.916308
-------------0.068815-----------------2.976988--------------
------------Time consuming: 1.188750---Storaging: 13541376000.000000---------
---------------------35---------------------
Training 7Scenes_fire_vmloc_False_2019_2: Epoch 36, kl_loss 0.007950, dis_loss-0.744061
-------------0.070580-----------------2.976544--------------
------------Time consuming: 1.032428---Storaging: 13541376000.000000---------
---------------------36---------------------
Training 7Scenes_fire_vmloc_False_2019_2: Epoch 37, kl_loss 0.007948, dis_loss-1.241903
-------------0.072338-----------------2.976270--------------
------------Time consuming: 1.067636---Storaging: 13541376000.000000---------
---------------------37---------------------
Training 7Scenes_fire_vmloc_False_2019_2: Epoch 38, kl_loss 0.007946, dis_loss-1.107551
-------------0.074094-----------------2.975987--------------
------------Time consuming: 1.168216---Storaging: 13541376000.000000---------
---------------------38---------------------
Training 7Scenes_fire_vmloc_False_2019_2: Epoch 39, kl_loss 0.007947, dis_loss-1.192826
-------------0.075845-----------------2.975734--------------
------------Time consuming: 1.280769---Storaging: 13541376000.000000---------
---------------------39---------------------
Val 7Scenes_fire_vmloc_False_2019_2: Epoch 40, val_loss 0.566284
-------------0.075845-----------------2.975734--------------
Error in translation: median 0.71 m,  mean 0.74 m 
 Error in rotation: median 35.03 degrees, mean 47.26 degree
---------------------40---------------------
Epoch 40 checkpoint saved for 7Scenes_fire_vmloc_False_2019_2
Training 7Scenes_fire_vmloc_False_2019_2: Epoch 40, kl_loss 0.007943, dis_loss-1.083902
-------------0.077591-----------------2.975445--------------
------------Time consuming: 1.188070---Storaging: 13541376000.000000---------
---------------------40---------------------
Epoch 40 checkpoint saved for 7Scenes_fire_vmloc_False_2019_2
Training 7Scenes_fire_vmloc_False_2019_2: Epoch 41, kl_loss 0.007946, dis_loss-0.991885
-------------0.079324-----------------2.975096--------------
------------Time consuming: 1.308674---Storaging: 13541376000.000000---------
---------------------41---------------------
Training 7Scenes_fire_vmloc_False_2019_2: Epoch 42, kl_loss 0.007944, dis_loss-1.093162
-------------0.081034-----------------2.974758--------------
------------Time consuming: 1.230967---Storaging: 13541376000.000000---------
---------------------42---------------------
Training 7Scenes_fire_vmloc_False_2019_2: Epoch 43, kl_loss 0.007940, dis_loss-1.199720
-------------0.082758-----------------2.974468--------------
------------Time consuming: 1.225769---Storaging: 13541376000.000000---------
---------------------43---------------------
Training 7Scenes_fire_vmloc_False_2019_2: Epoch 44, kl_loss 0.007939, dis_loss-1.275409
-------------0.084479-----------------2.974216--------------
------------Time consuming: 1.068441---Storaging: 13541376000.000000---------
---------------------44---------------------
Val 7Scenes_fire_vmloc_False_2019_2: Epoch 45, val_loss 0.433314
-------------0.084479-----------------2.974216--------------
Error in translation: median 0.59 m,  mean 0.62 m 
 Error in rotation: median 25.63 degrees, mean 32.24 degree
---------------------45---------------------
Training 7Scenes_fire_vmloc_False_2019_2: Epoch 45, kl_loss 0.007937, dis_loss-1.320837
-------------0.086196-----------------2.973988--------------
------------Time consuming: 1.149389---Storaging: 13541376000.000000---------
---------------------45---------------------
Training 7Scenes_fire_vmloc_False_2019_2: Epoch 46, kl_loss 0.007937, dis_loss-1.292325
-------------0.087905-----------------2.973740--------------
------------Time consuming: 1.273641---Storaging: 13541376000.000000---------
---------------------46---------------------
Training 7Scenes_fire_vmloc_False_2019_2: Epoch 47, kl_loss 0.007937, dis_loss-1.270080
-------------0.089614-----------------2.973475--------------
------------Time consuming: 1.177072---Storaging: 13541376000.000000---------
---------------------47---------------------
Training 7Scenes_fire_vmloc_False_2019_2: Epoch 48, kl_loss 0.007935, dis_loss-1.192555
-------------0.091321-----------------2.973152--------------
------------Time consuming: 1.259402---Storaging: 13541376000.000000---------
---------------------48---------------------
Training 7Scenes_fire_vmloc_False_2019_2: Epoch 49, kl_loss 0.007931, dis_loss-1.357231
-------------0.093026-----------------2.972891--------------
------------Time consuming: 1.292697---Storaging: 13541376000.000000---------
---------------------49---------------------
Val 7Scenes_fire_vmloc_False_2019_2: Epoch 50, val_loss 0.643278
-------------0.093026-----------------2.972891--------------
Error in translation: median 0.78 m,  mean 0.87 m 
 Error in rotation: median 39.10 degrees, mean 50.47 degree
---------------------50---------------------
Epoch 50 checkpoint saved for 7Scenes_fire_vmloc_False_2019_2
Training 7Scenes_fire_vmloc_False_2019_2: Epoch 50, kl_loss 0.007934, dis_loss-1.836175
-------------0.094787-----------------2.972876--------------
------------Time consuming: 1.018568---Storaging: 13541376000.000000---------
---------------------50---------------------
Epoch 50 checkpoint saved for 7Scenes_fire_vmloc_False_2019_2
Training 7Scenes_fire_vmloc_False_2019_2: Epoch 51, kl_loss 0.007934, dis_loss-1.898379
-------------0.096547-----------------2.972966--------------
------------Time consuming: 1.190583---Storaging: 13541376000.000000---------
---------------------51---------------------
Training 7Scenes_fire_vmloc_False_2019_2: Epoch 52, kl_loss 0.007932, dis_loss-1.895959
-------------0.098309-----------------2.973061--------------
------------Time consuming: 1.162110---Storaging: 13541376000.000000---------
---------------------52---------------------
Training 7Scenes_fire_vmloc_False_2019_2: Epoch 53, kl_loss 0.007929, dis_loss-1.731291
-------------0.100064-----------------2.973020--------------
------------Time consuming: 1.302979---Storaging: 13541376000.000000---------
---------------------53---------------------
Training 7Scenes_fire_vmloc_False_2019_2: Epoch 54, kl_loss 0.007930, dis_loss-1.997414
-------------0.101806-----------------2.973167--------------
------------Time consuming: 1.304028---Storaging: 13541376000.000000---------
---------------------54---------------------
Val 7Scenes_fire_vmloc_False_2019_2: Epoch 55, val_loss 0.320384
-------------0.101806-----------------2.973167--------------
Error in translation: median 0.43 m,  mean 0.47 m 
 Error in rotation: median 17.94 degrees, mean 22.19 degree
---------------------55---------------------
Training 7Scenes_fire_vmloc_False_2019_2: Epoch 55, kl_loss 0.007930, dis_loss-1.965260
-------------0.103550-----------------2.973324--------------
------------Time consuming: 1.265261---Storaging: 13541376000.000000---------
---------------------55---------------------
Training 7Scenes_fire_vmloc_False_2019_2: Epoch 56, kl_loss 0.007928, dis_loss-1.859879
-------------0.105293-----------------2.973456--------------
------------Time consuming: 1.196160---Storaging: 13541376000.000000---------
---------------------56---------------------
Training 7Scenes_fire_vmloc_False_2019_2: Epoch 57, kl_loss 0.007927, dis_loss-1.878856
-------------0.107018-----------------2.973532--------------
------------Time consuming: 1.268735---Storaging: 13541376000.000000---------
---------------------57---------------------
Training 7Scenes_fire_vmloc_False_2019_2: Epoch 58, kl_loss 0.007925, dis_loss-1.937733
-------------0.108748-----------------2.973676--------------
------------Time consuming: 1.019427---Storaging: 13541376000.000000---------
---------------------58---------------------
Training 7Scenes_fire_vmloc_False_2019_2: Epoch 59, kl_loss 0.007924, dis_loss-2.008038
-------------0.110482-----------------2.973821--------------
------------Time consuming: 1.022724---Storaging: 13541376000.000000---------
---------------------59---------------------
Val 7Scenes_fire_vmloc_False_2019_2: Epoch 60, val_loss 0.332718
-------------0.110482-----------------2.973821--------------
Error in translation: median 0.42 m,  mean 0.48 m 
 Error in rotation: median 20.45 degrees, mean 24.88 degree
---------------------60---------------------
Epoch 60 checkpoint saved for 7Scenes_fire_vmloc_False_2019_2
Training 7Scenes_fire_vmloc_False_2019_2: Epoch 60, kl_loss 0.007923, dis_loss-2.070331
-------------0.112214-----------------2.974026--------------
------------Time consuming: 1.310894---Storaging: 13541376000.000000---------
---------------------60---------------------
Epoch 60 checkpoint saved for 7Scenes_fire_vmloc_False_2019_2
Training 7Scenes_fire_vmloc_False_2019_2: Epoch 61, kl_loss 0.007923, dis_loss-1.965716
-------------0.113920-----------------2.974210--------------
------------Time consuming: 1.184588---Storaging: 13541376000.000000---------
---------------------61---------------------
Training 7Scenes_fire_vmloc_False_2019_2: Epoch 62, kl_loss 0.007927, dis_loss-1.950390
-------------0.115631-----------------2.974322--------------
------------Time consuming: 1.291676---Storaging: 13541376000.000000---------
---------------------62---------------------
Training 7Scenes_fire_vmloc_False_2019_2: Epoch 63, kl_loss 0.007928, dis_loss-2.009269
-------------0.117335-----------------2.974524--------------
------------Time consuming: 1.203164---Storaging: 13541376000.000000---------
---------------------63---------------------
Training 7Scenes_fire_vmloc_False_2019_2: Epoch 64, kl_loss 0.007926, dis_loss-1.969785
-------------0.119043-----------------2.974680--------------
------------Time consuming: 1.295710---Storaging: 13541376000.000000---------
---------------------64---------------------
Val 7Scenes_fire_vmloc_False_2019_2: Epoch 65, val_loss 0.326247
-------------0.119043-----------------2.974680--------------
Error in translation: median 0.39 m,  mean 0.45 m 
 Error in rotation: median 22.33 degrees, mean 26.10 degree
---------------------65---------------------
Training 7Scenes_fire_vmloc_False_2019_2: Epoch 65, kl_loss 0.007920, dis_loss-2.007060
-------------0.120752-----------------2.974866--------------
------------Time consuming: 1.069343---Storaging: 13541376000.000000---------
---------------------65---------------------
Training 7Scenes_fire_vmloc_False_2019_2: Epoch 66, kl_loss 0.007922, dis_loss-1.992914
-------------0.122448-----------------2.975043--------------
------------Time consuming: 1.012515---Storaging: 13541376000.000000---------
---------------------66---------------------
Training 7Scenes_fire_vmloc_False_2019_2: Epoch 67, kl_loss 0.007921, dis_loss-2.081771
-------------0.124145-----------------2.975257--------------
------------Time consuming: 1.289957---Storaging: 13541376000.000000---------
---------------------67---------------------
Training 7Scenes_fire_vmloc_False_2019_2: Epoch 68, kl_loss 0.007921, dis_loss-2.001999
-------------0.125834-----------------2.975466--------------
------------Time consuming: 1.138684---Storaging: 13541376000.000000---------
---------------------68---------------------
Training 7Scenes_fire_vmloc_False_2019_2: Epoch 69, kl_loss 0.007919, dis_loss-1.989527
-------------0.127525-----------------2.975592--------------
------------Time consuming: 1.271821---Storaging: 13541376000.000000---------
---------------------69---------------------
Val 7Scenes_fire_vmloc_False_2019_2: Epoch 70, val_loss 0.302673
-------------0.127525-----------------2.975592--------------
Error in translation: median 0.38 m,  mean 0.45 m 
 Error in rotation: median 16.68 degrees, mean 21.52 degree
---------------------70---------------------
Epoch 70 checkpoint saved for 7Scenes_fire_vmloc_False_2019_2
Training 7Scenes_fire_vmloc_False_2019_2: Epoch 70, kl_loss 0.007921, dis_loss-2.067319
-------------0.129219-----------------2.975816--------------
------------Time consuming: 1.223107---Storaging: 13541376000.000000---------
---------------------70---------------------
Epoch 70 checkpoint saved for 7Scenes_fire_vmloc_False_2019_2
Training 7Scenes_fire_vmloc_False_2019_2: Epoch 71, kl_loss 0.007919, dis_loss-2.060790
-------------0.130900-----------------2.976060--------------
------------Time consuming: 1.290481---Storaging: 13541376000.000000---------
---------------------71---------------------
Training 7Scenes_fire_vmloc_False_2019_2: Epoch 72, kl_loss 0.007917, dis_loss-2.134794
-------------0.132585-----------------2.976331--------------
------------Time consuming: 1.034135---Storaging: 13541376000.000000---------
---------------------72---------------------
Training 7Scenes_fire_vmloc_False_2019_2: Epoch 73, kl_loss 0.007917, dis_loss-2.129516
-------------0.134268-----------------2.976636--------------
------------Time consuming: 1.049360---Storaging: 13541376000.000000---------
---------------------73---------------------
Training 7Scenes_fire_vmloc_False_2019_2: Epoch 74, kl_loss 0.007915, dis_loss-2.214578
-------------0.135951-----------------2.976978--------------
------------Time consuming: 1.077522---Storaging: 13541376000.000000---------
---------------------74---------------------
Val 7Scenes_fire_vmloc_False_2019_2: Epoch 75, val_loss 0.287357
-------------0.135951-----------------2.976978--------------
Error in translation: median 0.37 m,  mean 0.43 m 
 Error in rotation: median 13.00 degrees, mean 18.92 degree
---------------------75---------------------
Training 7Scenes_fire_vmloc_False_2019_2: Epoch 75, kl_loss 0.007916, dis_loss-1.994879
-------------0.137635-----------------2.977251--------------
------------Time consuming: 1.295139---Storaging: 13541376000.000000---------
---------------------75---------------------
Training 7Scenes_fire_vmloc_False_2019_2: Epoch 76, kl_loss 0.007918, dis_loss-2.092234
-------------0.139304-----------------2.977484--------------
------------Time consuming: 1.180100---Storaging: 13541376000.000000---------
---------------------76---------------------
Training 7Scenes_fire_vmloc_False_2019_2: Epoch 77, kl_loss 0.007915, dis_loss-2.136530
-------------0.140977-----------------2.977814--------------
------------Time consuming: 1.231898---Storaging: 13541376000.000000---------
---------------------77---------------------
Training 7Scenes_fire_vmloc_False_2019_2: Epoch 78, kl_loss 0.007914, dis_loss-2.105066
-------------0.142648-----------------2.978073--------------
------------Time consuming: 1.278765---Storaging: 13541376000.000000---------
---------------------78---------------------
Training 7Scenes_fire_vmloc_False_2019_2: Epoch 79, kl_loss 0.007914, dis_loss-2.124981
-------------0.144310-----------------2.978364--------------
------------Time consuming: 1.177950---Storaging: 13541376000.000000---------
---------------------79---------------------
Val 7Scenes_fire_vmloc_False_2019_2: Epoch 80, val_loss 0.298877
-------------0.144310-----------------2.978364--------------
Error in translation: median 0.36 m,  mean 0.43 m 
 Error in rotation: median 16.60 degrees, mean 22.01 degree
---------------------80---------------------
Epoch 80 checkpoint saved for 7Scenes_fire_vmloc_False_2019_2
Training 7Scenes_fire_vmloc_False_2019_2: Epoch 80, kl_loss 0.007912, dis_loss-2.178343
-------------0.145979-----------------2.978717--------------
------------Time consuming: 1.043201---Storaging: 13541376000.000000---------
---------------------80---------------------
Epoch 80 checkpoint saved for 7Scenes_fire_vmloc_False_2019_2
Training 7Scenes_fire_vmloc_False_2019_2: Epoch 81, kl_loss 0.007911, dis_loss-2.146299
-------------0.147651-----------------2.979012--------------
------------Time consuming: 1.280449---Storaging: 13541376000.000000---------
---------------------81---------------------
Training 7Scenes_fire_vmloc_False_2019_2: Epoch 82, kl_loss 0.007911, dis_loss-2.195612
-------------0.149317-----------------2.979416--------------
------------Time consuming: 1.193177---Storaging: 13541376000.000000---------
---------------------82---------------------
Training 7Scenes_fire_vmloc_False_2019_2: Epoch 83, kl_loss 0.007910, dis_loss-2.198679
-------------0.150984-----------------2.979769--------------
------------Time consuming: 1.254048---Storaging: 13541376000.000000---------
---------------------83---------------------
Training 7Scenes_fire_vmloc_False_2019_2: Epoch 84, kl_loss 0.007907, dis_loss-2.191619
-------------0.152650-----------------2.980168--------------
------------Time consuming: 1.211479---Storaging: 13541376000.000000---------
---------------------84---------------------
Val 7Scenes_fire_vmloc_False_2019_2: Epoch 85, val_loss 0.285658
-------------0.152650-----------------2.980168--------------
Error in translation: median 0.36 m,  mean 0.42 m 
 Error in rotation: median 15.42 degrees, mean 20.07 degree
---------------------85---------------------
Training 7Scenes_fire_vmloc_False_2019_2: Epoch 85, kl_loss 0.007908, dis_loss-2.310376
-------------0.154309-----------------2.980685--------------
------------Time consuming: 1.193081---Storaging: 13541376000.000000---------
---------------------85---------------------
Training 7Scenes_fire_vmloc_False_2019_2: Epoch 86, kl_loss 0.007908, dis_loss-2.294828
-------------0.155962-----------------2.981241--------------
------------Time consuming: 1.251985---Storaging: 13541376000.000000---------
---------------------86---------------------
Training 7Scenes_fire_vmloc_False_2019_2: Epoch 87, kl_loss 0.007907, dis_loss-2.294184
-------------0.157617-----------------2.981762--------------
------------Time consuming: 1.017799---Storaging: 13541376000.000000---------
---------------------87---------------------
Training 7Scenes_fire_vmloc_False_2019_2: Epoch 88, kl_loss 0.007905, dis_loss-2.237129
-------------0.159275-----------------2.982280--------------
------------Time consuming: 1.037036---Storaging: 13541376000.000000---------
---------------------88---------------------
Training 7Scenes_fire_vmloc_False_2019_2: Epoch 89, kl_loss 0.007906, dis_loss-2.328774
-------------0.160928-----------------2.982822--------------
------------Time consuming: 0.989334---Storaging: 13541376000.000000---------
---------------------89---------------------
Val 7Scenes_fire_vmloc_False_2019_2: Epoch 90, val_loss 0.284798
-------------0.160928-----------------2.982822--------------
Error in translation: median 0.36 m,  mean 0.42 m 
 Error in rotation: median 13.96 degrees, mean 19.46 degree
---------------------90---------------------
Epoch 90 checkpoint saved for 7Scenes_fire_vmloc_False_2019_2
Training 7Scenes_fire_vmloc_False_2019_2: Epoch 90, kl_loss 0.007905, dis_loss-2.289584
-------------0.162576-----------------2.983353--------------
------------Time consuming: 1.226967---Storaging: 13541376000.000000---------
---------------------90---------------------
Epoch 90 checkpoint saved for 7Scenes_fire_vmloc_False_2019_2
Training 7Scenes_fire_vmloc_False_2019_2: Epoch 91, kl_loss 0.007903, dis_loss-2.220520
-------------0.164224-----------------2.983873--------------
------------Time consuming: 1.293311---Storaging: 13541376000.000000---------
---------------------91---------------------
Training 7Scenes_fire_vmloc_False_2019_2: Epoch 92, kl_loss 0.007903, dis_loss-2.325804
-------------0.165869-----------------2.984413--------------
------------Time consuming: 1.182759---Storaging: 13541376000.000000---------
---------------------92---------------------
Training 7Scenes_fire_vmloc_False_2019_2: Epoch 93, kl_loss 0.007903, dis_loss-2.343637
-------------0.167516-----------------2.985024--------------
------------Time consuming: 1.226239---Storaging: 13541376000.000000---------
---------------------93---------------------
Training 7Scenes_fire_vmloc_False_2019_2: Epoch 94, kl_loss 0.007903, dis_loss-2.339267
-------------0.169163-----------------2.985658--------------
------------Time consuming: 1.265403---Storaging: 13541376000.000000---------
---------------------94---------------------
Val 7Scenes_fire_vmloc_False_2019_2: Epoch 95, val_loss 0.288614
-------------0.169163-----------------2.985658--------------
Error in translation: median 0.37 m,  mean 0.42 m 
 Error in rotation: median 16.48 degrees, mean 20.72 degree
---------------------95---------------------
Training 7Scenes_fire_vmloc_False_2019_2: Epoch 95, kl_loss 0.007901, dis_loss-2.378383
-------------0.170814-----------------2.986339--------------
------------Time consuming: 1.208442---Storaging: 13541376000.000000---------
---------------------95---------------------
Training 7Scenes_fire_vmloc_False_2019_2: Epoch 96, kl_loss 0.007900, dis_loss-2.336400
-------------0.172453-----------------2.986973--------------
------------Time consuming: 1.312229---Storaging: 13541376000.000000---------
---------------------96---------------------
Training 7Scenes_fire_vmloc_False_2019_2: Epoch 97, kl_loss 0.007899, dis_loss-2.338343
-------------0.174097-----------------2.987627--------------
------------Time consuming: 1.191817---Storaging: 13541376000.000000---------
---------------------97---------------------
Training 7Scenes_fire_vmloc_False_2019_2: Epoch 98, kl_loss 0.007899, dis_loss-2.334659
-------------0.175743-----------------2.988240--------------
------------Time consuming: 1.299657---Storaging: 13541376000.000000---------
---------------------98---------------------
Training 7Scenes_fire_vmloc_False_2019_2: Epoch 99, kl_loss 0.007899, dis_loss-2.340184
-------------0.177379-----------------2.988906--------------
------------Time consuming: 1.197757---Storaging: 13541376000.000000---------
---------------------99---------------------
Val 7Scenes_fire_vmloc_False_2019_2: Epoch 100, val_loss 0.309577
-------------0.177379-----------------2.988906--------------
Error in translation: median 0.37 m,  mean 0.45 m 
 Error in rotation: median 18.89 degrees, mean 22.64 degree
---------------------100---------------------
Epoch 100 checkpoint saved for 7Scenes_fire_vmloc_False_2019_2
Training 7Scenes_fire_vmloc_False_2019_2: Epoch 100, kl_loss 0.007898, dis_loss-2.355482
-------------0.179018-----------------2.989591--------------
------------Time consuming: 1.275294---Storaging: 13541376000.000000---------
---------------------100---------------------
Epoch 100 checkpoint saved for 7Scenes_fire_vmloc_False_2019_2
Training 7Scenes_fire_vmloc_False_2019_2: Epoch 101, kl_loss 0.007898, dis_loss-2.330320
-------------0.180652-----------------2.990206--------------
------------Time consuming: 1.091637---Storaging: 13541376000.000000---------
---------------------101---------------------
Training 7Scenes_fire_vmloc_False_2019_2: Epoch 102, kl_loss 0.007896, dis_loss-2.338029
-------------0.182283-----------------2.990909--------------
------------Time consuming: 1.044438---Storaging: 13541376000.000000---------
---------------------102---------------------
Training 7Scenes_fire_vmloc_False_2019_2: Epoch 103, kl_loss 0.007895, dis_loss-2.396035
-------------0.183916-----------------2.991647--------------
------------Time consuming: 1.006519---Storaging: 13541376000.000000---------
---------------------103---------------------
Training 7Scenes_fire_vmloc_False_2019_2: Epoch 104, kl_loss 0.007895, dis_loss-2.261091
-------------0.185554-----------------2.992220--------------
------------Time consuming: 1.275282---Storaging: 13541376000.000000---------
---------------------104---------------------
Val 7Scenes_fire_vmloc_False_2019_2: Epoch 105, val_loss 0.284757
-------------0.185554-----------------2.992220--------------
Error in translation: median 0.37 m,  mean 0.42 m 
 Error in rotation: median 16.15 degrees, mean 20.65 degree
---------------------105---------------------
Training 7Scenes_fire_vmloc_False_2019_2: Epoch 105, kl_loss 0.007892, dis_loss-2.406573
-------------0.187189-----------------2.992913--------------
------------Time consuming: 1.269690---Storaging: 13541376000.000000---------
---------------------105---------------------
Training 7Scenes_fire_vmloc_False_2019_2: Epoch 106, kl_loss 0.007893, dis_loss-2.448084
-------------0.188825-----------------2.993784--------------
------------Time consuming: 1.194571---Storaging: 13541376000.000000---------
---------------------106---------------------
Training 7Scenes_fire_vmloc_False_2019_2: Epoch 107, kl_loss 0.007892, dis_loss-2.445353
-------------0.190456-----------------2.994644--------------
------------Time consuming: 1.271056---Storaging: 13541376000.000000---------
---------------------107---------------------
Training 7Scenes_fire_vmloc_False_2019_2: Epoch 108, kl_loss 0.007892, dis_loss-2.357822
-------------0.192089-----------------2.995335--------------
------------Time consuming: 1.191014---Storaging: 13541376000.000000---------
---------------------108---------------------
Training 7Scenes_fire_vmloc_False_2019_2: Epoch 109, kl_loss 0.007892, dis_loss-2.408186
-------------0.193722-----------------2.996126--------------
------------Time consuming: 1.287110---Storaging: 13541376000.000000---------
---------------------109---------------------
Val 7Scenes_fire_vmloc_False_2019_2: Epoch 110, val_loss 0.284437
-------------0.193722-----------------2.996126--------------
Error in translation: median 0.39 m,  mean 0.43 m 
 Error in rotation: median 14.66 degrees, mean 19.51 degree
---------------------110---------------------
Epoch 110 checkpoint saved for 7Scenes_fire_vmloc_False_2019_2
Training 7Scenes_fire_vmloc_False_2019_2: Epoch 110, kl_loss 0.007892, dis_loss-2.437752
-------------0.195350-----------------2.996958--------------
------------Time consuming: 1.280222---Storaging: 13541376000.000000---------
---------------------110---------------------
Epoch 110 checkpoint saved for 7Scenes_fire_vmloc_False_2019_2
Training 7Scenes_fire_vmloc_False_2019_2: Epoch 111, kl_loss 0.007890, dis_loss-2.463382
-------------0.196976-----------------2.997856--------------
------------Time consuming: 1.191690---Storaging: 13541376000.000000---------
---------------------111---------------------
Training 7Scenes_fire_vmloc_False_2019_2: Epoch 112, kl_loss 0.007890, dis_loss-2.433971
-------------0.198598-----------------2.998728--------------
------------Time consuming: 1.390411---Storaging: 13541376000.000000---------
---------------------112---------------------
Training 7Scenes_fire_vmloc_False_2019_2: Epoch 113, kl_loss 0.007890, dis_loss-2.471352
-------------0.200222-----------------2.999653--------------
------------Time consuming: 1.165559---Storaging: 13541376000.000000---------
---------------------113---------------------
Training 7Scenes_fire_vmloc_False_2019_2: Epoch 114, kl_loss 0.007888, dis_loss-2.445352
-------------0.201845-----------------3.000569--------------
------------Time consuming: 1.254984---Storaging: 13541376000.000000---------
---------------------114---------------------
Val 7Scenes_fire_vmloc_False_2019_2: Epoch 115, val_loss 0.289556
-------------0.201845-----------------3.000569--------------
Error in translation: median 0.37 m,  mean 0.42 m 
 Error in rotation: median 16.90 degrees, mean 21.22 degree
---------------------115---------------------
Training 7Scenes_fire_vmloc_False_2019_2: Epoch 115, kl_loss 0.007890, dis_loss-2.449678
-------------0.203466-----------------3.001492--------------
------------Time consuming: 1.117367---Storaging: 13541376000.000000---------
---------------------115---------------------
Training 7Scenes_fire_vmloc_False_2019_2: Epoch 116, kl_loss 0.007889, dis_loss-2.350000
-------------0.205083-----------------3.002208--------------
------------Time consuming: 1.033116---Storaging: 13541376000.000000---------
---------------------116---------------------
Training 7Scenes_fire_vmloc_False_2019_2: Epoch 117, kl_loss 0.007888, dis_loss-2.433918
-------------0.206705-----------------3.003056--------------
------------Time consuming: 1.020989---Storaging: 13541376000.000000---------
---------------------117---------------------
Training 7Scenes_fire_vmloc_False_2019_2: Epoch 118, kl_loss 0.007886, dis_loss-2.486808
-------------0.208324-----------------3.003992--------------
------------Time consuming: 0.951251---Storaging: 13541376000.000000---------
---------------------118---------------------
Training 7Scenes_fire_vmloc_False_2019_2: Epoch 119, kl_loss 0.007885, dis_loss-2.504861
-------------0.209943-----------------3.005023--------------
------------Time consuming: 1.260444---Storaging: 13541376000.000000---------
---------------------119---------------------
Val 7Scenes_fire_vmloc_False_2019_2: Epoch 120, val_loss 0.257238
-------------0.209943-----------------3.005023--------------
Error in translation: median 0.33 m,  mean 0.39 m 
 Error in rotation: median 13.01 degrees, mean 17.96 degree
---------------------120---------------------
Epoch 120 checkpoint saved for 7Scenes_fire_vmloc_False_2019_2
Training 7Scenes_fire_vmloc_False_2019_2: Epoch 120, kl_loss 0.007884, dis_loss-2.458670
-------------0.211565-----------------3.005968--------------
------------Time consuming: 1.278789---Storaging: 13541376000.000000---------
---------------------120---------------------
Epoch 120 checkpoint saved for 7Scenes_fire_vmloc_False_2019_2
Training 7Scenes_fire_vmloc_False_2019_2: Epoch 121, kl_loss 0.007884, dis_loss-2.465697
-------------0.213190-----------------3.006893--------------
------------Time consuming: 1.257313---Storaging: 13541376000.000000---------
---------------------121---------------------
Training 7Scenes_fire_vmloc_False_2019_2: Epoch 122, kl_loss 0.007883, dis_loss-2.511153
-------------0.214809-----------------3.007918--------------
------------Time consuming: 1.203336---Storaging: 13541376000.000000---------
---------------------122---------------------
Training 7Scenes_fire_vmloc_False_2019_2: Epoch 123, kl_loss 0.007884, dis_loss-2.471464
-------------0.216427-----------------3.008891--------------
------------Time consuming: 1.260272---Storaging: 13541376000.000000---------
---------------------123---------------------
Training 7Scenes_fire_vmloc_False_2019_2: Epoch 124, kl_loss 0.007882, dis_loss-2.474057
-------------0.218040-----------------3.009802--------------
------------Time consuming: 1.063492---Storaging: 13541376000.000000---------
---------------------124---------------------
Val 7Scenes_fire_vmloc_False_2019_2: Epoch 125, val_loss 0.275502
-------------0.218040-----------------3.009802--------------
Error in translation: median 0.36 m,  mean 0.40 m 
 Error in rotation: median 14.80 degrees, mean 19.74 degree
---------------------125---------------------
Training 7Scenes_fire_vmloc_False_2019_2: Epoch 125, kl_loss 0.007882, dis_loss-2.526136
-------------0.219657-----------------3.010869--------------
------------Time consuming: 1.248525---Storaging: 13541376000.000000---------
---------------------125---------------------
Training 7Scenes_fire_vmloc_False_2019_2: Epoch 126, kl_loss 0.007881, dis_loss-2.537999
-------------0.221277-----------------3.011945--------------
------------Time consuming: 1.325708---Storaging: 13541376000.000000---------
---------------------126---------------------
Training 7Scenes_fire_vmloc_False_2019_2: Epoch 127, kl_loss 0.007881, dis_loss-2.507729
-------------0.222885-----------------3.013030--------------
------------Time consuming: 1.184807---Storaging: 13541376000.000000---------
---------------------127---------------------
Training 7Scenes_fire_vmloc_False_2019_2: Epoch 128, kl_loss 0.007880, dis_loss-2.535143
-------------0.224497-----------------3.014074--------------
------------Time consuming: 1.301940---Storaging: 13541376000.000000---------
---------------------128---------------------
Training 7Scenes_fire_vmloc_False_2019_2: Epoch 129, kl_loss 0.007880, dis_loss-2.605000
-------------0.226108-----------------3.015310--------------
------------Time consuming: 1.192578---Storaging: 13541376000.000000---------
---------------------129---------------------
Val 7Scenes_fire_vmloc_False_2019_2: Epoch 130, val_loss 0.264507
-------------0.226108-----------------3.015310--------------
Error in translation: median 0.33 m,  mean 0.39 m 
 Error in rotation: median 15.00 degrees, mean 19.44 degree
---------------------130---------------------
Epoch 130 checkpoint saved for 7Scenes_fire_vmloc_False_2019_2
Training 7Scenes_fire_vmloc_False_2019_2: Epoch 130, kl_loss 0.007879, dis_loss-2.530463
-------------0.227719-----------------3.016467--------------
------------Time consuming: 1.033615---Storaging: 13541376000.000000---------
---------------------130---------------------
Epoch 130 checkpoint saved for 7Scenes_fire_vmloc_False_2019_2
Training 7Scenes_fire_vmloc_False_2019_2: Epoch 131, kl_loss 0.007878, dis_loss-2.517010
-------------0.229333-----------------3.017564--------------
------------Time consuming: 1.042498---Storaging: 13541376000.000000---------
---------------------131---------------------
Training 7Scenes_fire_vmloc_False_2019_2: Epoch 132, kl_loss 0.007878, dis_loss-2.569835
-------------0.230941-----------------3.018720--------------
------------Time consuming: 0.976193---Storaging: 13541376000.000000---------
---------------------132---------------------
Training 7Scenes_fire_vmloc_False_2019_2: Epoch 133, kl_loss 0.007878, dis_loss-2.533822
-------------0.232544-----------------3.019868--------------
------------Time consuming: 1.257908---Storaging: 13541376000.000000---------
---------------------133---------------------
Training 7Scenes_fire_vmloc_False_2019_2: Epoch 134, kl_loss 0.007877, dis_loss-2.592072
-------------0.234147-----------------3.021120--------------
------------Time consuming: 1.201678---Storaging: 13541376000.000000---------
---------------------134---------------------
Val 7Scenes_fire_vmloc_False_2019_2: Epoch 135, val_loss 0.278316
-------------0.234147-----------------3.021120--------------
Error in translation: median 0.34 m,  mean 0.40 m 
 Error in rotation: median 16.37 degrees, mean 20.91 degree
---------------------135---------------------
Training 7Scenes_fire_vmloc_False_2019_2: Epoch 135, kl_loss 0.007876, dis_loss-2.503253
-------------0.235754-----------------3.022176--------------
------------Time consuming: 1.094470---Storaging: 13541376000.000000---------
---------------------135---------------------
Training 7Scenes_fire_vmloc_False_2019_2: Epoch 136, kl_loss 0.007875, dis_loss-2.583835
-------------0.237363-----------------3.023353--------------
------------Time consuming: 1.283382---Storaging: 13541376000.000000---------
---------------------136---------------------
Training 7Scenes_fire_vmloc_False_2019_2: Epoch 137, kl_loss 0.007874, dis_loss-2.556150
-------------0.238974-----------------3.024537--------------
------------Time consuming: 1.193825---Storaging: 13541376000.000000---------
---------------------137---------------------
Training 7Scenes_fire_vmloc_False_2019_2: Epoch 138, kl_loss 0.007873, dis_loss-2.582866
-------------0.240584-----------------3.025723--------------
------------Time consuming: 1.258304---Storaging: 13541376000.000000---------
---------------------138---------------------
Training 7Scenes_fire_vmloc_False_2019_2: Epoch 139, kl_loss 0.007873, dis_loss-2.631390
-------------0.242191-----------------3.027046--------------
------------Time consuming: 1.108253---Storaging: 13541376000.000000---------
---------------------139---------------------
Val 7Scenes_fire_vmloc_False_2019_2: Epoch 140, val_loss 0.275281
-------------0.242191-----------------3.027046--------------
Error in translation: median 0.35 m,  mean 0.41 m 
 Error in rotation: median 14.68 degrees, mean 19.13 degree
---------------------140---------------------
Epoch 140 checkpoint saved for 7Scenes_fire_vmloc_False_2019_2
Training 7Scenes_fire_vmloc_False_2019_2: Epoch 140, kl_loss 0.007871, dis_loss-2.643432
-------------0.243798-----------------3.028405--------------
------------Time consuming: 1.303028---Storaging: 13541376000.000000---------
---------------------140---------------------
Epoch 140 checkpoint saved for 7Scenes_fire_vmloc_False_2019_2
Training 7Scenes_fire_vmloc_False_2019_2: Epoch 141, kl_loss 0.007871, dis_loss-2.586059
-------------0.245405-----------------3.029659--------------
------------Time consuming: 1.299053---Storaging: 13541376000.000000---------
---------------------141---------------------
Training 7Scenes_fire_vmloc_False_2019_2: Epoch 142, kl_loss 0.007870, dis_loss-2.596602
-------------0.247013-----------------3.030920--------------
------------Time consuming: 1.321755---Storaging: 13541376000.000000---------
---------------------142---------------------
Training 7Scenes_fire_vmloc_False_2019_2: Epoch 143, kl_loss 0.007870, dis_loss-2.564234
-------------0.248617-----------------3.032080--------------
------------Time consuming: 1.288974---Storaging: 13541376000.000000---------
---------------------143---------------------
Training 7Scenes_fire_vmloc_False_2019_2: Epoch 144, kl_loss 0.007870, dis_loss-2.599469
-------------0.250217-----------------3.033314--------------
------------Time consuming: 1.227089---Storaging: 13541376000.000000---------
---------------------144---------------------
Val 7Scenes_fire_vmloc_False_2019_2: Epoch 145, val_loss 0.259458
-------------0.250217-----------------3.033314--------------
Error in translation: median 0.33 m,  mean 0.39 m 
 Error in rotation: median 12.98 degrees, mean 18.02 degree
---------------------145---------------------
Training 7Scenes_fire_vmloc_False_2019_2: Epoch 145, kl_loss 0.007869, dis_loss-2.666925
-------------0.251817-----------------3.034725--------------
------------Time consuming: 1.022585---Storaging: 13541376000.000000---------
---------------------145---------------------
Training 7Scenes_fire_vmloc_False_2019_2: Epoch 146, kl_loss 0.007868, dis_loss-2.658647
-------------0.253422-----------------3.036152--------------
------------Time consuming: 1.025697---Storaging: 13541376000.000000---------
---------------------146---------------------
Training 7Scenes_fire_vmloc_False_2019_2: Epoch 147, kl_loss 0.007868, dis_loss-2.567902
-------------0.255028-----------------3.037403--------------
------------Time consuming: 1.003260---Storaging: 13541376000.000000---------
---------------------147---------------------
Training 7Scenes_fire_vmloc_False_2019_2: Epoch 148, kl_loss 0.007868, dis_loss-2.679812
-------------0.256625-----------------3.038767--------------
------------Time consuming: 1.280294---Storaging: 13541376000.000000---------
---------------------148---------------------
Training 7Scenes_fire_vmloc_False_2019_2: Epoch 149, kl_loss 0.007867, dis_loss-2.696697
-------------0.258230-----------------3.040206--------------
------------Time consuming: 1.189093---Storaging: 13541376000.000000---------
---------------------149---------------------
Val 7Scenes_fire_vmloc_False_2019_2: Epoch 150, val_loss 0.282217
-------------0.258230-----------------3.040206--------------
Error in translation: median 0.35 m,  mean 0.41 m 
 Error in rotation: median 15.75 degrees, mean 19.93 degree
---------------------150---------------------
Epoch 150 checkpoint saved for 7Scenes_fire_vmloc_False_2019_2
Training 7Scenes_fire_vmloc_False_2019_2: Epoch 150, kl_loss 0.007866, dis_loss-2.655491
-------------0.259831-----------------3.041603--------------
------------Time consuming: 1.229618---Storaging: 13541376000.000000---------
---------------------150---------------------
Epoch 150 checkpoint saved for 7Scenes_fire_vmloc_False_2019_2
Training 7Scenes_fire_vmloc_False_2019_2: Epoch 151, kl_loss 0.007867, dis_loss-2.663209
-------------0.261431-----------------3.042976--------------
------------Time consuming: 1.287419---Storaging: 13541376000.000000---------
---------------------151---------------------
Training 7Scenes_fire_vmloc_False_2019_2: Epoch 152, kl_loss 0.007866, dis_loss-2.695179
-------------0.263030-----------------3.044469--------------
------------Time consuming: 1.234323---Storaging: 13541376000.000000---------
---------------------152---------------------
Training 7Scenes_fire_vmloc_False_2019_2: Epoch 153, kl_loss 0.007865, dis_loss-2.697193
-------------0.264633-----------------3.045928--------------
------------Time consuming: 1.202113---Storaging: 13541376000.000000---------
---------------------153---------------------
Training 7Scenes_fire_vmloc_False_2019_2: Epoch 154, kl_loss 0.007866, dis_loss-2.682968
-------------0.266234-----------------3.047360--------------
------------Time consuming: 1.016112---Storaging: 13541376000.000000---------
---------------------154---------------------
Val 7Scenes_fire_vmloc_False_2019_2: Epoch 155, val_loss 0.254437
-------------0.266234-----------------3.047360--------------
Error in translation: median 0.32 m,  mean 0.37 m 
 Error in rotation: median 13.23 degrees, mean 18.25 degree
---------------------155---------------------
Training 7Scenes_fire_vmloc_False_2019_2: Epoch 155, kl_loss 0.007865, dis_loss-2.704143
-------------0.267836-----------------3.048806--------------
------------Time consuming: 1.199519---Storaging: 13541376000.000000---------
---------------------155---------------------
Training 7Scenes_fire_vmloc_False_2019_2: Epoch 156, kl_loss 0.007864, dis_loss-2.731305
-------------0.269437-----------------3.050330--------------
------------Time consuming: 1.251958---Storaging: 13541376000.000000---------
---------------------156---------------------
Training 7Scenes_fire_vmloc_False_2019_2: Epoch 157, kl_loss 0.007863, dis_loss-2.653176
-------------0.271038-----------------3.051735--------------
------------Time consuming: 1.183711---Storaging: 13541376000.000000---------
---------------------157---------------------
Training 7Scenes_fire_vmloc_False_2019_2: Epoch 158, kl_loss 0.007862, dis_loss-2.695800
-------------0.272637-----------------3.053122--------------
------------Time consuming: 1.268658---Storaging: 13541376000.000000---------
---------------------158---------------------
Training 7Scenes_fire_vmloc_False_2019_2: Epoch 159, kl_loss 0.007863, dis_loss-2.668304
-------------0.274233-----------------3.054566--------------
------------Time consuming: 1.219144---Storaging: 13541376000.000000---------
---------------------159---------------------
Val 7Scenes_fire_vmloc_False_2019_2: Epoch 160, val_loss 0.273767
-------------0.274233-----------------3.054566--------------
Error in translation: median 0.36 m,  mean 0.41 m 
 Error in rotation: median 14.01 degrees, mean 18.70 degree
---------------------160---------------------
Epoch 160 checkpoint saved for 7Scenes_fire_vmloc_False_2019_2
Training 7Scenes_fire_vmloc_False_2019_2: Epoch 160, kl_loss 0.007862, dis_loss-2.665458
-------------0.275826-----------------3.055947--------------
------------Time consuming: 1.057892---Storaging: 13541376000.000000---------
---------------------160---------------------
Epoch 160 checkpoint saved for 7Scenes_fire_vmloc_False_2019_2
Training 7Scenes_fire_vmloc_False_2019_2: Epoch 161, kl_loss 0.007865, dis_loss-2.492229
-------------0.277406-----------------3.057007--------------
------------Time consuming: 1.049857---Storaging: 13541376000.000000---------
---------------------161---------------------
Training 7Scenes_fire_vmloc_False_2019_2: Epoch 162, kl_loss 0.007864, dis_loss-2.625497
-------------0.278992-----------------3.058213--------------
------------Time consuming: 1.012126---Storaging: 13541376000.000000---------
---------------------162---------------------
Training 7Scenes_fire_vmloc_False_2019_2: Epoch 163, kl_loss 0.007863, dis_loss-2.523650
-------------0.280582-----------------3.059574--------------
------------Time consuming: 1.314681---Storaging: 13541376000.000000---------
---------------------163---------------------
Training 7Scenes_fire_vmloc_False_2019_2: Epoch 164, kl_loss 0.007862, dis_loss-2.588668
-------------0.282146-----------------3.060756--------------
------------Time consuming: 1.076474---Storaging: 13541376000.000000---------
---------------------164---------------------
Val 7Scenes_fire_vmloc_False_2019_2: Epoch 165, val_loss 0.289900
-------------0.282146-----------------3.060756--------------
Error in translation: median 0.38 m,  mean 0.42 m 
 Error in rotation: median 16.44 degrees, mean 20.78 degree
---------------------165---------------------
Training 7Scenes_fire_vmloc_False_2019_2: Epoch 165, kl_loss 0.007862, dis_loss-2.628263
-------------0.283730-----------------3.062054--------------
------------Time consuming: 1.215313---Storaging: 13541376000.000000---------
---------------------165---------------------
Training 7Scenes_fire_vmloc_False_2019_2: Epoch 166, kl_loss 0.007860, dis_loss-2.566206
-------------0.285313-----------------3.063274--------------
------------Time consuming: 1.273374---Storaging: 13541376000.000000---------
---------------------166---------------------
Training 7Scenes_fire_vmloc_False_2019_2: Epoch 167, kl_loss 0.007860, dis_loss-2.685649
-------------0.286895-----------------3.064631--------------
------------Time consuming: 1.252618---Storaging: 13541376000.000000---------
---------------------167---------------------
Training 7Scenes_fire_vmloc_False_2019_2: Epoch 168, kl_loss 0.007859, dis_loss-2.654330
-------------0.288480-----------------3.066068--------------
------------Time consuming: 1.187009---Storaging: 13541376000.000000---------
---------------------168---------------------
Training 7Scenes_fire_vmloc_False_2019_2: Epoch 169, kl_loss 0.007858, dis_loss-2.730542
-------------0.290068-----------------3.067538--------------
------------Time consuming: 1.030983---Storaging: 13541376000.000000---------
---------------------169---------------------
Val 7Scenes_fire_vmloc_False_2019_2: Epoch 170, val_loss 0.270937
-------------0.290068-----------------3.067538--------------
Error in translation: median 0.34 m,  mean 0.40 m 
 Error in rotation: median 15.11 degrees, mean 19.41 degree
---------------------170---------------------
Epoch 170 checkpoint saved for 7Scenes_fire_vmloc_False_2019_2
Training 7Scenes_fire_vmloc_False_2019_2: Epoch 170, kl_loss 0.007858, dis_loss-2.679606
-------------0.291661-----------------3.068964--------------
------------Time consuming: 1.188154---Storaging: 13541376000.000000---------
---------------------170---------------------
Epoch 170 checkpoint saved for 7Scenes_fire_vmloc_False_2019_2
Training 7Scenes_fire_vmloc_False_2019_2: Epoch 171, kl_loss 0.007858, dis_loss-2.640219
-------------0.293248-----------------3.070261--------------
------------Time consuming: 1.303798---Storaging: 13541376000.000000---------
---------------------171---------------------
Training 7Scenes_fire_vmloc_False_2019_2: Epoch 172, kl_loss 0.007857, dis_loss-2.738082
-------------0.294839-----------------3.071767--------------
------------Time consuming: 1.258065---Storaging: 13541376000.000000---------
---------------------172---------------------
Training 7Scenes_fire_vmloc_False_2019_2: Epoch 173, kl_loss 0.007857, dis_loss-2.658798
-------------0.296429-----------------3.073200--------------
------------Time consuming: 1.193624---Storaging: 13541376000.000000---------
---------------------173---------------------
Training 7Scenes_fire_vmloc_False_2019_2: Epoch 174, kl_loss 0.007855, dis_loss-2.730820
-------------0.298023-----------------3.074620--------------
------------Time consuming: 1.255479---Storaging: 13541376000.000000---------
---------------------174---------------------
Val 7Scenes_fire_vmloc_False_2019_2: Epoch 175, val_loss 0.264275
-------------0.298023-----------------3.074620--------------
Error in translation: median 0.32 m,  mean 0.39 m 
 Error in rotation: median 14.22 degrees, mean 18.99 degree
---------------------175---------------------
Training 7Scenes_fire_vmloc_False_2019_2: Epoch 175, kl_loss 0.007856, dis_loss-2.699738
-------------0.299613-----------------3.076050--------------
------------Time consuming: 1.046962---Storaging: 13541376000.000000---------
---------------------175---------------------
Training 7Scenes_fire_vmloc_False_2019_2: Epoch 176, kl_loss 0.007853, dis_loss-2.758009
-------------0.301206-----------------3.077568--------------
------------Time consuming: 1.008436---Storaging: 13541376000.000000---------
---------------------176---------------------
Training 7Scenes_fire_vmloc_False_2019_2: Epoch 177, kl_loss 0.007853, dis_loss-2.705970
-------------0.302796-----------------3.079016--------------
------------Time consuming: 0.924401---Storaging: 13541376000.000000---------
---------------------177---------------------
Training 7Scenes_fire_vmloc_False_2019_2: Epoch 178, kl_loss 0.007852, dis_loss-2.796186
-------------0.304390-----------------3.080601--------------
------------Time consuming: 1.264971---Storaging: 13541376000.000000---------
---------------------178---------------------
Training 7Scenes_fire_vmloc_False_2019_2: Epoch 179, kl_loss 0.007852, dis_loss-2.824450
-------------0.305986-----------------3.082313--------------
------------Time consuming: 1.023262---Storaging: 13541376000.000000---------
---------------------179---------------------
Val 7Scenes_fire_vmloc_False_2019_2: Epoch 180, val_loss 0.262186
-------------0.305986-----------------3.082313--------------
Error in translation: median 0.34 m,  mean 0.39 m 
 Error in rotation: median 13.32 degrees, mean 18.24 degree
---------------------180---------------------
Epoch 180 checkpoint saved for 7Scenes_fire_vmloc_False_2019_2
Training 7Scenes_fire_vmloc_False_2019_2: Epoch 180, kl_loss 0.007851, dis_loss-2.781393
-------------0.307580-----------------3.083912--------------
------------Time consuming: 1.191622---Storaging: 13541376000.000000---------
---------------------180---------------------
Epoch 180 checkpoint saved for 7Scenes_fire_vmloc_False_2019_2
Training 7Scenes_fire_vmloc_False_2019_2: Epoch 181, kl_loss 0.007850, dis_loss-2.813952
-------------0.309176-----------------3.085532--------------
------------Time consuming: 1.259816---Storaging: 13541376000.000000---------
---------------------181---------------------
Training 7Scenes_fire_vmloc_False_2019_2: Epoch 182, kl_loss 0.007850, dis_loss-2.817777
-------------0.310779-----------------3.087184--------------
------------Time consuming: 1.188704---Storaging: 13541376000.000000---------
---------------------182---------------------
Training 7Scenes_fire_vmloc_False_2019_2: Epoch 183, kl_loss 0.007849, dis_loss-2.808923
-------------0.312373-----------------3.088818--------------
------------Time consuming: 1.224978---Storaging: 13541376000.000000---------
---------------------183---------------------
Training 7Scenes_fire_vmloc_False_2019_2: Epoch 184, kl_loss 0.007849, dis_loss-2.827634
-------------0.313970-----------------3.090475--------------
------------Time consuming: 1.033082---Storaging: 13541376000.000000---------
---------------------184---------------------
Val 7Scenes_fire_vmloc_False_2019_2: Epoch 185, val_loss 0.260633
-------------0.313970-----------------3.090475--------------
Error in translation: median 0.33 m,  mean 0.38 m 
 Error in rotation: median 14.17 degrees, mean 19.11 degree
---------------------185---------------------
Training 7Scenes_fire_vmloc_False_2019_2: Epoch 185, kl_loss 0.007848, dis_loss-2.812667
-------------0.315566-----------------3.092052--------------
------------Time consuming: 1.185025---Storaging: 13541376000.000000---------
---------------------185---------------------
Training 7Scenes_fire_vmloc_False_2019_2: Epoch 186, kl_loss 0.007848, dis_loss-2.788719
-------------0.317161-----------------3.093650--------------
------------Time consuming: 1.251947---Storaging: 13541376000.000000---------
---------------------186---------------------
Training 7Scenes_fire_vmloc_False_2019_2: Epoch 187, kl_loss 0.007848, dis_loss-2.794519
-------------0.318756-----------------3.095132--------------
------------Time consuming: 1.189400---Storaging: 13541376000.000000---------
---------------------187---------------------
Training 7Scenes_fire_vmloc_False_2019_2: Epoch 188, kl_loss 0.007847, dis_loss-2.865878
-------------0.320354-----------------3.096840--------------
------------Time consuming: 1.262400---Storaging: 13541376000.000000---------
---------------------188---------------------
Training 7Scenes_fire_vmloc_False_2019_2: Epoch 189, kl_loss 0.007847, dis_loss-2.826259
-------------0.321948-----------------3.098494--------------
------------Time consuming: 1.177537---Storaging: 13541376000.000000---------
---------------------189---------------------
Val 7Scenes_fire_vmloc_False_2019_2: Epoch 190, val_loss 0.251499
-------------0.321948-----------------3.098494--------------
Error in translation: median 0.30 m,  mean 0.36 m 
 Error in rotation: median 14.18 degrees, mean 18.67 degree
---------------------190---------------------
Epoch 190 checkpoint saved for 7Scenes_fire_vmloc_False_2019_2
Training 7Scenes_fire_vmloc_False_2019_2: Epoch 190, kl_loss 0.007846, dis_loss-2.856562
-------------0.323540-----------------3.100174--------------
------------Time consuming: 1.091050---Storaging: 13541376000.000000---------
---------------------190---------------------
Epoch 190 checkpoint saved for 7Scenes_fire_vmloc_False_2019_2
Training 7Scenes_fire_vmloc_False_2019_2: Epoch 191, kl_loss 0.007846, dis_loss-2.852140
-------------0.325133-----------------3.101805--------------
------------Time consuming: 1.054763---Storaging: 13541376000.000000---------
---------------------191---------------------
Training 7Scenes_fire_vmloc_False_2019_2: Epoch 192, kl_loss 0.007845, dis_loss-2.848134
-------------0.326727-----------------3.103451--------------
------------Time consuming: 1.072693---Storaging: 13541376000.000000---------
---------------------192---------------------
Training 7Scenes_fire_vmloc_False_2019_2: Epoch 193, kl_loss 0.007845, dis_loss-2.780223
-------------0.328318-----------------3.104863--------------
------------Time consuming: 1.252269---Storaging: 13541376000.000000---------
---------------------193---------------------
Training 7Scenes_fire_vmloc_False_2019_2: Epoch 194, kl_loss 0.007844, dis_loss-2.877209
-------------0.329913-----------------3.106515--------------
------------Time consuming: 1.023066---Storaging: 13541376000.000000---------
---------------------194---------------------
Val 7Scenes_fire_vmloc_False_2019_2: Epoch 195, val_loss 0.259318
-------------0.329913-----------------3.106515--------------
Error in translation: median 0.32 m,  mean 0.38 m 
 Error in rotation: median 14.96 degrees, mean 19.40 degree
---------------------195---------------------
Training 7Scenes_fire_vmloc_False_2019_2: Epoch 195, kl_loss 0.007843, dis_loss-2.846142
-------------0.331498-----------------3.108142--------------
------------Time consuming: 1.234822---Storaging: 13541376000.000000---------
---------------------195---------------------
Training 7Scenes_fire_vmloc_False_2019_2: Epoch 196, kl_loss 0.007842, dis_loss-2.897365
-------------0.333087-----------------3.109836--------------
------------Time consuming: 1.206515---Storaging: 13541376000.000000---------
---------------------196---------------------
Training 7Scenes_fire_vmloc_False_2019_2: Epoch 197, kl_loss 0.007842, dis_loss-2.773449
-------------0.334676-----------------3.111298--------------
------------Time consuming: 1.255329---Storaging: 13541376000.000000---------
---------------------197---------------------
Training 7Scenes_fire_vmloc_False_2019_2: Epoch 198, kl_loss 0.007841, dis_loss-2.874333
-------------0.336268-----------------3.112856--------------
------------Time consuming: 1.153996---Storaging: 13541376000.000000---------
---------------------198---------------------
Val 7Scenes_fire_vmloc_False_2019_2: Epoch 199, val_loss 0.285560
-------------0.336268-----------------3.112856--------------
Error in translation: median 0.33 m,  mean 0.39 m 
 Error in rotation: median 19.70 degrees, mean 22.88 degree
---------------------199---------------------
Training 7Scenes_fire_vmloc_False_2019_2: Epoch 199, kl_loss 0.007840, dis_loss-2.774002
-------------0.337848-----------------3.114285--------------
------------Time consuming: 1.241837---Storaging: 13541376000.000000---------
---------------------199---------------------
