nohup: ignoring input
============= 1 0
Logging to /mnt/nas/kaichen/eng/LOC/vmloc_git/record/7Scenes_stairs_vmloc_False_2019_2/runs/log.txt
Not Using ColorJitter
c_nvmlMemory_t(total: 24146608128 B, free: 14484439040 B, used: 9662169088 B)
/home/kaichen/.conda/envs/rigid/lib/python3.8/site-packages/torch/nn/functional.py:1628: UserWarning: nn.functional.tanh is deprecated. Use torch.tanh instead.
  warnings.warn("nn.functional.tanh is deprecated. Use torch.tanh instead.")
Val 7Scenes_stairs_vmloc_False_2019_2: Epoch 0, val_loss 2.030890
------------0.000000-----------------3.000000--------------
Error in translation: median 2.79 m,  mean 2.73 m 
 Error in rotation: median 143.45 degrees, mean 133.82 degree
---------------------0---------------------
Epoch 0 checkpoint saved for 7Scenes_stairs_vmloc_False_2019_2
Training 7Scenes_stairs_vmloc_False_2019_2: Epoch 0, kl_loss 0.008889, dis_loss15.251351
------------0.000123-----------------2.998430--------------
------------Time consuming: 1.295215---Storaging: 6766854144.000000---------
---------------------0---------------------
Epoch 0 checkpoint saved for 7Scenes_stairs_vmloc_False_2019_2
Training 7Scenes_stairs_vmloc_False_2019_2: Epoch 1, kl_loss 0.008861, dis_loss13.889141
-------------0.001444-----------------2.996931--------------
------------Time consuming: 1.287672---Storaging: 6767509504.000000---------
---------------------1---------------------
Training 7Scenes_stairs_vmloc_False_2019_2: Epoch 2, kl_loss 0.008811, dis_loss13.179484
-------------0.003149-----------------2.995455--------------
------------Time consuming: 1.226827---Storaging: 6767509504.000000---------
---------------------2---------------------
Training 7Scenes_stairs_vmloc_False_2019_2: Epoch 3, kl_loss 0.008749, dis_loss12.229100
-------------0.005042-----------------2.994030--------------
------------Time consuming: 1.209797---Storaging: 6767509504.000000---------
---------------------3---------------------
Training 7Scenes_stairs_vmloc_False_2019_2: Epoch 4, kl_loss 0.008679, dis_loss11.078491
-------------0.007029-----------------2.992666--------------
------------Time consuming: 1.009334---Storaging: 6767509504.000000---------
---------------------4---------------------
Val 7Scenes_stairs_vmloc_False_2019_2: Epoch 5, val_loss 0.706330
-------------0.007029-----------------2.992666--------------
Error in translation: median 0.80 m,  mean 0.84 m 
 Error in rotation: median 64.74 degrees, mean 65.50 degree
---------------------5---------------------
Training 7Scenes_stairs_vmloc_False_2019_2: Epoch 5, kl_loss 0.008588, dis_loss9.922999
-------------0.009085-----------------2.991391--------------
------------Time consuming: 0.944820---Storaging: 6767509504.000000---------
---------------------5---------------------
Training 7Scenes_stairs_vmloc_False_2019_2: Epoch 6, kl_loss 0.008467, dis_loss8.258792
-------------0.011242-----------------2.990234--------------
------------Time consuming: 1.248829---Storaging: 6767509504.000000---------
---------------------6---------------------
Training 7Scenes_stairs_vmloc_False_2019_2: Epoch 7, kl_loss 0.008365, dis_loss6.706222
-------------0.013509-----------------2.989196--------------
------------Time consuming: 1.031483---Storaging: 6767509504.000000---------
---------------------7---------------------
Training 7Scenes_stairs_vmloc_False_2019_2: Epoch 8, kl_loss 0.008302, dis_loss4.641340
-------------0.015861-----------------2.988349--------------
------------Time consuming: 1.236436---Storaging: 6767509504.000000---------
---------------------8---------------------
Training 7Scenes_stairs_vmloc_False_2019_2: Epoch 9, kl_loss 0.008251, dis_loss3.199053
-------------0.018215-----------------2.987671--------------
------------Time consuming: 1.178610---Storaging: 6767509504.000000---------
---------------------9---------------------
Val 7Scenes_stairs_vmloc_False_2019_2: Epoch 10, val_loss 0.429674
-------------0.018215-----------------2.987671--------------
Error in translation: median 0.54 m,  mean 0.67 m 
 Error in rotation: median 19.65 degrees, mean 23.80 degree
---------------------10---------------------
Epoch 10 checkpoint saved for 7Scenes_stairs_vmloc_False_2019_2
Training 7Scenes_stairs_vmloc_False_2019_2: Epoch 10, kl_loss 0.008216, dis_loss2.572970
-------------0.020514-----------------2.987061--------------
------------Time consuming: 1.263560---Storaging: 6767509504.000000---------
---------------------10---------------------
Epoch 10 checkpoint saved for 7Scenes_stairs_vmloc_False_2019_2
Training 7Scenes_stairs_vmloc_False_2019_2: Epoch 11, kl_loss 0.008199, dis_loss1.877682
-------------0.022771-----------------2.986520--------------
------------Time consuming: 1.281413---Storaging: 6767509504.000000---------
---------------------11---------------------
Training 7Scenes_stairs_vmloc_False_2019_2: Epoch 12, kl_loss 0.008148, dis_loss1.187701
-------------0.024975-----------------2.986055--------------
------------Time consuming: 1.178616---Storaging: 6767509504.000000---------
---------------------12---------------------
Training 7Scenes_stairs_vmloc_False_2019_2: Epoch 13, kl_loss 0.008164, dis_loss0.874429
-------------0.027120-----------------2.985625--------------
------------Time consuming: 1.018217---Storaging: 6767509504.000000---------
---------------------13---------------------
Training 7Scenes_stairs_vmloc_False_2019_2: Epoch 14, kl_loss 0.008140, dis_loss0.560369
-------------0.029217-----------------2.985229--------------
------------Time consuming: 1.008117---Storaging: 6767509504.000000---------
---------------------14---------------------
Val 7Scenes_stairs_vmloc_False_2019_2: Epoch 15, val_loss 0.418367
-------------0.029217-----------------2.985229--------------
Error in translation: median 0.51 m,  mean 0.67 m 
 Error in rotation: median 16.99 degrees, mean 23.78 degree
---------------------15---------------------
Training 7Scenes_stairs_vmloc_False_2019_2: Epoch 15, kl_loss 0.008103, dis_loss0.165378
-------------0.031292-----------------2.984888--------------
------------Time consuming: 1.246306---Storaging: 6767509504.000000---------
---------------------15---------------------
Training 7Scenes_stairs_vmloc_False_2019_2: Epoch 16, kl_loss 0.008100, dis_loss-0.020712
-------------0.033322-----------------2.984576--------------
------------Time consuming: 1.236185---Storaging: 6767509504.000000---------
---------------------16---------------------
Training 7Scenes_stairs_vmloc_False_2019_2: Epoch 17, kl_loss 0.008069, dis_loss-0.339901
-------------0.035330-----------------2.984310--------------
------------Time consuming: 1.178924---Storaging: 6767509504.000000---------
---------------------17---------------------
Training 7Scenes_stairs_vmloc_False_2019_2: Epoch 18, kl_loss 0.008086, dis_loss-0.541581
-------------0.037317-----------------2.984082--------------
------------Time consuming: 1.235110---Storaging: 6767509504.000000---------
---------------------18---------------------
Training 7Scenes_stairs_vmloc_False_2019_2: Epoch 19, kl_loss 0.008071, dis_loss-0.560530
-------------0.039274-----------------2.983859--------------
------------Time consuming: 1.162099---Storaging: 6767509504.000000---------
---------------------19---------------------
Val 7Scenes_stairs_vmloc_False_2019_2: Epoch 20, val_loss 0.504163
-------------0.039274-----------------2.983859--------------
Error in translation: median 0.55 m,  mean 0.71 m 
 Error in rotation: median 17.15 degrees, mean 35.17 degree
---------------------20---------------------
Epoch 20 checkpoint saved for 7Scenes_stairs_vmloc_False_2019_2
Training 7Scenes_stairs_vmloc_False_2019_2: Epoch 20, kl_loss 0.008061, dis_loss-0.767038
-------------0.041204-----------------2.983671--------------
------------Time consuming: 1.282702---Storaging: 6767509504.000000---------
---------------------20---------------------
Epoch 20 checkpoint saved for 7Scenes_stairs_vmloc_False_2019_2
Training 7Scenes_stairs_vmloc_False_2019_2: Epoch 21, kl_loss 0.008059, dis_loss-0.861996
-------------0.043119-----------------2.983508--------------
------------Time consuming: 1.025768---Storaging: 6767509504.000000---------
---------------------21---------------------
Training 7Scenes_stairs_vmloc_False_2019_2: Epoch 22, kl_loss 0.008023, dis_loss-0.916197
-------------0.045026-----------------2.983345--------------
------------Time consuming: 0.998689---Storaging: 6767509504.000000---------
---------------------22---------------------
Training 7Scenes_stairs_vmloc_False_2019_2: Epoch 23, kl_loss 0.008031, dis_loss-1.008882
-------------0.046913-----------------2.983204--------------
------------Time consuming: 0.993204---Storaging: 6767509504.000000---------
---------------------23---------------------
Training 7Scenes_stairs_vmloc_False_2019_2: Epoch 24, kl_loss 0.007987, dis_loss-1.017842
-------------0.048789-----------------2.983046--------------
------------Time consuming: 1.025196---Storaging: 6767509504.000000---------
---------------------24---------------------
Val 7Scenes_stairs_vmloc_False_2019_2: Epoch 25, val_loss 0.400799
-------------0.048789-----------------2.983046--------------
Error in translation: median 0.51 m,  mean 0.67 m 
 Error in rotation: median 18.30 degrees, mean 19.74 degree
---------------------25---------------------
Training 7Scenes_stairs_vmloc_False_2019_2: Epoch 25, kl_loss 0.007985, dis_loss-1.171468
-------------0.050658-----------------2.982925--------------
------------Time consuming: 1.228382---Storaging: 6767509504.000000---------
---------------------25---------------------
Training 7Scenes_stairs_vmloc_False_2019_2: Epoch 26, kl_loss 0.007974, dis_loss-1.180890
-------------0.052506-----------------2.982816--------------
------------Time consuming: 1.188721---Storaging: 6767509504.000000---------
---------------------26---------------------
Training 7Scenes_stairs_vmloc_False_2019_2: Epoch 27, kl_loss 0.007959, dis_loss-1.448656
-------------0.054354-----------------2.982750--------------
------------Time consuming: 1.348120---Storaging: 6767509504.000000---------
---------------------27---------------------
Training 7Scenes_stairs_vmloc_False_2019_2: Epoch 28, kl_loss 0.007958, dis_loss-1.471425
-------------0.056196-----------------2.982717--------------
------------Time consuming: 1.177242---Storaging: 6767509504.000000---------
---------------------28---------------------
Training 7Scenes_stairs_vmloc_False_2019_2: Epoch 29, kl_loss 0.007956, dis_loss-1.508556
-------------0.058026-----------------2.982684--------------
------------Time consuming: 1.245731---Storaging: 6767509504.000000---------
---------------------29---------------------
Val 7Scenes_stairs_vmloc_False_2019_2: Epoch 30, val_loss 0.392104
-------------0.058026-----------------2.982684--------------
Error in translation: median 0.46 m,  mean 0.65 m 
 Error in rotation: median 17.15 degrees, mean 20.46 degree
---------------------30---------------------
Epoch 30 checkpoint saved for 7Scenes_stairs_vmloc_False_2019_2
Training 7Scenes_stairs_vmloc_False_2019_2: Epoch 30, kl_loss 0.007955, dis_loss-1.528390
-------------0.059849-----------------2.982659--------------
------------Time consuming: 1.013361---Storaging: 6767509504.000000---------
---------------------30---------------------
Epoch 30 checkpoint saved for 7Scenes_stairs_vmloc_False_2019_2
Training 7Scenes_stairs_vmloc_False_2019_2: Epoch 31, kl_loss 0.007953, dis_loss-1.633126
-------------0.061673-----------------2.982652--------------
------------Time consuming: 1.032615---Storaging: 6767509504.000000---------
---------------------31---------------------
Training 7Scenes_stairs_vmloc_False_2019_2: Epoch 32, kl_loss 0.007952, dis_loss-1.701440
-------------0.063492-----------------2.982691--------------
------------Time consuming: 0.988431---Storaging: 6767509504.000000---------
---------------------32---------------------
Training 7Scenes_stairs_vmloc_False_2019_2: Epoch 33, kl_loss 0.007953, dis_loss-1.668641
-------------0.065285-----------------2.982716--------------
------------Time consuming: 1.230189---Storaging: 6767509504.000000---------
---------------------33---------------------
Training 7Scenes_stairs_vmloc_False_2019_2: Epoch 34, kl_loss 0.007952, dis_loss-1.714400
-------------0.067080-----------------2.982751--------------
------------Time consuming: 1.198472---Storaging: 6767509504.000000---------
---------------------34---------------------
Val 7Scenes_stairs_vmloc_False_2019_2: Epoch 35, val_loss 0.360835
-------------0.067080-----------------2.982751--------------
Error in translation: median 0.44 m,  mean 0.61 m 
 Error in rotation: median 14.92 degrees, mean 17.27 degree
---------------------35---------------------
Training 7Scenes_stairs_vmloc_False_2019_2: Epoch 35, kl_loss 0.007952, dis_loss-1.671547
-------------0.068865-----------------2.982780--------------
------------Time consuming: 1.259076---Storaging: 6767509504.000000---------
---------------------35---------------------
Training 7Scenes_stairs_vmloc_False_2019_2: Epoch 36, kl_loss 0.007950, dis_loss-1.761094
-------------0.070653-----------------2.982831--------------
------------Time consuming: 1.186811---Storaging: 6767509504.000000---------
---------------------36---------------------
Training 7Scenes_stairs_vmloc_False_2019_2: Epoch 37, kl_loss 0.007948, dis_loss-1.809042
-------------0.072437-----------------2.982904--------------
------------Time consuming: 1.258950---Storaging: 6767509504.000000---------
---------------------37---------------------
Training 7Scenes_stairs_vmloc_False_2019_2: Epoch 38, kl_loss 0.007948, dis_loss-1.754278
-------------0.074214-----------------2.982976--------------
------------Time consuming: 1.172137---Storaging: 6767509504.000000---------
---------------------38---------------------
Training 7Scenes_stairs_vmloc_False_2019_2: Epoch 39, kl_loss 0.007946, dis_loss-1.816754
-------------0.075992-----------------2.983042--------------
------------Time consuming: 1.243233---Storaging: 6767509504.000000---------
---------------------39---------------------
Val 7Scenes_stairs_vmloc_False_2019_2: Epoch 40, val_loss 0.363949
-------------0.075992-----------------2.983042--------------
Error in translation: median 0.44 m,  mean 0.58 m 
 Error in rotation: median 12.76 degrees, mean 20.70 degree
---------------------40---------------------
Epoch 40 checkpoint saved for 7Scenes_stairs_vmloc_False_2019_2
Training 7Scenes_stairs_vmloc_False_2019_2: Epoch 40, kl_loss 0.007947, dis_loss-1.890095
-------------0.077773-----------------2.983157--------------
------------Time consuming: 1.032072---Storaging: 6767509504.000000---------
---------------------40---------------------
Epoch 40 checkpoint saved for 7Scenes_stairs_vmloc_False_2019_2
Training 7Scenes_stairs_vmloc_False_2019_2: Epoch 41, kl_loss 0.007947, dis_loss-1.872880
-------------0.079544-----------------2.983277--------------
------------Time consuming: 0.966859---Storaging: 6767509504.000000---------
---------------------41---------------------
Training 7Scenes_stairs_vmloc_False_2019_2: Epoch 42, kl_loss 0.007945, dis_loss-1.918918
-------------0.081303-----------------2.983397--------------
------------Time consuming: 1.252018---Storaging: 6767509504.000000---------
---------------------42---------------------
Training 7Scenes_stairs_vmloc_False_2019_2: Epoch 43, kl_loss 0.007945, dis_loss-1.948151
-------------0.083069-----------------2.983546--------------
------------Time consuming: 1.007424---Storaging: 6767509504.000000---------
---------------------43---------------------
Training 7Scenes_stairs_vmloc_False_2019_2: Epoch 44, kl_loss 0.007945, dis_loss-1.972672
-------------0.084828-----------------2.983703--------------
------------Time consuming: 1.239399---Storaging: 6767509504.000000---------
---------------------44---------------------
Val 7Scenes_stairs_vmloc_False_2019_2: Epoch 45, val_loss 0.338715
-------------0.084828-----------------2.983703--------------
Error in translation: median 0.42 m,  mean 0.56 m 
 Error in rotation: median 13.09 degrees, mean 17.45 degree
---------------------45---------------------
Training 7Scenes_stairs_vmloc_False_2019_2: Epoch 45, kl_loss 0.007944, dis_loss-2.012460
-------------0.086589-----------------2.983886--------------
------------Time consuming: 1.145931---Storaging: 6767509504.000000---------
---------------------45---------------------
Training 7Scenes_stairs_vmloc_False_2019_2: Epoch 46, kl_loss 0.007945, dis_loss-1.823900
-------------0.088342-----------------2.983978--------------
------------Time consuming: 1.247189---Storaging: 6767509504.000000---------
---------------------46---------------------
Training 7Scenes_stairs_vmloc_False_2019_2: Epoch 47, kl_loss 0.007944, dis_loss-1.868563
-------------0.090103-----------------2.984057--------------
------------Time consuming: 1.187451---Storaging: 6767509504.000000---------
---------------------47---------------------
Training 7Scenes_stairs_vmloc_False_2019_2: Epoch 48, kl_loss 0.007941, dis_loss-1.980867
-------------0.091861-----------------2.984204--------------
------------Time consuming: 1.252455---Storaging: 6767509504.000000---------
---------------------48---------------------
Training 7Scenes_stairs_vmloc_False_2019_2: Epoch 49, kl_loss 0.007941, dis_loss-1.959463
-------------0.093634-----------------2.984356--------------
------------Time consuming: 1.055456---Storaging: 6767509504.000000---------
---------------------49---------------------
Val 7Scenes_stairs_vmloc_False_2019_2: Epoch 50, val_loss 0.319026
-------------0.093634-----------------2.984356--------------
Error in translation: median 0.40 m,  mean 0.52 m 
 Error in rotation: median 15.48 degrees, mean 16.95 degree
---------------------50---------------------
Epoch 50 checkpoint saved for 7Scenes_stairs_vmloc_False_2019_2
Training 7Scenes_stairs_vmloc_False_2019_2: Epoch 50, kl_loss 0.007940, dis_loss-2.001011
-------------0.095406-----------------2.984503--------------
------------Time consuming: 1.081089---Storaging: 6767509504.000000---------
---------------------50---------------------
Epoch 50 checkpoint saved for 7Scenes_stairs_vmloc_False_2019_2
Training 7Scenes_stairs_vmloc_False_2019_2: Epoch 51, kl_loss 0.007939, dis_loss-2.087087
-------------0.097176-----------------2.984720--------------
------------Time consuming: 1.258041---Storaging: 6767509504.000000---------
---------------------51---------------------
Training 7Scenes_stairs_vmloc_False_2019_2: Epoch 52, kl_loss 0.007940, dis_loss-2.081884
-------------0.098945-----------------2.984948--------------
------------Time consuming: 1.198895---Storaging: 6767509504.000000---------
---------------------52---------------------
Training 7Scenes_stairs_vmloc_False_2019_2: Epoch 53, kl_loss 0.007939, dis_loss-1.970897
-------------0.100699-----------------2.985132--------------
------------Time consuming: 1.191145---Storaging: 6767509504.000000---------
---------------------53---------------------
Training 7Scenes_stairs_vmloc_False_2019_2: Epoch 54, kl_loss 0.007941, dis_loss-2.064229
-------------0.102464-----------------2.985322--------------
------------Time consuming: 1.248517---Storaging: 6767509504.000000---------
---------------------54---------------------
Val 7Scenes_stairs_vmloc_False_2019_2: Epoch 55, val_loss 0.325889
-------------0.102464-----------------2.985322--------------
Error in translation: median 0.40 m,  mean 0.50 m 
 Error in rotation: median 11.59 degrees, mean 20.26 degree
---------------------55---------------------
Training 7Scenes_stairs_vmloc_False_2019_2: Epoch 55, kl_loss 0.007937, dis_loss-2.082058
-------------0.104227-----------------2.985549--------------
------------Time consuming: 1.224604---Storaging: 6767509504.000000---------
---------------------55---------------------
Training 7Scenes_stairs_vmloc_False_2019_2: Epoch 56, kl_loss 0.007938, dis_loss-2.049477
-------------0.105984-----------------2.985752--------------
------------Time consuming: 1.254235---Storaging: 6767509504.000000---------
---------------------56---------------------
Training 7Scenes_stairs_vmloc_False_2019_2: Epoch 57, kl_loss 0.007938, dis_loss-2.118773
-------------0.107737-----------------2.986003--------------
------------Time consuming: 1.167869---Storaging: 6767509504.000000---------
---------------------57---------------------
Training 7Scenes_stairs_vmloc_False_2019_2: Epoch 58, kl_loss 0.007937, dis_loss-2.116283
-------------0.109490-----------------2.986264--------------
------------Time consuming: 1.020610---Storaging: 6767509504.000000---------
---------------------58---------------------
Training 7Scenes_stairs_vmloc_False_2019_2: Epoch 59, kl_loss 0.007937, dis_loss-2.146120
-------------0.111241-----------------2.986531--------------
------------Time consuming: 1.014048---Storaging: 6767509504.000000---------
---------------------59---------------------
Val 7Scenes_stairs_vmloc_False_2019_2: Epoch 60, val_loss 0.308947
-------------0.111241-----------------2.986531--------------
Error in translation: median 0.40 m,  mean 0.50 m 
 Error in rotation: median 11.22 degrees, mean 17.65 degree
---------------------60---------------------
Epoch 60 checkpoint saved for 7Scenes_stairs_vmloc_False_2019_2
Training 7Scenes_stairs_vmloc_False_2019_2: Epoch 60, kl_loss 0.007936, dis_loss-2.216213
-------------0.112996-----------------2.986861--------------
------------Time consuming: 1.253015---Storaging: 6767509504.000000---------
---------------------60---------------------
Epoch 60 checkpoint saved for 7Scenes_stairs_vmloc_False_2019_2
Training 7Scenes_stairs_vmloc_False_2019_2: Epoch 61, kl_loss 0.007935, dis_loss-2.175434
-------------0.114749-----------------2.987165--------------
------------Time consuming: 1.243705---Storaging: 6767509504.000000---------
---------------------61---------------------
Training 7Scenes_stairs_vmloc_False_2019_2: Epoch 62, kl_loss 0.007934, dis_loss-2.204972
-------------0.116487-----------------2.987517--------------
------------Time consuming: 1.172796---Storaging: 6767509504.000000---------
---------------------62---------------------
Training 7Scenes_stairs_vmloc_False_2019_2: Epoch 63, kl_loss 0.007935, dis_loss-2.213131
-------------0.118217-----------------2.987861--------------
------------Time consuming: 1.244642---Storaging: 6767509504.000000---------
---------------------63---------------------
Training 7Scenes_stairs_vmloc_False_2019_2: Epoch 64, kl_loss 0.007934, dis_loss-2.201467
-------------0.119952-----------------2.988202--------------
------------Time consuming: 1.153480---Storaging: 6767509504.000000---------
---------------------64---------------------
Val 7Scenes_stairs_vmloc_False_2019_2: Epoch 65, val_loss 0.309932
-------------0.119952-----------------2.988202--------------
Error in translation: median 0.41 m,  mean 0.47 m 
 Error in rotation: median 12.55 degrees, mean 18.54 degree
---------------------65---------------------
Training 7Scenes_stairs_vmloc_False_2019_2: Epoch 65, kl_loss 0.007934, dis_loss-2.193656
-------------0.121682-----------------2.988519--------------
------------Time consuming: 1.249280---Storaging: 6767509504.000000---------
---------------------65---------------------
Training 7Scenes_stairs_vmloc_False_2019_2: Epoch 66, kl_loss 0.007933, dis_loss-2.260037
-------------0.123415-----------------2.988891--------------
------------Time consuming: 1.164989---Storaging: 6767509504.000000---------
---------------------66---------------------
Training 7Scenes_stairs_vmloc_False_2019_2: Epoch 67, kl_loss 0.007932, dis_loss-2.245425
-------------0.125144-----------------2.989255--------------
------------Time consuming: 1.087583---Storaging: 6767509504.000000---------
---------------------67---------------------
Training 7Scenes_stairs_vmloc_False_2019_2: Epoch 68, kl_loss 0.007932, dis_loss-2.254979
-------------0.126873-----------------2.989645--------------
------------Time consuming: 1.014320---Storaging: 6767509504.000000---------
---------------------68---------------------
Training 7Scenes_stairs_vmloc_False_2019_2: Epoch 69, kl_loss 0.007932, dis_loss-2.261935
-------------0.128600-----------------2.990017--------------
------------Time consuming: 1.031525---Storaging: 6767509504.000000---------
---------------------69---------------------
Val 7Scenes_stairs_vmloc_False_2019_2: Epoch 70, val_loss 0.278475
-------------0.128600-----------------2.990017--------------
Error in translation: median 0.38 m,  mean 0.45 m 
 Error in rotation: median 12.55 degrees, mean 14.34 degree
---------------------70---------------------
Epoch 70 checkpoint saved for 7Scenes_stairs_vmloc_False_2019_2
Training 7Scenes_stairs_vmloc_False_2019_2: Epoch 70, kl_loss 0.007932, dis_loss-2.291737
-------------0.130320-----------------2.990429--------------
------------Time consuming: 1.263015---Storaging: 6767509504.000000---------
---------------------70---------------------
Epoch 70 checkpoint saved for 7Scenes_stairs_vmloc_False_2019_2
Training 7Scenes_stairs_vmloc_False_2019_2: Epoch 71, kl_loss 0.007931, dis_loss-2.300813
-------------0.132035-----------------2.990868--------------
------------Time consuming: 1.186284---Storaging: 6767509504.000000---------
---------------------71---------------------
Training 7Scenes_stairs_vmloc_False_2019_2: Epoch 72, kl_loss 0.007931, dis_loss-2.236928
-------------0.133749-----------------2.991272--------------
------------Time consuming: 1.255894---Storaging: 6767509504.000000---------
---------------------72---------------------
Training 7Scenes_stairs_vmloc_False_2019_2: Epoch 73, kl_loss 0.007931, dis_loss-2.285222
-------------0.135456-----------------2.991705--------------
------------Time consuming: 1.182016---Storaging: 6767509504.000000---------
---------------------73---------------------
Training 7Scenes_stairs_vmloc_False_2019_2: Epoch 74, kl_loss 0.007929, dis_loss-2.316654
-------------0.137164-----------------2.992156--------------
------------Time consuming: 1.240916---Storaging: 6767509504.000000---------
---------------------74---------------------
Val 7Scenes_stairs_vmloc_False_2019_2: Epoch 75, val_loss 0.345262
-------------0.137164-----------------2.992156--------------
Error in translation: median 0.40 m,  mean 0.51 m 
 Error in rotation: median 13.05 degrees, mean 24.01 degree
---------------------75---------------------
Training 7Scenes_stairs_vmloc_False_2019_2: Epoch 75, kl_loss 0.007929, dis_loss-2.344403
-------------0.138870-----------------2.992634--------------
------------Time consuming: 1.040602---Storaging: 6767509504.000000---------
---------------------75---------------------
Training 7Scenes_stairs_vmloc_False_2019_2: Epoch 76, kl_loss 0.007929, dis_loss-2.324836
-------------0.140569-----------------2.993137--------------
------------Time consuming: 1.014633---Storaging: 6767509504.000000---------
---------------------76---------------------
Training 7Scenes_stairs_vmloc_False_2019_2: Epoch 77, kl_loss 0.007929, dis_loss-2.338677
-------------0.142269-----------------2.993625--------------
------------Time consuming: 1.008995---Storaging: 6767509504.000000---------
---------------------77---------------------
Training 7Scenes_stairs_vmloc_False_2019_2: Epoch 78, kl_loss 0.007928, dis_loss-2.387431
-------------0.143959-----------------2.994175--------------
------------Time consuming: 0.995939---Storaging: 6767509504.000000---------
---------------------78---------------------
Training 7Scenes_stairs_vmloc_False_2019_2: Epoch 79, kl_loss 0.007928, dis_loss-2.368757
-------------0.145652-----------------2.994725--------------
------------Time consuming: 1.261259---Storaging: 6767509504.000000---------
---------------------79---------------------
Val 7Scenes_stairs_vmloc_False_2019_2: Epoch 80, val_loss 0.282682
-------------0.145652-----------------2.994725--------------
Error in translation: median 0.37 m,  mean 0.44 m 
 Error in rotation: median 13.22 degrees, mean 16.54 degree
---------------------80---------------------
Epoch 80 checkpoint saved for 7Scenes_stairs_vmloc_False_2019_2
Training 7Scenes_stairs_vmloc_False_2019_2: Epoch 80, kl_loss 0.007927, dis_loss-2.409118
-------------0.147343-----------------2.995304--------------
------------Time consuming: 1.235118---Storaging: 6767509504.000000---------
---------------------80---------------------
Epoch 80 checkpoint saved for 7Scenes_stairs_vmloc_False_2019_2
Training 7Scenes_stairs_vmloc_False_2019_2: Epoch 81, kl_loss 0.007927, dis_loss-2.378993
-------------0.149033-----------------2.995883--------------
------------Time consuming: 1.222360---Storaging: 6767509504.000000---------
---------------------81---------------------
Training 7Scenes_stairs_vmloc_False_2019_2: Epoch 82, kl_loss 0.007928, dis_loss-2.392925
-------------0.150713-----------------2.996470--------------
------------Time consuming: 1.245400---Storaging: 6767509504.000000---------
---------------------82---------------------
Training 7Scenes_stairs_vmloc_False_2019_2: Epoch 83, kl_loss 0.007927, dis_loss-2.387547
-------------0.152399-----------------2.997047--------------
------------Time consuming: 1.175131---Storaging: 6767509504.000000---------
---------------------83---------------------
Training 7Scenes_stairs_vmloc_False_2019_2: Epoch 84, kl_loss 0.007926, dis_loss-2.387264
-------------0.154077-----------------2.997635--------------
------------Time consuming: 1.245006---Storaging: 6767509504.000000---------
---------------------84---------------------
Val 7Scenes_stairs_vmloc_False_2019_2: Epoch 85, val_loss 0.289911
-------------0.154077-----------------2.997635--------------
Error in translation: median 0.38 m,  mean 0.43 m 
 Error in rotation: median 12.69 degrees, mean 18.74 degree
---------------------85---------------------
Training 7Scenes_stairs_vmloc_False_2019_2: Epoch 85, kl_loss 0.007926, dis_loss-2.460312
-------------0.155765-----------------2.998279--------------
------------Time consuming: 0.998369---Storaging: 6767509504.000000---------
---------------------85---------------------
Training 7Scenes_stairs_vmloc_False_2019_2: Epoch 86, kl_loss 0.007926, dis_loss-2.446507
-------------0.157440-----------------2.998952--------------
------------Time consuming: 1.006653---Storaging: 6767509504.000000---------
---------------------86---------------------
Training 7Scenes_stairs_vmloc_False_2019_2: Epoch 87, kl_loss 0.007926, dis_loss-2.465658
-------------0.159114-----------------2.999649--------------
------------Time consuming: 1.189710---Storaging: 6767509504.000000---------
---------------------87---------------------
Training 7Scenes_stairs_vmloc_False_2019_2: Epoch 88, kl_loss 0.007926, dis_loss-2.462716
-------------0.160788-----------------3.000345--------------
------------Time consuming: 1.176179---Storaging: 6767509504.000000---------
---------------------88---------------------
Training 7Scenes_stairs_vmloc_False_2019_2: Epoch 89, kl_loss 0.007925, dis_loss-2.427033
-------------0.162461-----------------3.001025--------------
------------Time consuming: 1.243177---Storaging: 6767509504.000000---------
---------------------89---------------------
Val 7Scenes_stairs_vmloc_False_2019_2: Epoch 90, val_loss 0.280884
-------------0.162461-----------------3.001025--------------
Error in translation: median 0.38 m,  mean 0.44 m 
 Error in rotation: median 9.05 degrees, mean 15.00 degree
---------------------90---------------------
Epoch 90 checkpoint saved for 7Scenes_stairs_vmloc_False_2019_2
Training 7Scenes_stairs_vmloc_False_2019_2: Epoch 90, kl_loss 0.007924, dis_loss-2.429324
-------------0.164123-----------------3.001703--------------
------------Time consuming: 1.235803---Storaging: 6767509504.000000---------
---------------------90---------------------
Epoch 90 checkpoint saved for 7Scenes_stairs_vmloc_False_2019_2
Training 7Scenes_stairs_vmloc_False_2019_2: Epoch 91, kl_loss 0.007924, dis_loss-2.455205
-------------0.165793-----------------3.002404--------------
------------Time consuming: 1.290327---Storaging: 6767509504.000000---------
---------------------91---------------------
Training 7Scenes_stairs_vmloc_False_2019_2: Epoch 92, kl_loss 0.007924, dis_loss-2.448146
-------------0.167448-----------------3.003107--------------
------------Time consuming: 1.161507---Storaging: 6767509504.000000---------
---------------------92---------------------
Training 7Scenes_stairs_vmloc_False_2019_2: Epoch 93, kl_loss 0.007923, dis_loss-2.436663
-------------0.169110-----------------3.003862--------------
------------Time consuming: 1.227689---Storaging: 6767509504.000000---------
---------------------93---------------------
Training 7Scenes_stairs_vmloc_False_2019_2: Epoch 94, kl_loss 0.007923, dis_loss-2.455796
-------------0.170765-----------------3.004580--------------
------------Time consuming: 1.018062---Storaging: 6767509504.000000---------
---------------------94---------------------
Val 7Scenes_stairs_vmloc_False_2019_2: Epoch 95, val_loss 0.254138
-------------0.170765-----------------3.004580--------------
Error in translation: median 0.35 m,  mean 0.40 m 
 Error in rotation: median 13.27 degrees, mean 14.29 degree
---------------------95---------------------
Training 7Scenes_stairs_vmloc_False_2019_2: Epoch 95, kl_loss 0.007923, dis_loss-2.440445
-------------0.172419-----------------3.005300--------------
------------Time consuming: 0.990412---Storaging: 6767509504.000000---------
---------------------95---------------------
Training 7Scenes_stairs_vmloc_False_2019_2: Epoch 96, kl_loss 0.007922, dis_loss-2.442203
-------------0.174070-----------------3.006007--------------
------------Time consuming: 1.253814---Storaging: 6767509504.000000---------
---------------------96---------------------
Training 7Scenes_stairs_vmloc_False_2019_2: Epoch 97, kl_loss 0.007922, dis_loss-2.468615
-------------0.175726-----------------3.006761--------------
------------Time consuming: 1.076579---Storaging: 6767509504.000000---------
---------------------97---------------------
Training 7Scenes_stairs_vmloc_False_2019_2: Epoch 98, kl_loss 0.007921, dis_loss-2.477014
-------------0.177377-----------------3.007521--------------
------------Time consuming: 1.247050---Storaging: 6767509504.000000---------
---------------------98---------------------
Training 7Scenes_stairs_vmloc_False_2019_2: Epoch 99, kl_loss 0.007921, dis_loss-2.453284
-------------0.179031-----------------3.008256--------------
------------Time consuming: 1.194318---Storaging: 6767509504.000000---------
---------------------99---------------------
Val 7Scenes_stairs_vmloc_False_2019_2: Epoch 100, val_loss 0.273729
-------------0.179031-----------------3.008256--------------
Error in translation: median 0.38 m,  mean 0.42 m 
 Error in rotation: median 11.74 degrees, mean 16.11 degree
---------------------100---------------------
Epoch 100 checkpoint saved for 7Scenes_stairs_vmloc_False_2019_2
Training 7Scenes_stairs_vmloc_False_2019_2: Epoch 100, kl_loss 0.007920, dis_loss-2.490623
-------------0.180682-----------------3.009062--------------
------------Time consuming: 1.288556---Storaging: 6767509504.000000---------
---------------------100---------------------
Epoch 100 checkpoint saved for 7Scenes_stairs_vmloc_False_2019_2
Training 7Scenes_stairs_vmloc_False_2019_2: Epoch 101, kl_loss 0.007921, dis_loss-2.523492
-------------0.182333-----------------3.009922--------------
------------Time consuming: 1.260705---Storaging: 6767509504.000000---------
---------------------101---------------------
Training 7Scenes_stairs_vmloc_False_2019_2: Epoch 102, kl_loss 0.007921, dis_loss-2.543539
-------------0.183978-----------------3.010799--------------
------------Time consuming: 1.175251---Storaging: 6767509504.000000---------
---------------------102---------------------
Training 7Scenes_stairs_vmloc_False_2019_2: Epoch 103, kl_loss 0.007920, dis_loss-2.514091
-------------0.185623-----------------3.011683--------------
------------Time consuming: 1.011752---Storaging: 6767509504.000000---------
---------------------103---------------------
Training 7Scenes_stairs_vmloc_False_2019_2: Epoch 104, kl_loss 0.007920, dis_loss-2.534649
-------------0.187267-----------------3.012550--------------
------------Time consuming: 1.010725---Storaging: 6767509504.000000---------
---------------------104---------------------
Val 7Scenes_stairs_vmloc_False_2019_2: Epoch 105, val_loss 0.264712
-------------0.187267-----------------3.012550--------------
Error in translation: median 0.36 m,  mean 0.42 m 
 Error in rotation: median 10.91 degrees, mean 13.69 degree
---------------------105---------------------
Training 7Scenes_stairs_vmloc_False_2019_2: Epoch 105, kl_loss 0.007919, dis_loss-2.552563
-------------0.188913-----------------3.013468--------------
------------Time consuming: 1.261702---Storaging: 6767509504.000000---------
---------------------105---------------------
Training 7Scenes_stairs_vmloc_False_2019_2: Epoch 106, kl_loss 0.007920, dis_loss-2.565780
-------------0.190544-----------------3.014413--------------
------------Time consuming: 1.230660---Storaging: 6767509504.000000---------
---------------------106---------------------
Training 7Scenes_stairs_vmloc_False_2019_2: Epoch 107, kl_loss 0.007919, dis_loss-2.586277
-------------0.192180-----------------3.015385--------------
------------Time consuming: 1.216207---Storaging: 6767509504.000000---------
---------------------107---------------------
Training 7Scenes_stairs_vmloc_False_2019_2: Epoch 108, kl_loss 0.007919, dis_loss-2.575953
-------------0.193810-----------------3.016396--------------
------------Time consuming: 1.260523---Storaging: 6767509504.000000---------
---------------------108---------------------
Training 7Scenes_stairs_vmloc_False_2019_2: Epoch 109, kl_loss 0.007918, dis_loss-2.590082
-------------0.195442-----------------3.017375--------------
------------Time consuming: 1.111284---Storaging: 6767509504.000000---------
---------------------109---------------------
Val 7Scenes_stairs_vmloc_False_2019_2: Epoch 110, val_loss 0.259726
-------------0.195442-----------------3.017375--------------
Error in translation: median 0.34 m,  mean 0.40 m 
 Error in rotation: median 12.05 degrees, mean 15.23 degree
---------------------110---------------------
Epoch 110 checkpoint saved for 7Scenes_stairs_vmloc_False_2019_2
Training 7Scenes_stairs_vmloc_False_2019_2: Epoch 110, kl_loss 0.007918, dis_loss-2.622076
-------------0.197075-----------------3.018434--------------
------------Time consuming: 1.273798---Storaging: 6767509504.000000---------
---------------------110---------------------
Epoch 110 checkpoint saved for 7Scenes_stairs_vmloc_False_2019_2
Training 7Scenes_stairs_vmloc_False_2019_2: Epoch 111, kl_loss 0.007918, dis_loss-2.570926
-------------0.198707-----------------3.019442--------------
------------Time consuming: 1.039600---Storaging: 6767509504.000000---------
---------------------111---------------------
Training 7Scenes_stairs_vmloc_False_2019_2: Epoch 112, kl_loss 0.007918, dis_loss-2.567675
-------------0.200332-----------------3.020423--------------
------------Time consuming: 1.007471---Storaging: 6767509504.000000---------
---------------------112---------------------
Training 7Scenes_stairs_vmloc_False_2019_2: Epoch 113, kl_loss 0.007918, dis_loss-2.629776
-------------0.201965-----------------3.021488--------------
------------Time consuming: 1.021923---Storaging: 6767509504.000000---------
---------------------113---------------------
Training 7Scenes_stairs_vmloc_False_2019_2: Epoch 114, kl_loss 0.007917, dis_loss-2.616313
-------------0.203593-----------------3.022538--------------
------------Time consuming: 0.996667---Storaging: 6767509504.000000---------
---------------------114---------------------
Val 7Scenes_stairs_vmloc_False_2019_2: Epoch 115, val_loss 0.271091
-------------0.203593-----------------3.022538--------------
Error in translation: median 0.36 m,  mean 0.42 m 
 Error in rotation: median 11.62 degrees, mean 13.89 degree
---------------------115---------------------
Training 7Scenes_stairs_vmloc_False_2019_2: Epoch 115, kl_loss 0.007917, dis_loss-2.589838
-------------0.205220-----------------3.023576--------------
------------Time consuming: 1.259907---Storaging: 6767509504.000000---------
---------------------115---------------------
Training 7Scenes_stairs_vmloc_False_2019_2: Epoch 116, kl_loss 0.007917, dis_loss-2.649575
-------------0.206855-----------------3.024665--------------
------------Time consuming: 1.186610---Storaging: 6767509504.000000---------
---------------------116---------------------
Training 7Scenes_stairs_vmloc_False_2019_2: Epoch 117, kl_loss 0.007917, dis_loss-2.641375
-------------0.208490-----------------3.025780--------------
------------Time consuming: 1.264276---Storaging: 6767509504.000000---------
---------------------117---------------------
Training 7Scenes_stairs_vmloc_False_2019_2: Epoch 118, kl_loss 0.007917, dis_loss-2.612995
-------------0.210119-----------------3.026846--------------
------------Time consuming: 1.187653---Storaging: 6767509504.000000---------
---------------------118---------------------
Training 7Scenes_stairs_vmloc_False_2019_2: Epoch 119, kl_loss 0.007916, dis_loss-2.593323
-------------0.211743-----------------3.027891--------------
------------Time consuming: 1.265612---Storaging: 6767509504.000000---------
---------------------119---------------------
Val 7Scenes_stairs_vmloc_False_2019_2: Epoch 120, val_loss 0.251966
-------------0.211743-----------------3.027891--------------
Error in translation: median 0.35 m,  mean 0.41 m 
 Error in rotation: median 10.98 degrees, mean 13.40 degree
---------------------120---------------------
Epoch 120 checkpoint saved for 7Scenes_stairs_vmloc_False_2019_2
Training 7Scenes_stairs_vmloc_False_2019_2: Epoch 120, kl_loss 0.007917, dis_loss-2.625834
-------------0.213370-----------------3.028984--------------
------------Time consuming: 1.119837---Storaging: 6767509504.000000---------
---------------------120---------------------
Epoch 120 checkpoint saved for 7Scenes_stairs_vmloc_False_2019_2
Training 7Scenes_stairs_vmloc_False_2019_2: Epoch 121, kl_loss 0.007916, dis_loss-2.652809
-------------0.214999-----------------3.030105--------------
------------Time consuming: 1.046342---Storaging: 6767509504.000000---------
---------------------121---------------------
Training 7Scenes_stairs_vmloc_False_2019_2: Epoch 122, kl_loss 0.007915, dis_loss-2.658506
-------------0.216630-----------------3.031275--------------
------------Time consuming: 1.023044---Storaging: 6767509504.000000---------
---------------------122---------------------
Training 7Scenes_stairs_vmloc_False_2019_2: Epoch 123, kl_loss 0.007915, dis_loss-2.683813
-------------0.218256-----------------3.032483--------------
------------Time consuming: 1.256319---Storaging: 6767509504.000000---------
---------------------123---------------------
Training 7Scenes_stairs_vmloc_False_2019_2: Epoch 124, kl_loss 0.007915, dis_loss-2.695257
-------------0.219886-----------------3.033709--------------
------------Time consuming: 1.200457---Storaging: 6767509504.000000---------
---------------------124---------------------
Val 7Scenes_stairs_vmloc_False_2019_2: Epoch 125, val_loss 0.262642
-------------0.219886-----------------3.033709--------------
Error in translation: median 0.34 m,  mean 0.41 m 
 Error in rotation: median 9.74 degrees, mean 13.84 degree
---------------------125---------------------
Training 7Scenes_stairs_vmloc_False_2019_2: Epoch 125, kl_loss 0.007915, dis_loss-2.687464
-------------0.221514-----------------3.034921--------------
------------Time consuming: 1.238056---Storaging: 6767509504.000000---------
---------------------125---------------------
Training 7Scenes_stairs_vmloc_False_2019_2: Epoch 126, kl_loss 0.007914, dis_loss-2.703628
-------------0.223138-----------------3.036163--------------
------------Time consuming: 1.173405---Storaging: 6767509504.000000---------
---------------------126---------------------
Training 7Scenes_stairs_vmloc_False_2019_2: Epoch 127, kl_loss 0.007914, dis_loss-2.693348
-------------0.224765-----------------3.037403--------------
------------Time consuming: 1.272465---Storaging: 6767509504.000000---------
---------------------127---------------------
Training 7Scenes_stairs_vmloc_False_2019_2: Epoch 128, kl_loss 0.007916, dis_loss-2.672244
-------------0.226382-----------------3.038620--------------
------------Time consuming: 1.170996---Storaging: 6767509504.000000---------
---------------------128---------------------
Training 7Scenes_stairs_vmloc_False_2019_2: Epoch 129, kl_loss 0.007915, dis_loss-2.665987
-------------0.227990-----------------3.039851--------------
------------Time consuming: 1.265040---Storaging: 6767509504.000000---------
---------------------129---------------------
Val 7Scenes_stairs_vmloc_False_2019_2: Epoch 130, val_loss 0.263411
-------------0.227990-----------------3.039851--------------
Error in translation: median 0.35 m,  mean 0.40 m 
 Error in rotation: median 11.89 degrees, mean 15.07 degree
---------------------130---------------------
Epoch 130 checkpoint saved for 7Scenes_stairs_vmloc_False_2019_2
Training 7Scenes_stairs_vmloc_False_2019_2: Epoch 130, kl_loss 0.007914, dis_loss-2.705963
-------------0.229601-----------------3.041103--------------
------------Time consuming: 1.054237---Storaging: 6767509504.000000---------
---------------------130---------------------
Epoch 130 checkpoint saved for 7Scenes_stairs_vmloc_False_2019_2
Training 7Scenes_stairs_vmloc_False_2019_2: Epoch 131, kl_loss 0.007913, dis_loss-2.695727
-------------0.231212-----------------3.042378--------------
------------Time consuming: 1.063470---Storaging: 6767509504.000000---------
---------------------131---------------------
Training 7Scenes_stairs_vmloc_False_2019_2: Epoch 132, kl_loss 0.007913, dis_loss-2.682648
-------------0.232829-----------------3.043632--------------
------------Time consuming: 1.350725---Storaging: 6767509504.000000---------
---------------------132---------------------
Training 7Scenes_stairs_vmloc_False_2019_2: Epoch 133, kl_loss 0.007912, dis_loss-2.683570
-------------0.234443-----------------3.044856--------------
------------Time consuming: 1.080029---Storaging: 6767509504.000000---------
---------------------133---------------------
Training 7Scenes_stairs_vmloc_False_2019_2: Epoch 134, kl_loss 0.007912, dis_loss-2.672656
-------------0.236055-----------------3.046078--------------
------------Time consuming: 1.248211---Storaging: 6767509504.000000---------
---------------------134---------------------
Val 7Scenes_stairs_vmloc_False_2019_2: Epoch 135, val_loss 0.267808
-------------0.236055-----------------3.046078--------------
Error in translation: median 0.34 m,  mean 0.41 m 
 Error in rotation: median 13.74 degrees, mean 14.86 degree
---------------------135---------------------
Training 7Scenes_stairs_vmloc_False_2019_2: Epoch 135, kl_loss 0.007913, dis_loss-2.742855
-------------0.237667-----------------3.047394--------------
------------Time consuming: 1.189447---Storaging: 6767509504.000000---------
---------------------135---------------------
Training 7Scenes_stairs_vmloc_False_2019_2: Epoch 136, kl_loss 0.007912, dis_loss-2.713948
-------------0.239282-----------------3.048741--------------
------------Time consuming: 1.247324---Storaging: 6767509504.000000---------
---------------------136---------------------
Training 7Scenes_stairs_vmloc_False_2019_2: Epoch 137, kl_loss 0.007912, dis_loss-2.753451
-------------0.240896-----------------3.050073--------------
------------Time consuming: 1.192720---Storaging: 6767509504.000000---------
---------------------137---------------------
Training 7Scenes_stairs_vmloc_False_2019_2: Epoch 138, kl_loss 0.007912, dis_loss-2.749506
-------------0.242507-----------------3.051435--------------
------------Time consuming: 1.231542---Storaging: 6767509504.000000---------
---------------------138---------------------
Training 7Scenes_stairs_vmloc_False_2019_2: Epoch 139, kl_loss 0.007912, dis_loss-2.745258
-------------0.244125-----------------3.052791--------------
------------Time consuming: 1.124044---Storaging: 6767509504.000000---------
---------------------139---------------------
Val 7Scenes_stairs_vmloc_False_2019_2: Epoch 140, val_loss 0.244563
-------------0.244125-----------------3.052791--------------
Error in translation: median 0.31 m,  mean 0.37 m 
 Error in rotation: median 12.78 degrees, mean 14.16 degree
---------------------140---------------------
Epoch 140 checkpoint saved for 7Scenes_stairs_vmloc_False_2019_2
Training 7Scenes_stairs_vmloc_False_2019_2: Epoch 140, kl_loss 0.007912, dis_loss-2.731387
-------------0.245729-----------------3.054118--------------
------------Time consuming: 1.278098---Storaging: 6767509504.000000---------
---------------------140---------------------
Epoch 140 checkpoint saved for 7Scenes_stairs_vmloc_False_2019_2
Training 7Scenes_stairs_vmloc_False_2019_2: Epoch 141, kl_loss 0.007912, dis_loss-2.767585
-------------0.247336-----------------3.055512--------------
------------Time consuming: 1.187169---Storaging: 6767509504.000000---------
---------------------141---------------------
Training 7Scenes_stairs_vmloc_False_2019_2: Epoch 142, kl_loss 0.007912, dis_loss-2.757495
-------------0.248946-----------------3.056918--------------
------------Time consuming: 1.234293---Storaging: 6767509504.000000---------
---------------------142---------------------
Training 7Scenes_stairs_vmloc_False_2019_2: Epoch 143, kl_loss 0.007911, dis_loss-2.761874
-------------0.250555-----------------3.058304--------------
------------Time consuming: 1.166991---Storaging: 6767509504.000000---------
---------------------143---------------------
Training 7Scenes_stairs_vmloc_False_2019_2: Epoch 144, kl_loss 0.007911, dis_loss-2.758355
-------------0.252160-----------------3.059679--------------
------------Time consuming: 1.251534---Storaging: 6767509504.000000---------
---------------------144---------------------
Val 7Scenes_stairs_vmloc_False_2019_2: Epoch 145, val_loss 0.253008
-------------0.252160-----------------3.059679--------------
Error in translation: median 0.32 m,  mean 0.38 m 
 Error in rotation: median 13.58 degrees, mean 14.52 degree
---------------------145---------------------
Training 7Scenes_stairs_vmloc_False_2019_2: Epoch 145, kl_loss 0.007911, dis_loss-2.770753
-------------0.253767-----------------3.061072--------------
------------Time consuming: 1.179654---Storaging: 6767509504.000000---------
---------------------145---------------------
Training 7Scenes_stairs_vmloc_False_2019_2: Epoch 146, kl_loss 0.007911, dis_loss-2.789912
-------------0.255377-----------------3.062481--------------
------------Time consuming: 1.240751---Storaging: 6767509504.000000---------
---------------------146---------------------
Training 7Scenes_stairs_vmloc_False_2019_2: Epoch 147, kl_loss 0.007910, dis_loss-2.798530
-------------0.256986-----------------3.063928--------------
------------Time consuming: 1.024190---Storaging: 6767509504.000000---------
---------------------147---------------------
Training 7Scenes_stairs_vmloc_False_2019_2: Epoch 148, kl_loss 0.007911, dis_loss-2.753346
-------------0.258591-----------------3.065324--------------
------------Time consuming: 1.005896---Storaging: 6767509504.000000---------
---------------------148---------------------
Training 7Scenes_stairs_vmloc_False_2019_2: Epoch 149, kl_loss 0.007910, dis_loss-2.800870
-------------0.260192-----------------3.066764--------------
------------Time consuming: 1.026838---Storaging: 6767509504.000000---------
---------------------149---------------------
Val 7Scenes_stairs_vmloc_False_2019_2: Epoch 150, val_loss 0.250856
-------------0.260192-----------------3.066764--------------
Error in translation: median 0.31 m,  mean 0.37 m 
 Error in rotation: median 12.74 degrees, mean 15.32 degree
---------------------150---------------------
Epoch 150 checkpoint saved for 7Scenes_stairs_vmloc_False_2019_2
Training 7Scenes_stairs_vmloc_False_2019_2: Epoch 150, kl_loss 0.007910, dis_loss-2.786999
-------------0.261797-----------------3.068190--------------
------------Time consuming: 0.989114---Storaging: 6767509504.000000---------
---------------------150---------------------
Epoch 150 checkpoint saved for 7Scenes_stairs_vmloc_False_2019_2
Training 7Scenes_stairs_vmloc_False_2019_2: Epoch 151, kl_loss 0.007910, dis_loss-2.813034
-------------0.263405-----------------3.069652--------------
------------Time consuming: 1.267927---Storaging: 6767509504.000000---------
---------------------151---------------------
Training 7Scenes_stairs_vmloc_False_2019_2: Epoch 152, kl_loss 0.007909, dis_loss-2.787123
-------------0.265004-----------------3.071077--------------
------------Time consuming: 1.183796---Storaging: 6767509504.000000---------
---------------------152---------------------
Training 7Scenes_stairs_vmloc_False_2019_2: Epoch 153, kl_loss 0.007909, dis_loss-2.791730
-------------0.266613-----------------3.072490--------------
------------Time consuming: 1.239700---Storaging: 6767509504.000000---------
---------------------153---------------------
Training 7Scenes_stairs_vmloc_False_2019_2: Epoch 154, kl_loss 0.007909, dis_loss-2.797177
-------------0.268214-----------------3.073900--------------
------------Time consuming: 1.191524---Storaging: 6767509504.000000---------
---------------------154---------------------
Val 7Scenes_stairs_vmloc_False_2019_2: Epoch 155, val_loss 0.244458
-------------0.268214-----------------3.073900--------------
Error in translation: median 0.31 m,  mean 0.37 m 
 Error in rotation: median 11.17 degrees, mean 14.40 degree
---------------------155---------------------
Training 7Scenes_stairs_vmloc_False_2019_2: Epoch 155, kl_loss 0.007908, dis_loss-2.832584
-------------0.269815-----------------3.075390--------------
------------Time consuming: 1.244445---Storaging: 6767509504.000000---------
---------------------155---------------------
Training 7Scenes_stairs_vmloc_False_2019_2: Epoch 156, kl_loss 0.007909, dis_loss-2.786533
-------------0.271412-----------------3.076845--------------
------------Time consuming: 1.017792---Storaging: 6767509504.000000---------
---------------------156---------------------
Training 7Scenes_stairs_vmloc_False_2019_2: Epoch 157, kl_loss 0.007909, dis_loss-2.845700
-------------0.273007-----------------3.078341--------------
------------Time consuming: 1.009970---Storaging: 6767509504.000000---------
---------------------157---------------------
Training 7Scenes_stairs_vmloc_False_2019_2: Epoch 158, kl_loss 0.007908, dis_loss-2.855348
-------------0.274609-----------------3.079870--------------
------------Time consuming: 1.001505---Storaging: 6767509504.000000---------
---------------------158---------------------
Training 7Scenes_stairs_vmloc_False_2019_2: Epoch 159, kl_loss 0.007907, dis_loss-2.844775
-------------0.276209-----------------3.081389--------------
------------Time consuming: 1.179467---Storaging: 6767509504.000000---------
---------------------159---------------------
Val 7Scenes_stairs_vmloc_False_2019_2: Epoch 160, val_loss 0.248209
-------------0.276209-----------------3.081389--------------
Error in translation: median 0.33 m,  mean 0.36 m 
 Error in rotation: median 12.94 degrees, mean 16.71 degree
---------------------160---------------------
Epoch 160 checkpoint saved for 7Scenes_stairs_vmloc_False_2019_2
Training 7Scenes_stairs_vmloc_False_2019_2: Epoch 160, kl_loss 0.007907, dis_loss-2.843260
-------------0.277808-----------------3.082882--------------
------------Time consuming: 1.247663---Storaging: 6767509504.000000---------
---------------------160---------------------
Epoch 160 checkpoint saved for 7Scenes_stairs_vmloc_False_2019_2
Training 7Scenes_stairs_vmloc_False_2019_2: Epoch 161, kl_loss 0.007907, dis_loss-2.858332
-------------0.279413-----------------3.084404--------------
------------Time consuming: 1.273083---Storaging: 6767509504.000000---------
---------------------161---------------------
Training 7Scenes_stairs_vmloc_False_2019_2: Epoch 162, kl_loss 0.007907, dis_loss-2.847240
-------------0.281012-----------------3.085947--------------
------------Time consuming: 1.190285---Storaging: 6767509504.000000---------
---------------------162---------------------
Training 7Scenes_stairs_vmloc_False_2019_2: Epoch 163, kl_loss 0.007906, dis_loss-2.857185
-------------0.282605-----------------3.087480--------------
------------Time consuming: 1.259054---Storaging: 6767509504.000000---------
---------------------163---------------------
Training 7Scenes_stairs_vmloc_False_2019_2: Epoch 164, kl_loss 0.007907, dis_loss-2.862702
-------------0.284196-----------------3.089005--------------
------------Time consuming: 1.130773---Storaging: 6767509504.000000---------
---------------------164---------------------
Val 7Scenes_stairs_vmloc_False_2019_2: Epoch 165, val_loss 0.237366
-------------0.284196-----------------3.089005--------------
Error in translation: median 0.32 m,  mean 0.35 m 
 Error in rotation: median 11.64 degrees, mean 16.11 degree
---------------------165---------------------
Training 7Scenes_stairs_vmloc_False_2019_2: Epoch 165, kl_loss 0.007907, dis_loss-2.868660
-------------0.285793-----------------3.090535--------------
------------Time consuming: 1.013366---Storaging: 6767509504.000000---------
---------------------165---------------------
Training 7Scenes_stairs_vmloc_False_2019_2: Epoch 166, kl_loss 0.007906, dis_loss-2.864438
-------------0.287394-----------------3.092073--------------
------------Time consuming: 1.241836---Storaging: 6767509504.000000---------
---------------------166---------------------
Training 7Scenes_stairs_vmloc_False_2019_2: Epoch 167, kl_loss 0.007906, dis_loss-2.904662
-------------0.288990-----------------3.093637--------------
------------Time consuming: 0.944458---Storaging: 2531131392.000000---------
---------------------167---------------------
Training 7Scenes_stairs_vmloc_False_2019_2: Epoch 168, kl_loss 0.007906, dis_loss-2.894405
-------------0.290581-----------------3.095229--------------
------------Time consuming: 0.718212---Storaging: -1205862400.000000---------
---------------------168---------------------
Training 7Scenes_stairs_vmloc_False_2019_2: Epoch 169, kl_loss 0.007906, dis_loss-2.872682
-------------0.292181-----------------3.096754--------------
------------Time consuming: 0.708384---Storaging: -1205862400.000000---------
---------------------169---------------------
Val 7Scenes_stairs_vmloc_False_2019_2: Epoch 170, val_loss 0.233171
-------------0.292181-----------------3.096754--------------
Error in translation: median 0.29 m,  mean 0.33 m 
 Error in rotation: median 12.91 degrees, mean 16.71 degree
---------------------170---------------------
Epoch 170 checkpoint saved for 7Scenes_stairs_vmloc_False_2019_2
Training 7Scenes_stairs_vmloc_False_2019_2: Epoch 170, kl_loss 0.007906, dis_loss-2.889530
-------------0.293781-----------------3.098282--------------
------------Time consuming: 0.722320---Storaging: -1205862400.000000---------
---------------------170---------------------
Epoch 170 checkpoint saved for 7Scenes_stairs_vmloc_False_2019_2
Training 7Scenes_stairs_vmloc_False_2019_2: Epoch 171, kl_loss 0.007905, dis_loss-2.902138
-------------0.295375-----------------3.099854--------------
------------Time consuming: 0.706140---Storaging: -1205862400.000000---------
---------------------171---------------------
Training 7Scenes_stairs_vmloc_False_2019_2: Epoch 172, kl_loss 0.007906, dis_loss-2.875070
-------------0.296976-----------------3.101362--------------
------------Time consuming: 0.695225---Storaging: -1205862400.000000---------
---------------------172---------------------
Training 7Scenes_stairs_vmloc_False_2019_2: Epoch 173, kl_loss 0.007905, dis_loss-2.899813
-------------0.298577-----------------3.102896--------------
------------Time consuming: 0.703426---Storaging: -1205862400.000000---------
---------------------173---------------------
Training 7Scenes_stairs_vmloc_False_2019_2: Epoch 174, kl_loss 0.007905, dis_loss-2.918915
-------------0.300176-----------------3.104472--------------
------------Time consuming: 0.706093---Storaging: -1205862400.000000---------
---------------------174---------------------
Val 7Scenes_stairs_vmloc_False_2019_2: Epoch 175, val_loss 0.230829
-------------0.300176-----------------3.104472--------------
Error in translation: median 0.30 m,  mean 0.36 m 
 Error in rotation: median 10.22 degrees, mean 13.25 degree
---------------------175---------------------
Training 7Scenes_stairs_vmloc_False_2019_2: Epoch 175, kl_loss 0.007905, dis_loss-2.896978
-------------0.301775-----------------3.106021--------------
------------Time consuming: 0.743319---Storaging: -1205862400.000000---------
---------------------175---------------------
Training 7Scenes_stairs_vmloc_False_2019_2: Epoch 176, kl_loss 0.007904, dis_loss-2.862955
-------------0.303368-----------------3.107476--------------
------------Time consuming: 0.696964---Storaging: -1205862400.000000---------
---------------------176---------------------
Training 7Scenes_stairs_vmloc_False_2019_2: Epoch 177, kl_loss 0.007904, dis_loss-2.902324
-------------0.304967-----------------3.108973--------------
------------Time consuming: 0.700285---Storaging: -1205862400.000000---------
---------------------177---------------------
Training 7Scenes_stairs_vmloc_False_2019_2: Epoch 178, kl_loss 0.007904, dis_loss-2.936530
-------------0.306572-----------------3.110561--------------
------------Time consuming: 0.698219---Storaging: -1205862400.000000---------
---------------------178---------------------
Training 7Scenes_stairs_vmloc_False_2019_2: Epoch 179, kl_loss 0.007903, dis_loss-2.933651
-------------0.308170-----------------3.112152--------------
------------Time consuming: 0.726068---Storaging: -1205862400.000000---------
---------------------179---------------------
Val 7Scenes_stairs_vmloc_False_2019_2: Epoch 180, val_loss 0.249196
-------------0.308170-----------------3.112152--------------
Error in translation: median 0.32 m,  mean 0.37 m 
 Error in rotation: median 11.24 degrees, mean 15.72 degree
---------------------180---------------------
Epoch 180 checkpoint saved for 7Scenes_stairs_vmloc_False_2019_2
Training 7Scenes_stairs_vmloc_False_2019_2: Epoch 180, kl_loss 0.007904, dis_loss-2.924576
-------------0.309766-----------------3.113695--------------
------------Time consuming: 0.710560---Storaging: -1205862400.000000---------
---------------------180---------------------
Epoch 180 checkpoint saved for 7Scenes_stairs_vmloc_False_2019_2
Training 7Scenes_stairs_vmloc_False_2019_2: Epoch 181, kl_loss 0.007903, dis_loss-2.951266
-------------0.311365-----------------3.115308--------------
------------Time consuming: 0.707976---Storaging: -1205862400.000000---------
---------------------181---------------------
Training 7Scenes_stairs_vmloc_False_2019_2: Epoch 182, kl_loss 0.007903, dis_loss-2.963701
-------------0.312961-----------------3.116947--------------
------------Time consuming: 0.703843---Storaging: -1205862400.000000---------
---------------------182---------------------
Training 7Scenes_stairs_vmloc_False_2019_2: Epoch 183, kl_loss 0.007903, dis_loss-2.929942
-------------0.314560-----------------3.118527--------------
------------Time consuming: 0.711087---Storaging: -1205862400.000000---------
---------------------183---------------------
Training 7Scenes_stairs_vmloc_False_2019_2: Epoch 184, kl_loss 0.007903, dis_loss-2.940354
-------------0.316157-----------------3.120068--------------
------------Time consuming: 0.692776---Storaging: -1205862400.000000---------
---------------------184---------------------
Val 7Scenes_stairs_vmloc_False_2019_2: Epoch 185, val_loss 0.229752
-------------0.316157-----------------3.120068--------------
Error in translation: median 0.29 m,  mean 0.35 m 
 Error in rotation: median 10.77 degrees, mean 13.32 degree
---------------------185---------------------
Training 7Scenes_stairs_vmloc_False_2019_2: Epoch 185, kl_loss 0.007902, dis_loss-2.953179
-------------0.317752-----------------3.121664--------------
------------Time consuming: 0.700169---Storaging: -1205862400.000000---------
---------------------185---------------------
Training 7Scenes_stairs_vmloc_False_2019_2: Epoch 186, kl_loss 0.007902, dis_loss-2.969474
-------------0.319347-----------------3.123263--------------
------------Time consuming: 0.705765---Storaging: -1205862400.000000---------
---------------------186---------------------
Training 7Scenes_stairs_vmloc_False_2019_2: Epoch 187, kl_loss 0.007902, dis_loss-2.982428
-------------0.320940-----------------3.124889--------------
------------Time consuming: 0.717729---Storaging: -1205862400.000000---------
---------------------187---------------------
Training 7Scenes_stairs_vmloc_False_2019_2: Epoch 188, kl_loss 0.007902, dis_loss-2.991793
-------------0.322535-----------------3.126536--------------
------------Time consuming: 0.733551---Storaging: -1205862400.000000---------
---------------------188---------------------
Training 7Scenes_stairs_vmloc_False_2019_2: Epoch 189, kl_loss 0.007902, dis_loss-2.998028
-------------0.324131-----------------3.128178--------------
------------Time consuming: 0.698640---Storaging: -1205862400.000000---------
---------------------189---------------------
Val 7Scenes_stairs_vmloc_False_2019_2: Epoch 190, val_loss 0.229752
-------------0.324131-----------------3.128178--------------
Error in translation: median 0.31 m,  mean 0.35 m 
 Error in rotation: median 10.53 degrees, mean 12.74 degree
---------------------190---------------------
Epoch 190 checkpoint saved for 7Scenes_stairs_vmloc_False_2019_2
Training 7Scenes_stairs_vmloc_False_2019_2: Epoch 190, kl_loss 0.007902, dis_loss-2.992244
-------------0.325719-----------------3.129815--------------
------------Time consuming: 0.728846---Storaging: -1205862400.000000---------
---------------------190---------------------
Epoch 190 checkpoint saved for 7Scenes_stairs_vmloc_False_2019_2
Training 7Scenes_stairs_vmloc_False_2019_2: Epoch 191, kl_loss 0.007901, dis_loss-2.987137
-------------0.327313-----------------3.131460--------------
------------Time consuming: 0.730504---Storaging: -1205862400.000000---------
---------------------191---------------------
Training 7Scenes_stairs_vmloc_False_2019_2: Epoch 192, kl_loss 0.007901, dis_loss-2.971353
-------------0.328911-----------------3.133017--------------
------------Time consuming: 0.698497---Storaging: -1205862400.000000---------
---------------------192---------------------
Training 7Scenes_stairs_vmloc_False_2019_2: Epoch 193, kl_loss 0.007901, dis_loss-2.957492
-------------0.330491-----------------3.134590--------------
------------Time consuming: 0.710791---Storaging: -1205862400.000000---------
---------------------193---------------------
Training 7Scenes_stairs_vmloc_False_2019_2: Epoch 194, kl_loss 0.007901, dis_loss-2.973805
-------------0.332068-----------------3.136166--------------
------------Time consuming: 0.692112---Storaging: -1205862400.000000---------
---------------------194---------------------
Val 7Scenes_stairs_vmloc_False_2019_2: Epoch 195, val_loss 0.229415
-------------0.332068-----------------3.136166--------------
Error in translation: median 0.30 m,  mean 0.36 m 
 Error in rotation: median 10.63 degrees, mean 11.96 degree
---------------------195---------------------
Training 7Scenes_stairs_vmloc_False_2019_2: Epoch 195, kl_loss 0.007900, dis_loss-2.992977
-------------0.333655-----------------3.137764--------------
------------Time consuming: 0.694429---Storaging: -1205862400.000000---------
---------------------195---------------------
Training 7Scenes_stairs_vmloc_False_2019_2: Epoch 196, kl_loss 0.007900, dis_loss-3.006041
-------------0.335244-----------------3.139384--------------
------------Time consuming: 0.709650---Storaging: -1205862400.000000---------
---------------------196---------------------
Training 7Scenes_stairs_vmloc_False_2019_2: Epoch 197, kl_loss 0.007901, dis_loss-3.013753
-------------0.336833-----------------3.141002--------------
------------Time consuming: 0.708389---Storaging: -1205862400.000000---------
---------------------197---------------------
Training 7Scenes_stairs_vmloc_False_2019_2: Epoch 198, kl_loss 0.007900, dis_loss-2.981040
-------------0.338430-----------------3.142595--------------
------------Time consuming: 0.709478---Storaging: -1205862400.000000---------
---------------------198---------------------
Val 7Scenes_stairs_vmloc_False_2019_2: Epoch 199, val_loss 0.223762
-------------0.338430-----------------3.142595--------------
Error in translation: median 0.30 m,  mean 0.35 m 
 Error in rotation: median 11.03 degrees, mean 12.01 degree
---------------------199---------------------
Training 7Scenes_stairs_vmloc_False_2019_2: Epoch 199, kl_loss 0.007900, dis_loss-3.024853
-------------0.340028-----------------3.144196--------------
------------Time consuming: 0.708352---Storaging: -1205862400.000000---------
---------------------199---------------------
