nohup: ignoring input
============= 1 0
Logging to /mnt/nas/kaichen/eng/LOC/vmloc_git/record/7Scenes_chess_vmloc_False_2019_3/runs/log.txt
Not Using ColorJitter
c_nvmlMemory_t(total: 24146608128 B, free: 22464036864 B, used: 1682571264 B)
/home/kaichen/.conda/envs/rigid/lib/python3.8/site-packages/torch/nn/functional.py:1628: UserWarning: nn.functional.tanh is deprecated. Use torch.tanh instead.
  warnings.warn("nn.functional.tanh is deprecated. Use torch.tanh instead.")
Val 7Scenes_chess_vmloc_False_2019_3: Epoch 0, val_loss 1.983686
------------0.000000-----------------3.000000--------------
Error in translation: median 2.70 m,  mean 2.72 m 
 Error in rotation: median 126.38 degrees, mean 122.17 degree
---------------------0---------------------
Epoch 0 checkpoint saved for 7Scenes_chess_vmloc_False_2019_3
Training 7Scenes_chess_vmloc_False_2019_3: Epoch 0, kl_loss 0.008774, dis_loss13.690555
-------------0.001729-----------------2.996928--------------
------------Time consuming: 0.665214---Storaging: 6769240486.603174---------
---------------------0---------------------
Epoch 0 checkpoint saved for 7Scenes_chess_vmloc_False_2019_3
Training 7Scenes_chess_vmloc_False_2019_3: Epoch 1, kl_loss 0.008655, dis_loss11.932440
-------------0.005369-----------------2.994026--------------
------------Time consuming: 0.665823---Storaging: 6769606656.000000---------
---------------------1---------------------
Training 7Scenes_chess_vmloc_False_2019_3: Epoch 2, kl_loss 0.008445, dis_loss8.738747
-------------0.009624-----------------2.991549--------------
------------Time consuming: 0.634520---Storaging: 6769606656.000000---------
---------------------2---------------------
Training 7Scenes_chess_vmloc_False_2019_3: Epoch 3, kl_loss 0.008312, dis_loss4.217827
-------------0.014162-----------------2.989975--------------
------------Time consuming: 0.635102---Storaging: 6769606656.000000---------
---------------------3---------------------
Training 7Scenes_chess_vmloc_False_2019_3: Epoch 4, kl_loss 0.008253, dis_loss2.688516
-------------0.018488-----------------2.988664--------------
------------Time consuming: 0.656391---Storaging: 6769606656.000000---------
---------------------4---------------------
Val 7Scenes_chess_vmloc_False_2019_3: Epoch 5, val_loss 0.401272
-------------0.018488-----------------2.988664--------------
Error in translation: median 0.67 m,  mean 0.66 m 
 Error in rotation: median 17.94 degrees, mean 18.97 degree
---------------------5---------------------
Epoch 5 checkpoint saved for 7Scenes_chess_vmloc_False_2019_3
Training 7Scenes_chess_vmloc_False_2019_3: Epoch 5, kl_loss 0.008212, dis_loss1.727996
-------------0.022692-----------------2.987534--------------
------------Time consuming: 0.645526---Storaging: 6769606656.000000---------
---------------------5---------------------
Epoch 5 checkpoint saved for 7Scenes_chess_vmloc_False_2019_3
Training 7Scenes_chess_vmloc_False_2019_3: Epoch 6, kl_loss 0.008184, dis_loss0.973796
-------------0.026747-----------------2.986567--------------
------------Time consuming: 0.640137---Storaging: 6769606656.000000---------
---------------------6---------------------
Training 7Scenes_chess_vmloc_False_2019_3: Epoch 7, kl_loss 0.008153, dis_loss0.558520
-------------0.030708-----------------2.985692--------------
------------Time consuming: 0.638949---Storaging: 6769606656.000000---------
---------------------7---------------------
Training 7Scenes_chess_vmloc_False_2019_3: Epoch 8, kl_loss 0.008126, dis_loss0.303486
-------------0.034569-----------------2.984775--------------
------------Time consuming: 0.634146---Storaging: 6769606656.000000---------
---------------------8---------------------
Training 7Scenes_chess_vmloc_False_2019_3: Epoch 9, kl_loss 0.008110, dis_loss0.071759
-------------0.038365-----------------2.983939--------------
------------Time consuming: 0.641886---Storaging: 6769606656.000000---------
---------------------9---------------------
Val 7Scenes_chess_vmloc_False_2019_3: Epoch 10, val_loss 0.375518
-------------0.038365-----------------2.983939--------------
Error in translation: median 0.60 m,  mean 0.60 m 
 Error in rotation: median 19.52 degrees, mean 20.13 degree
---------------------10---------------------
Epoch 10 checkpoint saved for 7Scenes_chess_vmloc_False_2019_3
Training 7Scenes_chess_vmloc_False_2019_3: Epoch 10, kl_loss 0.008093, dis_loss-0.198210
-------------0.042140-----------------2.983168--------------
------------Time consuming: 0.674076---Storaging: 6769606656.000000---------
---------------------10---------------------
Epoch 10 checkpoint saved for 7Scenes_chess_vmloc_False_2019_3
Training 7Scenes_chess_vmloc_False_2019_3: Epoch 11, kl_loss 0.008088, dis_loss-0.307571
-------------0.045888-----------------2.982383--------------
------------Time consuming: 0.638074---Storaging: 6769606656.000000---------
---------------------11---------------------
Training 7Scenes_chess_vmloc_False_2019_3: Epoch 12, kl_loss 0.008069, dis_loss-0.414885
-------------0.049582-----------------2.981645--------------
------------Time consuming: 0.643478---Storaging: 6769606656.000000---------
---------------------12---------------------
Training 7Scenes_chess_vmloc_False_2019_3: Epoch 13, kl_loss 0.008062, dis_loss-0.564794
-------------0.053250-----------------2.980914--------------
------------Time consuming: 0.636247---Storaging: 6769606656.000000---------
---------------------13---------------------
Training 7Scenes_chess_vmloc_False_2019_3: Epoch 14, kl_loss 0.008046, dis_loss-0.744816
-------------0.056868-----------------2.980314--------------
------------Time consuming: 0.638985---Storaging: 6769606656.000000---------
---------------------14---------------------
Val 7Scenes_chess_vmloc_False_2019_3: Epoch 15, val_loss 0.374682
-------------0.056868-----------------2.980314--------------
Error in translation: median 0.57 m,  mean 0.59 m 
 Error in rotation: median 16.09 degrees, mean 17.73 degree
---------------------15---------------------
Epoch 15 checkpoint saved for 7Scenes_chess_vmloc_False_2019_3
Training 7Scenes_chess_vmloc_False_2019_3: Epoch 15, kl_loss 0.008039, dis_loss-0.612246
-------------0.060458-----------------2.979570--------------
------------Time consuming: 0.659991---Storaging: 6769606656.000000---------
---------------------15---------------------
Epoch 15 checkpoint saved for 7Scenes_chess_vmloc_False_2019_3
Training 7Scenes_chess_vmloc_False_2019_3: Epoch 16, kl_loss 0.008028, dis_loss-0.895607
-------------0.064069-----------------2.978993--------------
------------Time consuming: 0.643224---Storaging: 6769606656.000000---------
---------------------16---------------------
Training 7Scenes_chess_vmloc_False_2019_3: Epoch 17, kl_loss 0.008022, dis_loss-0.906253
-------------0.067635-----------------2.978399--------------
------------Time consuming: 0.652185---Storaging: 6769606656.000000---------
---------------------17---------------------
Training 7Scenes_chess_vmloc_False_2019_3: Epoch 18, kl_loss 0.008017, dis_loss-0.932859
-------------0.071177-----------------2.977771--------------
------------Time consuming: 0.649072---Storaging: 6769606656.000000---------
---------------------18---------------------
Training 7Scenes_chess_vmloc_False_2019_3: Epoch 19, kl_loss 0.008011, dis_loss-1.020318
-------------0.074719-----------------2.977171--------------
------------Time consuming: 0.641897---Storaging: 6769606656.000000---------
---------------------19---------------------
Val 7Scenes_chess_vmloc_False_2019_3: Epoch 20, val_loss 0.354335
-------------0.074719-----------------2.977171--------------
Error in translation: median 0.53 m,  mean 0.54 m 
 Error in rotation: median 16.97 degrees, mean 18.31 degree
---------------------20---------------------
Epoch 20 checkpoint saved for 7Scenes_chess_vmloc_False_2019_3
Training 7Scenes_chess_vmloc_False_2019_3: Epoch 20, kl_loss 0.008010, dis_loss-0.944206
-------------0.078238-----------------2.976484--------------
------------Time consuming: 0.654376---Storaging: 6769606656.000000---------
---------------------20---------------------
Epoch 20 checkpoint saved for 7Scenes_chess_vmloc_False_2019_3
Training 7Scenes_chess_vmloc_False_2019_3: Epoch 21, kl_loss 0.008004, dis_loss-1.005021
-------------0.081735-----------------2.975804--------------
------------Time consuming: 0.648736---Storaging: 6769606656.000000---------
---------------------21---------------------
Training 7Scenes_chess_vmloc_False_2019_3: Epoch 22, kl_loss 0.008003, dis_loss-1.137472
-------------0.085218-----------------2.975203--------------
------------Time consuming: 0.639928---Storaging: 6769606656.000000---------
---------------------22---------------------
Training 7Scenes_chess_vmloc_False_2019_3: Epoch 23, kl_loss 0.007996, dis_loss-1.115475
-------------0.088702-----------------2.974569--------------
------------Time consuming: 0.641685---Storaging: 6769606656.000000---------
---------------------23---------------------
Training 7Scenes_chess_vmloc_False_2019_3: Epoch 24, kl_loss 0.007990, dis_loss-1.157105
-------------0.092171-----------------2.973959--------------
------------Time consuming: 0.642674---Storaging: 6769606656.000000---------
---------------------24---------------------
Val 7Scenes_chess_vmloc_False_2019_3: Epoch 25, val_loss 0.308219
-------------0.092171-----------------2.973959--------------
Error in translation: median 0.45 m,  mean 0.47 m 
 Error in rotation: median 13.27 degrees, mean 15.46 degree
---------------------25---------------------
Epoch 25 checkpoint saved for 7Scenes_chess_vmloc_False_2019_3
Training 7Scenes_chess_vmloc_False_2019_3: Epoch 25, kl_loss 0.007991, dis_loss-1.217767
-------------0.095602-----------------2.973379--------------
------------Time consuming: 0.657745---Storaging: 6769606656.000000---------
---------------------25---------------------
Epoch 25 checkpoint saved for 7Scenes_chess_vmloc_False_2019_3
Training 7Scenes_chess_vmloc_False_2019_3: Epoch 26, kl_loss 0.007985, dis_loss-1.224084
-------------0.099028-----------------2.972789--------------
------------Time consuming: 0.648493---Storaging: 6769606656.000000---------
---------------------26---------------------
Training 7Scenes_chess_vmloc_False_2019_3: Epoch 27, kl_loss 0.007979, dis_loss-1.198769
-------------0.102426-----------------2.972125--------------
------------Time consuming: 0.652328---Storaging: 6769606656.000000---------
---------------------27---------------------
Training 7Scenes_chess_vmloc_False_2019_3: Epoch 28, kl_loss 0.007971, dis_loss-1.226196
-------------0.105822-----------------2.971438--------------
------------Time consuming: 0.653546---Storaging: 6769606656.000000---------
---------------------28---------------------
Training 7Scenes_chess_vmloc_False_2019_3: Epoch 29, kl_loss 0.007967, dis_loss-1.313852
-------------0.109216-----------------2.970851--------------
------------Time consuming: 0.637315---Storaging: 6769606656.000000---------
---------------------29---------------------
Val 7Scenes_chess_vmloc_False_2019_3: Epoch 30, val_loss 0.329802
-------------0.109216-----------------2.970851--------------
Error in translation: median 0.45 m,  mean 0.48 m 
 Error in rotation: median 16.85 degrees, mean 18.74 degree
---------------------30---------------------
Epoch 30 checkpoint saved for 7Scenes_chess_vmloc_False_2019_3
Training 7Scenes_chess_vmloc_False_2019_3: Epoch 30, kl_loss 0.007964, dis_loss-1.410123
-------------0.112596-----------------2.970393--------------
------------Time consuming: 0.655600---Storaging: 6769606656.000000---------
---------------------30---------------------
Epoch 30 checkpoint saved for 7Scenes_chess_vmloc_False_2019_3
Training 7Scenes_chess_vmloc_False_2019_3: Epoch 31, kl_loss 0.007956, dis_loss-1.322469
-------------0.115957-----------------2.969760--------------
------------Time consuming: 0.644225---Storaging: 6769606656.000000---------
---------------------31---------------------
Training 7Scenes_chess_vmloc_False_2019_3: Epoch 32, kl_loss 0.007951, dis_loss-1.347712
-------------0.119334-----------------2.969113--------------
------------Time consuming: 0.635660---Storaging: 6769606656.000000---------
---------------------32---------------------
Training 7Scenes_chess_vmloc_False_2019_3: Epoch 33, kl_loss 0.007953, dis_loss-1.404421
-------------0.122684-----------------2.968530--------------
------------Time consuming: 0.649532---Storaging: 6769606656.000000---------
---------------------33---------------------
Training 7Scenes_chess_vmloc_False_2019_3: Epoch 34, kl_loss 0.007948, dis_loss-1.455646
-------------0.126044-----------------2.967968--------------
------------Time consuming: 0.642248---Storaging: 6769606656.000000---------
---------------------34---------------------
Val 7Scenes_chess_vmloc_False_2019_3: Epoch 35, val_loss 0.300109
-------------0.126044-----------------2.967968--------------
Error in translation: median 0.44 m,  mean 0.46 m 
 Error in rotation: median 13.18 degrees, mean 15.12 degree
---------------------35---------------------
Epoch 35 checkpoint saved for 7Scenes_chess_vmloc_False_2019_3
Training 7Scenes_chess_vmloc_False_2019_3: Epoch 35, kl_loss 0.007945, dis_loss-1.534830
-------------0.129388-----------------2.967558--------------
------------Time consuming: 0.654891---Storaging: 6769606656.000000---------
---------------------35---------------------
Epoch 35 checkpoint saved for 7Scenes_chess_vmloc_False_2019_3
Training 7Scenes_chess_vmloc_False_2019_3: Epoch 36, kl_loss 0.007939, dis_loss-1.530594
-------------0.132705-----------------2.967130--------------
------------Time consuming: 0.647766---Storaging: 6769606656.000000---------
---------------------36---------------------
Training 7Scenes_chess_vmloc_False_2019_3: Epoch 37, kl_loss 0.007938, dis_loss-1.499960
-------------0.136017-----------------2.966635--------------
------------Time consuming: 0.644480---Storaging: 6769606656.000000---------
---------------------37---------------------
Training 7Scenes_chess_vmloc_False_2019_3: Epoch 38, kl_loss 0.007941, dis_loss-1.564109
-------------0.139321-----------------2.966219--------------
------------Time consuming: 0.645065---Storaging: 6769606656.000000---------
---------------------38---------------------
Training 7Scenes_chess_vmloc_False_2019_3: Epoch 39, kl_loss 0.007937, dis_loss-1.565056
-------------0.142619-----------------2.965774--------------
------------Time consuming: 0.647343---Storaging: 6769606656.000000---------
---------------------39---------------------
Val 7Scenes_chess_vmloc_False_2019_3: Epoch 40, val_loss 0.297149
-------------0.142619-----------------2.965774--------------
Error in translation: median 0.45 m,  mean 0.47 m 
 Error in rotation: median 11.88 degrees, mean 13.49 degree
---------------------40---------------------
Epoch 40 checkpoint saved for 7Scenes_chess_vmloc_False_2019_3
Training 7Scenes_chess_vmloc_False_2019_3: Epoch 40, kl_loss 0.007933, dis_loss-1.625283
-------------0.145906-----------------2.965429--------------
------------Time consuming: 0.656838---Storaging: 6769606656.000000---------
---------------------40---------------------
Epoch 40 checkpoint saved for 7Scenes_chess_vmloc_False_2019_3
Training 7Scenes_chess_vmloc_False_2019_3: Epoch 41, kl_loss 0.007923, dis_loss-1.594106
-------------0.149186-----------------2.964966--------------
------------Time consuming: 0.646477---Storaging: 6769606656.000000---------
---------------------41---------------------
Training 7Scenes_chess_vmloc_False_2019_3: Epoch 42, kl_loss 0.007918, dis_loss-1.681617
-------------0.152478-----------------2.964723--------------
------------Time consuming: 0.645880---Storaging: 6769606656.000000---------
---------------------42---------------------
Training 7Scenes_chess_vmloc_False_2019_3: Epoch 43, kl_loss 0.007921, dis_loss-1.711912
-------------0.155754-----------------2.964572--------------
------------Time consuming: 0.642548---Storaging: 6769606656.000000---------
---------------------43---------------------
Training 7Scenes_chess_vmloc_False_2019_3: Epoch 44, kl_loss 0.007914, dis_loss-1.724641
-------------0.159023-----------------2.964336--------------
------------Time consuming: 0.642544---Storaging: 6769606656.000000---------
---------------------44---------------------
Val 7Scenes_chess_vmloc_False_2019_3: Epoch 45, val_loss 0.334959
-------------0.159023-----------------2.964336--------------
Error in translation: median 0.46 m,  mean 0.48 m 
 Error in rotation: median 18.26 degrees, mean 19.50 degree
---------------------45---------------------
Epoch 45 checkpoint saved for 7Scenes_chess_vmloc_False_2019_3
Training 7Scenes_chess_vmloc_False_2019_3: Epoch 45, kl_loss 0.007917, dis_loss-1.658318
-------------0.162284-----------------2.963949--------------
------------Time consuming: 0.653082---Storaging: 6769606656.000000---------
---------------------45---------------------
Epoch 45 checkpoint saved for 7Scenes_chess_vmloc_False_2019_3
Training 7Scenes_chess_vmloc_False_2019_3: Epoch 46, kl_loss 0.007916, dis_loss-1.677326
-------------0.165537-----------------2.963577--------------
------------Time consuming: 0.648202---Storaging: 6769606656.000000---------
---------------------46---------------------
Training 7Scenes_chess_vmloc_False_2019_3: Epoch 47, kl_loss 0.007914, dis_loss-1.735167
-------------0.168782-----------------2.963330--------------
------------Time consuming: 0.656766---Storaging: 6769606656.000000---------
---------------------47---------------------
Training 7Scenes_chess_vmloc_False_2019_3: Epoch 48, kl_loss 0.007914, dis_loss-1.754706
-------------0.172021-----------------2.963105--------------
------------Time consuming: 0.659916---Storaging: 6769606656.000000---------
---------------------48---------------------
Training 7Scenes_chess_vmloc_False_2019_3: Epoch 49, kl_loss 0.007911, dis_loss-1.704710
-------------0.175255-----------------2.962708--------------
------------Time consuming: 0.647652---Storaging: 6769606656.000000---------
---------------------49---------------------
Val 7Scenes_chess_vmloc_False_2019_3: Epoch 50, val_loss 0.291258
-------------0.175255-----------------2.962708--------------
Error in translation: median 0.43 m,  mean 0.45 m 
 Error in rotation: median 12.61 degrees, mean 14.82 degree
---------------------50---------------------
Epoch 50 checkpoint saved for 7Scenes_chess_vmloc_False_2019_3
Training 7Scenes_chess_vmloc_False_2019_3: Epoch 50, kl_loss 0.007913, dis_loss-1.741849
-------------0.178473-----------------2.962523--------------
------------Time consuming: 0.682005---Storaging: 6769606656.000000---------
---------------------50---------------------
Epoch 50 checkpoint saved for 7Scenes_chess_vmloc_False_2019_3
Training 7Scenes_chess_vmloc_False_2019_3: Epoch 51, kl_loss 0.007907, dis_loss-1.729662
-------------0.181673-----------------2.962242--------------
------------Time consuming: 0.653345---Storaging: 6769606656.000000---------
---------------------51---------------------
Training 7Scenes_chess_vmloc_False_2019_3: Epoch 52, kl_loss 0.007897, dis_loss-1.778460
-------------0.184887-----------------2.962096--------------
------------Time consuming: 0.652400---Storaging: 6769606656.000000---------
---------------------52---------------------
Training 7Scenes_chess_vmloc_False_2019_3: Epoch 53, kl_loss 0.007894, dis_loss-1.846130
-------------0.188100-----------------2.962109--------------
------------Time consuming: 0.653236---Storaging: 6769606656.000000---------
---------------------53---------------------
Training 7Scenes_chess_vmloc_False_2019_3: Epoch 54, kl_loss 0.007896, dis_loss-1.846202
-------------0.191308-----------------2.962113--------------
------------Time consuming: 0.646982---Storaging: 6769606656.000000---------
---------------------54---------------------
Val 7Scenes_chess_vmloc_False_2019_3: Epoch 55, val_loss 0.308835
-------------0.191308-----------------2.962113--------------
Error in translation: median 0.49 m,  mean 0.49 m 
 Error in rotation: median 13.30 degrees, mean 14.58 degree
---------------------55---------------------
Epoch 55 checkpoint saved for 7Scenes_chess_vmloc_False_2019_3
Training 7Scenes_chess_vmloc_False_2019_3: Epoch 55, kl_loss 0.007894, dis_loss-1.841227
-------------0.194492-----------------2.962155--------------
------------Time consuming: 0.663543---Storaging: 6769606656.000000---------
---------------------55---------------------
Epoch 55 checkpoint saved for 7Scenes_chess_vmloc_False_2019_3
Training 7Scenes_chess_vmloc_False_2019_3: Epoch 56, kl_loss 0.007889, dis_loss-1.854990
-------------0.197687-----------------2.962129--------------
------------Time consuming: 0.654804---Storaging: 6769606656.000000---------
---------------------56---------------------
Training 7Scenes_chess_vmloc_False_2019_3: Epoch 57, kl_loss 0.007888, dis_loss-1.934697
-------------0.200907-----------------2.962356--------------
------------Time consuming: 0.663285---Storaging: 6769606656.000000---------
---------------------57---------------------
Training 7Scenes_chess_vmloc_False_2019_3: Epoch 58, kl_loss 0.007892, dis_loss-1.866919
-------------0.204101-----------------2.962428--------------
------------Time consuming: 0.652136---Storaging: 6769606656.000000---------
---------------------58---------------------
Training 7Scenes_chess_vmloc_False_2019_3: Epoch 59, kl_loss 0.007888, dis_loss-1.924031
-------------0.207284-----------------2.962699--------------
------------Time consuming: 0.654038---Storaging: 6769606656.000000---------
---------------------59---------------------
Val 7Scenes_chess_vmloc_False_2019_3: Epoch 60, val_loss 0.329988
-------------0.207284-----------------2.962699--------------
Error in translation: median 0.49 m,  mean 0.50 m 
 Error in rotation: median 14.30 degrees, mean 16.35 degree
---------------------60---------------------
Epoch 60 checkpoint saved for 7Scenes_chess_vmloc_False_2019_3
Training 7Scenes_chess_vmloc_False_2019_3: Epoch 60, kl_loss 0.007883, dis_loss-1.871184
-------------0.210464-----------------2.962692--------------
------------Time consuming: 0.661887---Storaging: 6769606656.000000---------
---------------------60---------------------
Epoch 60 checkpoint saved for 7Scenes_chess_vmloc_False_2019_3
Training 7Scenes_chess_vmloc_False_2019_3: Epoch 61, kl_loss 0.007881, dis_loss-1.845726
-------------0.213629-----------------2.962606--------------
------------Time consuming: 0.651777---Storaging: 6769606656.000000---------
---------------------61---------------------
Training 7Scenes_chess_vmloc_False_2019_3: Epoch 62, kl_loss 0.007878, dis_loss-1.797340
-------------0.216803-----------------2.962275--------------
------------Time consuming: 0.657734---Storaging: 6769606656.000000---------
---------------------62---------------------
Training 7Scenes_chess_vmloc_False_2019_3: Epoch 63, kl_loss 0.007877, dis_loss-1.881551
-------------0.219952-----------------2.962239--------------
------------Time consuming: 0.805639---Storaging: 6769606656.000000---------
---------------------63---------------------
Training 7Scenes_chess_vmloc_False_2019_3: Epoch 64, kl_loss 0.007876, dis_loss-2.003522
-------------0.223123-----------------2.962742--------------
------------Time consuming: 0.815221---Storaging: 6769606656.000000---------
---------------------64---------------------
Val 7Scenes_chess_vmloc_False_2019_3: Epoch 65, val_loss 0.334587
-------------0.223123-----------------2.962742--------------
Error in translation: median 0.47 m,  mean 0.48 m 
 Error in rotation: median 16.57 degrees, mean 18.25 degree
---------------------65---------------------
Epoch 65 checkpoint saved for 7Scenes_chess_vmloc_False_2019_3
Training 7Scenes_chess_vmloc_False_2019_3: Epoch 65, kl_loss 0.007875, dis_loss-1.923215
-------------0.226274-----------------2.963012--------------
------------Time consuming: 0.653189---Storaging: 6769606656.000000---------
---------------------65---------------------
Epoch 65 checkpoint saved for 7Scenes_chess_vmloc_False_2019_3
Training 7Scenes_chess_vmloc_False_2019_3: Epoch 66, kl_loss 0.007872, dis_loss-1.841061
-------------0.229434-----------------2.962765--------------
------------Time consuming: 0.654591---Storaging: 6769606656.000000---------
---------------------66---------------------
Training 7Scenes_chess_vmloc_False_2019_3: Epoch 67, kl_loss 0.007871, dis_loss-1.927626
-------------0.232596-----------------2.962795--------------
------------Time consuming: 0.656694---Storaging: 6769606656.000000---------
---------------------67---------------------
Training 7Scenes_chess_vmloc_False_2019_3: Epoch 68, kl_loss 0.007867, dis_loss-2.012696
-------------0.235762-----------------2.963311--------------
------------Time consuming: 0.642389---Storaging: 6769606656.000000---------
---------------------68---------------------
Training 7Scenes_chess_vmloc_False_2019_3: Epoch 69, kl_loss 0.007865, dis_loss-2.003711
-------------0.238923-----------------2.963828--------------
------------Time consuming: 0.647291---Storaging: 6769606656.000000---------
---------------------69---------------------
Val 7Scenes_chess_vmloc_False_2019_3: Epoch 70, val_loss 0.381456
-------------0.238923-----------------2.963828--------------
Error in translation: median 0.58 m,  mean 0.59 m 
 Error in rotation: median 16.02 degrees, mean 17.31 degree
---------------------70---------------------
Epoch 70 checkpoint saved for 7Scenes_chess_vmloc_False_2019_3
Training 7Scenes_chess_vmloc_False_2019_3: Epoch 70, kl_loss 0.007863, dis_loss-1.891396
-------------0.242070-----------------2.963681--------------
------------Time consuming: 0.729235---Storaging: 6769606656.000000---------
---------------------70---------------------
Epoch 70 checkpoint saved for 7Scenes_chess_vmloc_False_2019_3
Training 7Scenes_chess_vmloc_False_2019_3: Epoch 71, kl_loss 0.007864, dis_loss-2.046990
-------------0.245222-----------------2.964330--------------
------------Time consuming: 0.687141---Storaging: 6769606656.000000---------
---------------------71---------------------
Training 7Scenes_chess_vmloc_False_2019_3: Epoch 72, kl_loss 0.007860, dis_loss-2.034641
-------------0.248364-----------------2.965043--------------
------------Time consuming: 0.650558---Storaging: 6769606656.000000---------
---------------------72---------------------
Training 7Scenes_chess_vmloc_False_2019_3: Epoch 73, kl_loss 0.007860, dis_loss-2.012758
-------------0.251509-----------------2.965509--------------
------------Time consuming: 0.630856---Storaging: 6769606656.000000---------
---------------------73---------------------
Training 7Scenes_chess_vmloc_False_2019_3: Epoch 74, kl_loss 0.007861, dis_loss-2.057256
-------------0.254663-----------------2.966250--------------
------------Time consuming: 0.641342---Storaging: 6769606656.000000---------
---------------------74---------------------
Val 7Scenes_chess_vmloc_False_2019_3: Epoch 75, val_loss 0.354638
-------------0.254663-----------------2.966250--------------
Error in translation: median 0.55 m,  mean 0.55 m 
 Error in rotation: median 14.28 degrees, mean 16.19 degree
---------------------75---------------------
Epoch 75 checkpoint saved for 7Scenes_chess_vmloc_False_2019_3
Training 7Scenes_chess_vmloc_False_2019_3: Epoch 75, kl_loss 0.007859, dis_loss-2.057026
-------------0.257815-----------------2.966946--------------
------------Time consuming: 0.656279---Storaging: 6769606656.000000---------
---------------------75---------------------
Epoch 75 checkpoint saved for 7Scenes_chess_vmloc_False_2019_3
Training 7Scenes_chess_vmloc_False_2019_3: Epoch 76, kl_loss 0.007858, dis_loss-2.099267
-------------0.260961-----------------2.967895--------------
------------Time consuming: 0.654034---Storaging: 6769606656.000000---------
---------------------76---------------------
Training 7Scenes_chess_vmloc_False_2019_3: Epoch 77, kl_loss 0.007856, dis_loss-2.074618
-------------0.264100-----------------2.968798--------------
------------Time consuming: 0.644172---Storaging: 6769606656.000000---------
---------------------77---------------------
Training 7Scenes_chess_vmloc_False_2019_3: Epoch 78, kl_loss 0.007855, dis_loss-2.089442
-------------0.267250-----------------2.969615--------------
------------Time consuming: 0.647008---Storaging: 6769606656.000000---------
---------------------78---------------------
Training 7Scenes_chess_vmloc_False_2019_3: Epoch 79, kl_loss 0.007853, dis_loss-2.117019
-------------0.270395-----------------2.970755--------------
------------Time consuming: 0.645917---Storaging: 6769606656.000000---------
---------------------79---------------------
Val 7Scenes_chess_vmloc_False_2019_3: Epoch 80, val_loss 0.370944
-------------0.270395-----------------2.970755--------------
Error in translation: median 0.58 m,  mean 0.59 m 
 Error in rotation: median 13.71 degrees, mean 15.36 degree
---------------------80---------------------
Epoch 80 checkpoint saved for 7Scenes_chess_vmloc_False_2019_3
Training 7Scenes_chess_vmloc_False_2019_3: Epoch 80, kl_loss 0.007852, dis_loss-2.167823
-------------0.273517-----------------2.972090--------------
------------Time consuming: 0.636597---Storaging: 6769606656.000000---------
---------------------80---------------------
Epoch 80 checkpoint saved for 7Scenes_chess_vmloc_False_2019_3
