nohup: ignoring input
============= 1 0
Logging to /mnt/nas/kaichen/eng/LOC/vmloc_git/record/7Scenes_pumpkin_concatenate_False_2019_2/runs/log.txt
Not Using ColorJitter
c_nvmlMemory_t(total: 24146608128 B, free: 14555742208 B, used: 9590865920 B)
/home/kaichen/.conda/envs/rigid/lib/python3.8/site-packages/torch/nn/functional.py:1628: UserWarning: nn.functional.tanh is deprecated. Use torch.tanh instead.
  warnings.warn("nn.functional.tanh is deprecated. Use torch.tanh instead.")
Val 7Scenes_pumpkin_concatenate_False_2019_2: Epoch 0, val_loss 1.518960
------------0.000000-----------------3.000000--------------
Error in translation: median 1.72 m,  mean 1.70 m 
 Error in rotation: median 151.72 degrees, mean 146.11 degree
---------------------0---------------------
Epoch 0 checkpoint saved for 7Scenes_pumpkin_concatenate_False_2019_2
Training 7Scenes_pumpkin_concatenate_False_2019_2: Epoch 0, kl_loss 0.000000, dis_loss16.278116
-------------0.001477-----------------2.996937--------------
------------Time consuming: 1.473250---Storaging: 6696206336.000000---------
---------------------0---------------------
Epoch 0 checkpoint saved for 7Scenes_pumpkin_concatenate_False_2019_2
Training 7Scenes_pumpkin_concatenate_False_2019_2: Epoch 1, kl_loss 0.000000, dis_loss14.317195
-------------0.005625-----------------2.994007--------------
------------Time consuming: 0.947351---Storaging: 6698203623.619047---------
---------------------1---------------------
Training 7Scenes_pumpkin_concatenate_False_2019_2: Epoch 2, kl_loss 0.000000, dis_loss10.923602
-------------0.010537-----------------2.991469--------------
------------Time consuming: 1.032846---Storaging: 6698303488.000000---------
---------------------2---------------------
Training 7Scenes_pumpkin_concatenate_False_2019_2: Epoch 3, kl_loss 0.000000, dis_loss6.975788
-------------0.015903-----------------2.989513--------------
------------Time consuming: 1.066446---Storaging: 6698303488.000000---------
---------------------3---------------------
Training 7Scenes_pumpkin_concatenate_False_2019_2: Epoch 4, kl_loss 0.000000, dis_loss3.492818
-------------0.021213-----------------2.988187--------------
------------Time consuming: 1.031437---Storaging: 6698303488.000000---------
---------------------4---------------------
Val 7Scenes_pumpkin_concatenate_False_2019_2: Epoch 5, val_loss 0.518593
-------------0.021213-----------------2.988187--------------
Error in translation: median 0.73 m,  mean 0.75 m 
 Error in rotation: median 30.03 degrees, mean 32.02 degree
---------------------5---------------------
Training 7Scenes_pumpkin_concatenate_False_2019_2: Epoch 5, kl_loss 0.000000, dis_loss2.037697
-------------0.026170-----------------2.987164--------------
------------Time consuming: 0.996286---Storaging: 6700400640.000000---------
---------------------5---------------------
Training 7Scenes_pumpkin_concatenate_False_2019_2: Epoch 6, kl_loss 0.000000, dis_loss0.907588
-------------0.030857-----------------2.986359--------------
------------Time consuming: 1.082388---Storaging: 6700400640.000000---------
---------------------6---------------------
Training 7Scenes_pumpkin_concatenate_False_2019_2: Epoch 7, kl_loss 0.000000, dis_loss0.210583
-------------0.035281-----------------2.985711--------------
------------Time consuming: 1.034837---Storaging: 6700400640.000000---------
---------------------7---------------------
Training 7Scenes_pumpkin_concatenate_False_2019_2: Epoch 8, kl_loss 0.000000, dis_loss-0.488231
-------------0.039549-----------------2.985255--------------
------------Time consuming: 1.082617---Storaging: 6700400640.000000---------
---------------------8---------------------
Training 7Scenes_pumpkin_concatenate_False_2019_2: Epoch 9, kl_loss 0.000000, dis_loss-0.828073
-------------0.043666-----------------2.984902--------------
------------Time consuming: 1.037298---Storaging: 6700400640.000000---------
---------------------9---------------------
Val 7Scenes_pumpkin_concatenate_False_2019_2: Epoch 10, val_loss 0.406613
-------------0.043666-----------------2.984902--------------
Error in translation: median 0.70 m,  mean 0.66 m 
 Error in rotation: median 14.98 degrees, mean 18.52 degree
---------------------10---------------------
Epoch 10 checkpoint saved for 7Scenes_pumpkin_concatenate_False_2019_2
Training 7Scenes_pumpkin_concatenate_False_2019_2: Epoch 10, kl_loss 0.000000, dis_loss-1.014529
-------------0.047626-----------------2.984593--------------
------------Time consuming: 1.028305---Storaging: 6700400640.000000---------
---------------------10---------------------
Epoch 10 checkpoint saved for 7Scenes_pumpkin_concatenate_False_2019_2
Training 7Scenes_pumpkin_concatenate_False_2019_2: Epoch 11, kl_loss 0.000000, dis_loss-1.198021
-------------0.051522-----------------2.984345--------------
------------Time consuming: 1.090324---Storaging: 6700400640.000000---------
---------------------11---------------------
Training 7Scenes_pumpkin_concatenate_False_2019_2: Epoch 12, kl_loss 0.000000, dis_loss-1.259201
-------------0.055339-----------------2.984107--------------
------------Time consuming: 1.015502---Storaging: 6700400640.000000---------
---------------------12---------------------
Training 7Scenes_pumpkin_concatenate_False_2019_2: Epoch 13, kl_loss 0.000000, dis_loss-1.395932
-------------0.059083-----------------2.983925--------------
------------Time consuming: 1.071198---Storaging: 6700400640.000000---------
---------------------13---------------------
Training 7Scenes_pumpkin_concatenate_False_2019_2: Epoch 14, kl_loss 0.000000, dis_loss-1.277142
-------------0.062792-----------------2.983656--------------
------------Time consuming: 1.074863---Storaging: 6700400640.000000---------
---------------------14---------------------
Val 7Scenes_pumpkin_concatenate_False_2019_2: Epoch 15, val_loss 0.380665
-------------0.062792-----------------2.983656--------------
Error in translation: median 0.65 m,  mean 0.63 m 
 Error in rotation: median 10.13 degrees, mean 15.69 degree
---------------------15---------------------
Training 7Scenes_pumpkin_concatenate_False_2019_2: Epoch 15, kl_loss 0.000000, dis_loss-1.330213
-------------0.066454-----------------2.983408--------------
------------Time consuming: 1.037604---Storaging: 6700400640.000000---------
---------------------15---------------------
Training 7Scenes_pumpkin_concatenate_False_2019_2: Epoch 16, kl_loss 0.000000, dis_loss-1.464744
-------------0.070103-----------------2.983217--------------
------------Time consuming: 0.967136---Storaging: 6700400640.000000---------
---------------------16---------------------
Training 7Scenes_pumpkin_concatenate_False_2019_2: Epoch 17, kl_loss 0.000000, dis_loss-1.501975
-------------0.073714-----------------2.983007--------------
------------Time consuming: 1.120351---Storaging: 6700400640.000000---------
---------------------17---------------------
Training 7Scenes_pumpkin_concatenate_False_2019_2: Epoch 18, kl_loss 0.000000, dis_loss-1.505772
-------------0.077301-----------------2.982822--------------
------------Time consuming: 1.016511---Storaging: 6700400640.000000---------
---------------------18---------------------
Training 7Scenes_pumpkin_concatenate_False_2019_2: Epoch 19, kl_loss 0.000000, dis_loss-1.620084
-------------0.080877-----------------2.982653--------------
------------Time consuming: 1.123326---Storaging: 6700400640.000000---------
---------------------19---------------------
Val 7Scenes_pumpkin_concatenate_False_2019_2: Epoch 20, val_loss 0.337024
-------------0.080877-----------------2.982653--------------
Error in translation: median 0.55 m,  mean 0.54 m 
 Error in rotation: median 11.34 degrees, mean 16.91 degree
---------------------20---------------------
Epoch 20 checkpoint saved for 7Scenes_pumpkin_concatenate_False_2019_2
Training 7Scenes_pumpkin_concatenate_False_2019_2: Epoch 20, kl_loss 0.000000, dis_loss-1.731831
-------------0.084421-----------------2.982570--------------
------------Time consuming: 1.088968---Storaging: 6700400640.000000---------
---------------------20---------------------
Epoch 20 checkpoint saved for 7Scenes_pumpkin_concatenate_False_2019_2
Training 7Scenes_pumpkin_concatenate_False_2019_2: Epoch 21, kl_loss 0.000000, dis_loss-1.665102
-------------0.087960-----------------2.982450--------------
------------Time consuming: 1.020147---Storaging: 6700400640.000000---------
---------------------21---------------------
Training 7Scenes_pumpkin_concatenate_False_2019_2: Epoch 22, kl_loss 0.000000, dis_loss-1.807830
-------------0.091484-----------------2.982392--------------
------------Time consuming: 1.094198---Storaging: 6700400640.000000---------
---------------------22---------------------
Training 7Scenes_pumpkin_concatenate_False_2019_2: Epoch 23, kl_loss 0.000000, dis_loss-1.795721
-------------0.095004-----------------2.982323--------------
------------Time consuming: 0.969721---Storaging: 6700400640.000000---------
---------------------23---------------------
Training 7Scenes_pumpkin_concatenate_False_2019_2: Epoch 24, kl_loss 0.000000, dis_loss-1.772194
-------------0.098516-----------------2.982250--------------
------------Time consuming: 1.028930---Storaging: 6700400640.000000---------
---------------------24---------------------
Val 7Scenes_pumpkin_concatenate_False_2019_2: Epoch 25, val_loss 0.298623
-------------0.098516-----------------2.982250--------------
Error in translation: median 0.46 m,  mean 0.48 m 
 Error in rotation: median 9.94 degrees, mean 14.40 degree
---------------------25---------------------
Training 7Scenes_pumpkin_concatenate_False_2019_2: Epoch 25, kl_loss 0.000000, dis_loss-1.804545
-------------0.102025-----------------2.982143--------------
------------Time consuming: 1.109390---Storaging: 6700400640.000000---------
---------------------25---------------------
Training 7Scenes_pumpkin_concatenate_False_2019_2: Epoch 26, kl_loss 0.000000, dis_loss-1.700558
-------------0.105519-----------------2.981986--------------
------------Time consuming: 1.065836---Storaging: 6700400640.000000---------
---------------------26---------------------
Training 7Scenes_pumpkin_concatenate_False_2019_2: Epoch 27, kl_loss 0.000000, dis_loss-1.928292
-------------0.108999-----------------2.981977--------------
------------Time consuming: 0.955812---Storaging: 6700400640.000000---------
---------------------27---------------------
Training 7Scenes_pumpkin_concatenate_False_2019_2: Epoch 28, kl_loss 0.000000, dis_loss-1.943392
-------------0.112472-----------------2.981988--------------
------------Time consuming: 1.092825---Storaging: 6700400640.000000---------
---------------------28---------------------
Training 7Scenes_pumpkin_concatenate_False_2019_2: Epoch 29, kl_loss 0.000000, dis_loss-1.887637
-------------0.115922-----------------2.981954--------------
------------Time consuming: 1.022748---Storaging: 6700400640.000000---------
---------------------29---------------------
Val 7Scenes_pumpkin_concatenate_False_2019_2: Epoch 30, val_loss 0.296616
-------------0.115922-----------------2.981954--------------
Error in translation: median 0.44 m,  mean 0.47 m 
 Error in rotation: median 8.79 degrees, mean 13.77 degree
---------------------30---------------------
Epoch 30 checkpoint saved for 7Scenes_pumpkin_concatenate_False_2019_2
Training 7Scenes_pumpkin_concatenate_False_2019_2: Epoch 30, kl_loss 0.000000, dis_loss-1.938023
-------------0.119374-----------------2.981944--------------
------------Time consuming: 0.921704---Storaging: 6700400640.000000---------
---------------------30---------------------
Epoch 30 checkpoint saved for 7Scenes_pumpkin_concatenate_False_2019_2
Training 7Scenes_pumpkin_concatenate_False_2019_2: Epoch 31, kl_loss 0.000000, dis_loss-2.005326
-------------0.122807-----------------2.982021--------------
------------Time consuming: 1.108069---Storaging: 6700400640.000000---------
---------------------31---------------------
Training 7Scenes_pumpkin_concatenate_False_2019_2: Epoch 32, kl_loss 0.000000, dis_loss-2.006766
-------------0.126244-----------------2.982066--------------
------------Time consuming: 1.018297---Storaging: 6700400640.000000---------
---------------------32---------------------
Training 7Scenes_pumpkin_concatenate_False_2019_2: Epoch 33, kl_loss 0.000000, dis_loss-2.074433
-------------0.129657-----------------2.982221--------------
------------Time consuming: 1.050025---Storaging: 6700400640.000000---------
---------------------33---------------------
Training 7Scenes_pumpkin_concatenate_False_2019_2: Epoch 34, kl_loss 0.000000, dis_loss-1.903283
-------------0.133072-----------------2.982154--------------
------------Time consuming: 1.038644---Storaging: 6700400640.000000---------
---------------------34---------------------
Val 7Scenes_pumpkin_concatenate_False_2019_2: Epoch 35, val_loss 0.270950
-------------0.133072-----------------2.982154--------------
Error in translation: median 0.38 m,  mean 0.43 m 
 Error in rotation: median 9.48 degrees, mean 13.94 degree
---------------------35---------------------
Training 7Scenes_pumpkin_concatenate_False_2019_2: Epoch 35, kl_loss 0.000000, dis_loss-2.005267
-------------0.136495-----------------2.982174--------------
------------Time consuming: 1.027794---Storaging: 6700400640.000000---------
---------------------35---------------------
Training 7Scenes_pumpkin_concatenate_False_2019_2: Epoch 36, kl_loss 0.000000, dis_loss-2.071662
-------------0.139899-----------------2.982279--------------
------------Time consuming: 1.098981---Storaging: 6700400640.000000---------
---------------------36---------------------
Training 7Scenes_pumpkin_concatenate_False_2019_2: Epoch 37, kl_loss 0.000000, dis_loss-2.090850
-------------0.143294-----------------2.982424--------------
------------Time consuming: 1.031698---Storaging: 6700400640.000000---------
---------------------37---------------------
Training 7Scenes_pumpkin_concatenate_False_2019_2: Epoch 38, kl_loss 0.000000, dis_loss-2.067999
-------------0.146671-----------------2.982537--------------
------------Time consuming: 0.944890---Storaging: 6700400640.000000---------
---------------------38---------------------
Training 7Scenes_pumpkin_concatenate_False_2019_2: Epoch 39, kl_loss 0.000000, dis_loss-2.137294
-------------0.150043-----------------2.982697--------------
------------Time consuming: 1.086944---Storaging: 6700400640.000000---------
---------------------39---------------------
Val 7Scenes_pumpkin_concatenate_False_2019_2: Epoch 40, val_loss 0.269674
-------------0.150043-----------------2.982697--------------
Error in translation: median 0.38 m,  mean 0.42 m 
 Error in rotation: median 9.11 degrees, mean 12.97 degree
---------------------40---------------------
Epoch 40 checkpoint saved for 7Scenes_pumpkin_concatenate_False_2019_2
Training 7Scenes_pumpkin_concatenate_False_2019_2: Epoch 40, kl_loss 0.000000, dis_loss-2.163214
-------------0.153401-----------------2.982933--------------
------------Time consuming: 1.050773---Storaging: 6700400640.000000---------
---------------------40---------------------
Epoch 40 checkpoint saved for 7Scenes_pumpkin_concatenate_False_2019_2
Training 7Scenes_pumpkin_concatenate_False_2019_2: Epoch 41, kl_loss 0.000000, dis_loss-2.156958
-------------0.156767-----------------2.983166--------------
------------Time consuming: 0.925466---Storaging: 6700400640.000000---------
---------------------41---------------------
Training 7Scenes_pumpkin_concatenate_False_2019_2: Epoch 42, kl_loss 0.000000, dis_loss-1.993827
-------------0.160111-----------------2.983192--------------
------------Time consuming: 1.095124---Storaging: 6700400640.000000---------
---------------------42---------------------
Training 7Scenes_pumpkin_concatenate_False_2019_2: Epoch 43, kl_loss 0.000000, dis_loss-2.038176
-------------0.163450-----------------2.983212--------------
------------Time consuming: 1.021358---Storaging: 6700400640.000000---------
---------------------43---------------------
Training 7Scenes_pumpkin_concatenate_False_2019_2: Epoch 44, kl_loss 0.000000, dis_loss-2.138412
-------------0.166782-----------------2.983325--------------
------------Time consuming: 1.102706---Storaging: 6700400640.000000---------
---------------------44---------------------
Val 7Scenes_pumpkin_concatenate_False_2019_2: Epoch 45, val_loss 0.269743
-------------0.166782-----------------2.983325--------------
Error in translation: median 0.36 m,  mean 0.40 m 
 Error in rotation: median 12.01 degrees, mean 15.16 degree
---------------------45---------------------
Training 7Scenes_pumpkin_concatenate_False_2019_2: Epoch 45, kl_loss 0.000000, dis_loss-2.208158
-------------0.170106-----------------2.983615--------------
------------Time consuming: 1.018933---Storaging: 6700400640.000000---------
---------------------45---------------------
Training 7Scenes_pumpkin_concatenate_False_2019_2: Epoch 46, kl_loss 0.000000, dis_loss-2.142669
-------------0.173406-----------------2.983850--------------
------------Time consuming: 1.057947---Storaging: 6700400640.000000---------
---------------------46---------------------
Training 7Scenes_pumpkin_concatenate_False_2019_2: Epoch 47, kl_loss 0.000000, dis_loss-2.215161
-------------0.176731-----------------2.984125--------------
------------Time consuming: 1.062803---Storaging: 6700400640.000000---------
---------------------47---------------------
Training 7Scenes_pumpkin_concatenate_False_2019_2: Epoch 48, kl_loss 0.000000, dis_loss-2.202488
-------------0.180037-----------------2.984458--------------
------------Time consuming: 1.059979---Storaging: 6700400640.000000---------
---------------------48---------------------
Training 7Scenes_pumpkin_concatenate_False_2019_2: Epoch 49, kl_loss 0.000000, dis_loss-2.239781
-------------0.183356-----------------2.984778--------------
------------Time consuming: 0.961394---Storaging: 6700400640.000000---------
---------------------49---------------------
Val 7Scenes_pumpkin_concatenate_False_2019_2: Epoch 50, val_loss 0.278454
-------------0.183356-----------------2.984778--------------
Error in translation: median 0.37 m,  mean 0.42 m 
 Error in rotation: median 11.49 degrees, mean 15.99 degree
---------------------50---------------------
Epoch 50 checkpoint saved for 7Scenes_pumpkin_concatenate_False_2019_2
Training 7Scenes_pumpkin_concatenate_False_2019_2: Epoch 50, kl_loss 0.000000, dis_loss-2.167188
-------------0.186658-----------------2.985009--------------
------------Time consuming: 1.065798---Storaging: 6700400640.000000---------
---------------------50---------------------
Epoch 50 checkpoint saved for 7Scenes_pumpkin_concatenate_False_2019_2
Training 7Scenes_pumpkin_concatenate_False_2019_2: Epoch 51, kl_loss 0.000000, dis_loss-2.155799
-------------0.189944-----------------2.985217--------------
------------Time consuming: 1.107698---Storaging: 6700400640.000000---------
---------------------51---------------------
Training 7Scenes_pumpkin_concatenate_False_2019_2: Epoch 52, kl_loss 0.000000, dis_loss-2.238693
-------------0.193212-----------------2.985571--------------
------------Time consuming: 0.998109---Storaging: 6700400640.000000---------
---------------------52---------------------
Training 7Scenes_pumpkin_concatenate_False_2019_2: Epoch 53, kl_loss 0.000000, dis_loss-2.189879
-------------0.196474-----------------2.985881--------------
------------Time consuming: 1.040012---Storaging: 6700400640.000000---------
---------------------53---------------------
Training 7Scenes_pumpkin_concatenate_False_2019_2: Epoch 54, kl_loss 0.000000, dis_loss-2.342452
-------------0.199751-----------------2.986449--------------
------------Time consuming: 1.051487---Storaging: 6700400640.000000---------
---------------------54---------------------
Val 7Scenes_pumpkin_concatenate_False_2019_2: Epoch 55, val_loss 0.261101
-------------0.199751-----------------2.986449--------------
Error in translation: median 0.35 m,  mean 0.41 m 
 Error in rotation: median 7.76 degrees, mean 12.50 degree
---------------------55---------------------
Training 7Scenes_pumpkin_concatenate_False_2019_2: Epoch 55, kl_loss 0.000000, dis_loss-2.354027
-------------0.203019-----------------2.987106--------------
------------Time consuming: 0.983502---Storaging: 6700400640.000000---------
---------------------55---------------------
Training 7Scenes_pumpkin_concatenate_False_2019_2: Epoch 56, kl_loss 0.000000, dis_loss-2.283254
-------------0.206278-----------------2.987564--------------
------------Time consuming: 1.053803---Storaging: 6700400640.000000---------
---------------------56---------------------
Training 7Scenes_pumpkin_concatenate_False_2019_2: Epoch 57, kl_loss 0.000000, dis_loss-2.291148
-------------0.209517-----------------2.988101--------------
------------Time consuming: 1.073303---Storaging: 6700400640.000000---------
---------------------57---------------------
Training 7Scenes_pumpkin_concatenate_False_2019_2: Epoch 58, kl_loss 0.000000, dis_loss-2.342853
-------------0.212754-----------------2.988736--------------
------------Time consuming: 1.042038---Storaging: 6700400640.000000---------
---------------------58---------------------
Training 7Scenes_pumpkin_concatenate_False_2019_2: Epoch 59, kl_loss 0.000000, dis_loss-2.334231
-------------0.215983-----------------2.989373--------------
------------Time consuming: 1.078270---Storaging: 6700400640.000000---------
---------------------59---------------------
Val 7Scenes_pumpkin_concatenate_False_2019_2: Epoch 60, val_loss 0.241570
-------------0.215983-----------------2.989373--------------
Error in translation: median 0.31 m,  mean 0.37 m 
 Error in rotation: median 8.93 degrees, mean 13.10 degree
---------------------60---------------------
Epoch 60 checkpoint saved for 7Scenes_pumpkin_concatenate_False_2019_2
Training 7Scenes_pumpkin_concatenate_False_2019_2: Epoch 60, kl_loss 0.000000, dis_loss-2.422604
-------------0.219215-----------------2.990237--------------
------------Time consuming: 0.672290---Storaging: -1203765248.000000---------
---------------------60---------------------
Epoch 60 checkpoint saved for 7Scenes_pumpkin_concatenate_False_2019_2
Training 7Scenes_pumpkin_concatenate_False_2019_2: Epoch 61, kl_loss 0.000000, dis_loss-2.401445
-------------0.222452-----------------2.991096--------------
------------Time consuming: 0.676787---Storaging: -1203765248.000000---------
---------------------61---------------------
Training 7Scenes_pumpkin_concatenate_False_2019_2: Epoch 62, kl_loss 0.000000, dis_loss-2.366167
-------------0.225672-----------------2.991844--------------
------------Time consuming: 0.725085---Storaging: -1203765248.000000---------
---------------------62---------------------
Training 7Scenes_pumpkin_concatenate_False_2019_2: Epoch 63, kl_loss 0.000000, dis_loss-2.392679
-------------0.228891-----------------2.992702--------------
------------Time consuming: 0.708098---Storaging: -1203765248.000000---------
---------------------63---------------------
Training 7Scenes_pumpkin_concatenate_False_2019_2: Epoch 64, kl_loss 0.000000, dis_loss-2.412498
-------------0.232101-----------------2.993632--------------
------------Time consuming: 0.721340---Storaging: -1203765248.000000---------
---------------------64---------------------
Val 7Scenes_pumpkin_concatenate_False_2019_2: Epoch 65, val_loss 0.241238
-------------0.232101-----------------2.993632--------------
Error in translation: median 0.28 m,  mean 0.37 m 
 Error in rotation: median 8.36 degrees, mean 13.21 degree
---------------------65---------------------
Training 7Scenes_pumpkin_concatenate_False_2019_2: Epoch 65, kl_loss 0.000000, dis_loss-2.417072
-------------0.235315-----------------2.994525--------------
------------Time consuming: 0.669032---Storaging: -1203765248.000000---------
---------------------65---------------------
Training 7Scenes_pumpkin_concatenate_False_2019_2: Epoch 66, kl_loss 0.000000, dis_loss-2.451628
-------------0.238527-----------------2.995595--------------
------------Time consuming: 0.678995---Storaging: -1203765248.000000---------
---------------------66---------------------
Training 7Scenes_pumpkin_concatenate_False_2019_2: Epoch 67, kl_loss 0.000000, dis_loss-2.520778
-------------0.241734-----------------2.996852--------------
------------Time consuming: 0.666212---Storaging: -1203765248.000000---------
---------------------67---------------------
Training 7Scenes_pumpkin_concatenate_False_2019_2: Epoch 68, kl_loss 0.000000, dis_loss-2.491241
-------------0.244937-----------------2.998090--------------
------------Time consuming: 0.666689---Storaging: -1203765248.000000---------
---------------------68---------------------
Training 7Scenes_pumpkin_concatenate_False_2019_2: Epoch 69, kl_loss 0.000000, dis_loss-2.469931
-------------0.248135-----------------2.999286--------------
------------Time consuming: 0.703129---Storaging: -1203765248.000000---------
---------------------69---------------------
Val 7Scenes_pumpkin_concatenate_False_2019_2: Epoch 70, val_loss 0.226030
-------------0.248135-----------------2.999286--------------
Error in translation: median 0.27 m,  mean 0.34 m 
 Error in rotation: median 7.94 degrees, mean 13.13 degree
---------------------70---------------------
Epoch 70 checkpoint saved for 7Scenes_pumpkin_concatenate_False_2019_2
Training 7Scenes_pumpkin_concatenate_False_2019_2: Epoch 70, kl_loss 0.000000, dis_loss-2.476539
-------------0.251338-----------------3.000505--------------
------------Time consuming: 0.658565---Storaging: -1203765248.000000---------
---------------------70---------------------
Epoch 70 checkpoint saved for 7Scenes_pumpkin_concatenate_False_2019_2
Training 7Scenes_pumpkin_concatenate_False_2019_2: Epoch 71, kl_loss 0.000000, dis_loss-2.510363
-------------0.254519-----------------3.001823--------------
------------Time consuming: 0.655045---Storaging: -1203765248.000000---------
---------------------71---------------------
Training 7Scenes_pumpkin_concatenate_False_2019_2: Epoch 72, kl_loss 0.000000, dis_loss-2.401657
-------------0.257694-----------------3.002861--------------
------------Time consuming: 0.661742---Storaging: -1203765248.000000---------
---------------------72---------------------
Training 7Scenes_pumpkin_concatenate_False_2019_2: Epoch 73, kl_loss 0.000000, dis_loss-2.448184
-------------0.260880-----------------3.004010--------------
------------Time consuming: 0.662247---Storaging: -1203765248.000000---------
---------------------73---------------------
Training 7Scenes_pumpkin_concatenate_False_2019_2: Epoch 74, kl_loss 0.000000, dis_loss-2.520888
-------------0.264054-----------------3.005405--------------
------------Time consuming: 0.664107---Storaging: -1203765248.000000---------
---------------------74---------------------
Val 7Scenes_pumpkin_concatenate_False_2019_2: Epoch 75, val_loss 0.253174
-------------0.264054-----------------3.005405--------------
Error in translation: median 0.32 m,  mean 0.38 m 
 Error in rotation: median 8.97 degrees, mean 13.73 degree
---------------------75---------------------
Training 7Scenes_pumpkin_concatenate_False_2019_2: Epoch 75, kl_loss 0.000000, dis_loss-2.485250
-------------0.267240-----------------3.006840--------------
------------Time consuming: 0.653745---Storaging: -1203765248.000000---------
---------------------75---------------------
Training 7Scenes_pumpkin_concatenate_False_2019_2: Epoch 76, kl_loss 0.000000, dis_loss-2.489468
-------------0.270432-----------------3.008108--------------
------------Time consuming: 0.658473---Storaging: -1203765248.000000---------
---------------------76---------------------
Training 7Scenes_pumpkin_concatenate_False_2019_2: Epoch 77, kl_loss 0.000000, dis_loss-2.548680
-------------0.273629-----------------3.009670--------------
------------Time consuming: 0.651966---Storaging: -1203765248.000000---------
---------------------77---------------------
Training 7Scenes_pumpkin_concatenate_False_2019_2: Epoch 78, kl_loss 0.000000, dis_loss-2.531827
-------------0.276805-----------------3.011279--------------
------------Time consuming: 0.658684---Storaging: -1203765248.000000---------
---------------------78---------------------
Training 7Scenes_pumpkin_concatenate_False_2019_2: Epoch 79, kl_loss 0.000000, dis_loss-2.475455
-------------0.279987-----------------3.012580--------------
------------Time consuming: 0.695055---Storaging: -1203765248.000000---------
---------------------79---------------------
Val 7Scenes_pumpkin_concatenate_False_2019_2: Epoch 80, val_loss 0.237309
-------------0.279987-----------------3.012580--------------
Error in translation: median 0.27 m,  mean 0.35 m 
 Error in rotation: median 10.59 degrees, mean 15.30 degree
---------------------80---------------------
Epoch 80 checkpoint saved for 7Scenes_pumpkin_concatenate_False_2019_2
Training 7Scenes_pumpkin_concatenate_False_2019_2: Epoch 80, kl_loss 0.000000, dis_loss-2.558097
-------------0.283157-----------------3.014310--------------
------------Time consuming: 0.674310---Storaging: -1203765248.000000---------
---------------------80---------------------
Epoch 80 checkpoint saved for 7Scenes_pumpkin_concatenate_False_2019_2
Training 7Scenes_pumpkin_concatenate_False_2019_2: Epoch 81, kl_loss 0.000000, dis_loss-2.573317
-------------0.286330-----------------3.016055--------------
------------Time consuming: 0.667068---Storaging: -1203765248.000000---------
---------------------81---------------------
Training 7Scenes_pumpkin_concatenate_False_2019_2: Epoch 82, kl_loss 0.000000, dis_loss-2.561616
-------------0.289522-----------------3.017818--------------
------------Time consuming: 0.658517---Storaging: -1203765248.000000---------
---------------------82---------------------
Training 7Scenes_pumpkin_concatenate_False_2019_2: Epoch 83, kl_loss 0.000000, dis_loss-2.621978
-------------0.292685-----------------3.019855--------------
------------Time consuming: 0.661349---Storaging: -1203765248.000000---------
---------------------83---------------------
Training 7Scenes_pumpkin_concatenate_False_2019_2: Epoch 84, kl_loss 0.000000, dis_loss-2.588139
-------------0.295854-----------------3.021830--------------
------------Time consuming: 0.665457---Storaging: -1203765248.000000---------
---------------------84---------------------
Val 7Scenes_pumpkin_concatenate_False_2019_2: Epoch 85, val_loss 0.223169
-------------0.295854-----------------3.021830--------------
Error in translation: median 0.25 m,  mean 0.33 m 
 Error in rotation: median 8.78 degrees, mean 14.27 degree
---------------------85---------------------
Training 7Scenes_pumpkin_concatenate_False_2019_2: Epoch 85, kl_loss 0.000000, dis_loss-2.542776
-------------0.299023-----------------3.023525--------------
------------Time consuming: 0.658397---Storaging: -1203765248.000000---------
---------------------85---------------------
Training 7Scenes_pumpkin_concatenate_False_2019_2: Epoch 86, kl_loss 0.000000, dis_loss-2.644892
-------------0.302170-----------------3.025687--------------
------------Time consuming: 0.666882---Storaging: -1203765248.000000---------
---------------------86---------------------
Training 7Scenes_pumpkin_concatenate_False_2019_2: Epoch 87, kl_loss 0.000000, dis_loss-2.619639
-------------0.305324-----------------3.027809--------------
------------Time consuming: 0.666200---Storaging: -1203765248.000000---------
---------------------87---------------------
Training 7Scenes_pumpkin_concatenate_False_2019_2: Epoch 88, kl_loss 0.000000, dis_loss-2.649340
-------------0.308489-----------------3.030061--------------
------------Time consuming: 0.674053---Storaging: -1203765248.000000---------
---------------------88---------------------
Training 7Scenes_pumpkin_concatenate_False_2019_2: Epoch 89, kl_loss 0.000000, dis_loss-2.615427
-------------0.311645-----------------3.032136--------------
------------Time consuming: 0.673170---Storaging: -1203765248.000000---------
---------------------89---------------------
Val 7Scenes_pumpkin_concatenate_False_2019_2: Epoch 90, val_loss 0.253071
-------------0.311645-----------------3.032136--------------
Error in translation: median 0.27 m,  mean 0.34 m 
 Error in rotation: median 12.84 degrees, mean 17.91 degree
---------------------90---------------------
Epoch 90 checkpoint saved for 7Scenes_pumpkin_concatenate_False_2019_2
Training 7Scenes_pumpkin_concatenate_False_2019_2: Epoch 90, kl_loss 0.000000, dis_loss-2.618336
-------------0.314789-----------------3.034285--------------
------------Time consuming: 0.662799---Storaging: -1203765248.000000---------
---------------------90---------------------
Epoch 90 checkpoint saved for 7Scenes_pumpkin_concatenate_False_2019_2
Training 7Scenes_pumpkin_concatenate_False_2019_2: Epoch 91, kl_loss 0.000000, dis_loss-2.621067
-------------0.317951-----------------3.036408--------------
------------Time consuming: 0.710800---Storaging: -1203765248.000000---------
---------------------91---------------------
Training 7Scenes_pumpkin_concatenate_False_2019_2: Epoch 92, kl_loss 0.000000, dis_loss-2.664337
-------------0.321102-----------------3.038759--------------
------------Time consuming: 0.709360---Storaging: -1203765248.000000---------
---------------------92---------------------
Training 7Scenes_pumpkin_concatenate_False_2019_2: Epoch 93, kl_loss 0.000000, dis_loss-2.705222
-------------0.324268-----------------3.041470--------------
------------Time consuming: 0.661842---Storaging: -1203765248.000000---------
---------------------93---------------------
Training 7Scenes_pumpkin_concatenate_False_2019_2: Epoch 94, kl_loss 0.000000, dis_loss-2.736835
-------------0.327435-----------------3.044055--------------
------------Time consuming: 0.666332---Storaging: -1203765248.000000---------
---------------------94---------------------
Val 7Scenes_pumpkin_concatenate_False_2019_2: Epoch 95, val_loss 0.218851
-------------0.327435-----------------3.044055--------------
Error in translation: median 0.26 m,  mean 0.34 m 
 Error in rotation: median 7.75 degrees, mean 13.08 degree
---------------------95---------------------
Training 7Scenes_pumpkin_concatenate_False_2019_2: Epoch 95, kl_loss 0.000000, dis_loss-2.609538
-------------0.330586-----------------3.046218--------------
------------Time consuming: 0.659482---Storaging: -1203765248.000000---------
---------------------95---------------------
Training 7Scenes_pumpkin_concatenate_False_2019_2: Epoch 96, kl_loss 0.000000, dis_loss-2.688196
-------------0.333739-----------------3.048627--------------
------------Time consuming: 0.660084---Storaging: -1203765248.000000---------
---------------------96---------------------
Training 7Scenes_pumpkin_concatenate_False_2019_2: Epoch 97, kl_loss 0.000000, dis_loss-2.723191
-------------0.336907-----------------3.051315--------------
------------Time consuming: 0.663574---Storaging: -1203765248.000000---------
---------------------97---------------------
Training 7Scenes_pumpkin_concatenate_False_2019_2: Epoch 98, kl_loss 0.000000, dis_loss-2.699227
-------------0.340058-----------------3.053884--------------
------------Time consuming: 0.665442---Storaging: -1203765248.000000---------
---------------------98---------------------
Training 7Scenes_pumpkin_concatenate_False_2019_2: Epoch 99, kl_loss 0.000000, dis_loss-2.686287
-------------0.343217-----------------3.056278--------------
------------Time consuming: 0.664842---Storaging: -1203765248.000000---------
---------------------99---------------------
Val 7Scenes_pumpkin_concatenate_False_2019_2: Epoch 100, val_loss 0.238898
-------------0.343217-----------------3.056278--------------
Error in translation: median 0.25 m,  mean 0.34 m 
 Error in rotation: median 14.15 degrees, mean 18.91 degree
---------------------100---------------------
Epoch 100 checkpoint saved for 7Scenes_pumpkin_concatenate_False_2019_2
Training 7Scenes_pumpkin_concatenate_False_2019_2: Epoch 100, kl_loss 0.000000, dis_loss-2.687340
-------------0.346382-----------------3.058693--------------
------------Time consuming: 0.662540---Storaging: -1203765248.000000---------
---------------------100---------------------
Epoch 100 checkpoint saved for 7Scenes_pumpkin_concatenate_False_2019_2
Training 7Scenes_pumpkin_concatenate_False_2019_2: Epoch 101, kl_loss 0.000000, dis_loss-2.715638
-------------0.349524-----------------3.061304--------------
------------Time consuming: 0.658465---Storaging: -1203765248.000000---------
---------------------101---------------------
Training 7Scenes_pumpkin_concatenate_False_2019_2: Epoch 102, kl_loss 0.000000, dis_loss-2.732898
-------------0.352686-----------------3.063988--------------
------------Time consuming: 0.698102---Storaging: -1203765248.000000---------
---------------------102---------------------
Training 7Scenes_pumpkin_concatenate_False_2019_2: Epoch 103, kl_loss 0.000000, dis_loss-2.767967
-------------0.355801-----------------3.066979--------------
------------Time consuming: 0.672768---Storaging: -1203765248.000000---------
---------------------103---------------------
Training 7Scenes_pumpkin_concatenate_False_2019_2: Epoch 104, kl_loss 0.000000, dis_loss-2.762961
-------------0.358960-----------------3.069740--------------
------------Time consuming: 0.677722---Storaging: -1203765248.000000---------
---------------------104---------------------
Val 7Scenes_pumpkin_concatenate_False_2019_2: Epoch 105, val_loss 0.219945
-------------0.358960-----------------3.069740--------------
Error in translation: median 0.25 m,  mean 0.33 m 
 Error in rotation: median 8.24 degrees, mean 13.51 degree
---------------------105---------------------
Training 7Scenes_pumpkin_concatenate_False_2019_2: Epoch 105, kl_loss 0.000000, dis_loss-2.782766
-------------0.362118-----------------3.072691--------------
------------Time consuming: 0.663314---Storaging: -1203765248.000000---------
---------------------105---------------------
Training 7Scenes_pumpkin_concatenate_False_2019_2: Epoch 106, kl_loss 0.000000, dis_loss-2.800604
-------------0.365283-----------------3.075643--------------
------------Time consuming: 0.661133---Storaging: -1203765248.000000---------
---------------------106---------------------
Training 7Scenes_pumpkin_concatenate_False_2019_2: Epoch 107, kl_loss 0.000000, dis_loss-2.821389
-------------0.368443-----------------3.078746--------------
------------Time consuming: 0.820757---Storaging: -163644432.253968---------
---------------------107---------------------
Training 7Scenes_pumpkin_concatenate_False_2019_2: Epoch 108, kl_loss 0.000000, dis_loss-2.792427
-------------0.371579-----------------3.081702--------------
------------Time consuming: 1.046433---Storaging: 3547249387.682539---------
---------------------108---------------------
Training 7Scenes_pumpkin_concatenate_False_2019_2: Epoch 109, kl_loss 0.000000, dis_loss-2.775448
-------------0.374724-----------------3.084488--------------
------------Time consuming: 1.186766---Storaging: 6700400640.000000---------
---------------------109---------------------
Val 7Scenes_pumpkin_concatenate_False_2019_2: Epoch 110, val_loss 0.231560
-------------0.374724-----------------3.084488--------------
Error in translation: median 0.31 m,  mean 0.37 m 
 Error in rotation: median 6.75 degrees, mean 12.15 degree
---------------------110---------------------
Epoch 110 checkpoint saved for 7Scenes_pumpkin_concatenate_False_2019_2
Training 7Scenes_pumpkin_concatenate_False_2019_2: Epoch 110, kl_loss 0.000000, dis_loss-2.865716
-------------0.377859-----------------3.087714--------------
------------Time consuming: 1.112675---Storaging: 6700400640.000000---------
---------------------110---------------------
Epoch 110 checkpoint saved for 7Scenes_pumpkin_concatenate_False_2019_2
Training 7Scenes_pumpkin_concatenate_False_2019_2: Epoch 111, kl_loss 0.000000, dis_loss-2.877011
-------------0.381021-----------------3.091035--------------
------------Time consuming: 1.119800---Storaging: 6700400640.000000---------
---------------------111---------------------
Training 7Scenes_pumpkin_concatenate_False_2019_2: Epoch 112, kl_loss 0.000000, dis_loss-2.803693
-------------0.384187-----------------3.093843--------------
------------Time consuming: 1.193582---Storaging: 6700400640.000000---------
---------------------112---------------------
Training 7Scenes_pumpkin_concatenate_False_2019_2: Epoch 113, kl_loss 0.000000, dis_loss-2.783635
-------------0.387318-----------------3.096581--------------
------------Time consuming: 0.928392---Storaging: 6700400640.000000---------
---------------------113---------------------
Training 7Scenes_pumpkin_concatenate_False_2019_2: Epoch 114, kl_loss 0.000000, dis_loss-2.857862
-------------0.390441-----------------3.099726--------------
------------Time consuming: 1.065172---Storaging: 6700400640.000000---------
---------------------114---------------------
Val 7Scenes_pumpkin_concatenate_False_2019_2: Epoch 115, val_loss 0.240992
-------------0.390441-----------------3.099726--------------
Error in translation: median 0.30 m,  mean 0.37 m 
 Error in rotation: median 7.93 degrees, mean 13.39 degree
---------------------115---------------------
Training 7Scenes_pumpkin_concatenate_False_2019_2: Epoch 115, kl_loss 0.000000, dis_loss-2.824408
-------------0.393556-----------------3.102636--------------
------------Time consuming: 1.107688---Storaging: 6700400640.000000---------
---------------------115---------------------
Training 7Scenes_pumpkin_concatenate_False_2019_2: Epoch 116, kl_loss 0.000000, dis_loss-2.826666
-------------0.396701-----------------3.105549--------------
------------Time consuming: 1.109442---Storaging: 6700400640.000000---------
---------------------116---------------------
Training 7Scenes_pumpkin_concatenate_False_2019_2: Epoch 117, kl_loss 0.000000, dis_loss-2.834510
-------------0.399851-----------------3.108434--------------
------------Time consuming: 1.117660---Storaging: 6700400640.000000---------
---------------------117---------------------
Training 7Scenes_pumpkin_concatenate_False_2019_2: Epoch 118, kl_loss 0.000000, dis_loss-2.813104
-------------0.403004-----------------3.111130--------------
------------Time consuming: 1.099209---Storaging: 6700400640.000000---------
---------------------118---------------------
Training 7Scenes_pumpkin_concatenate_False_2019_2: Epoch 119, kl_loss 0.000000, dis_loss-2.902008
-------------0.406159-----------------3.114289--------------
------------Time consuming: 0.958897---Storaging: 6700400640.000000---------
---------------------119---------------------
Val 7Scenes_pumpkin_concatenate_False_2019_2: Epoch 120, val_loss 0.208068
-------------0.406159-----------------3.114289--------------
Error in translation: median 0.23 m,  mean 0.32 m 
 Error in rotation: median 6.06 degrees, mean 12.14 degree
---------------------120---------------------
Epoch 120 checkpoint saved for 7Scenes_pumpkin_concatenate_False_2019_2
Training 7Scenes_pumpkin_concatenate_False_2019_2: Epoch 120, kl_loss 0.000000, dis_loss-2.935259
-------------0.409315-----------------3.117666--------------
------------Time consuming: 1.225570---Storaging: 6700400640.000000---------
---------------------120---------------------
Epoch 120 checkpoint saved for 7Scenes_pumpkin_concatenate_False_2019_2
Training 7Scenes_pumpkin_concatenate_False_2019_2: Epoch 121, kl_loss 0.000000, dis_loss-2.865624
-------------0.412444-----------------3.120747--------------
------------Time consuming: 1.073253---Storaging: 6700400640.000000---------
---------------------121---------------------
Training 7Scenes_pumpkin_concatenate_False_2019_2: Epoch 122, kl_loss 0.000000, dis_loss-2.874762
-------------0.415572-----------------3.123718--------------
------------Time consuming: 1.090655---Storaging: 6700400640.000000---------
---------------------122---------------------
Training 7Scenes_pumpkin_concatenate_False_2019_2: Epoch 123, kl_loss 0.000000, dis_loss-2.845370
-------------0.418700-----------------3.126392--------------
------------Time consuming: 1.159036---Storaging: 6700400640.000000---------
---------------------123---------------------
Training 7Scenes_pumpkin_concatenate_False_2019_2: Epoch 124, kl_loss 0.000000, dis_loss-2.960707
-------------0.421863-----------------3.129759--------------
------------Time consuming: 1.066135---Storaging: 6700400640.000000---------
---------------------124---------------------
Val 7Scenes_pumpkin_concatenate_False_2019_2: Epoch 125, val_loss 0.245724
-------------0.421863-----------------3.129759--------------
Error in translation: median 0.28 m,  mean 0.36 m 
 Error in rotation: median 9.58 degrees, mean 14.76 degree
---------------------125---------------------
Training 7Scenes_pumpkin_concatenate_False_2019_2: Epoch 125, kl_loss 0.000000, dis_loss-2.989691
-------------0.424989-----------------3.133348--------------
------------Time consuming: 1.151639---Storaging: 6700400640.000000---------
---------------------125---------------------
Training 7Scenes_pumpkin_concatenate_False_2019_2: Epoch 126, kl_loss 0.000000, dis_loss-2.940626
-------------0.428126-----------------3.136582--------------
------------Time consuming: 1.114826---Storaging: 6700400640.000000---------
---------------------126---------------------
Training 7Scenes_pumpkin_concatenate_False_2019_2: Epoch 127, kl_loss 0.000000, dis_loss-2.974764
-------------0.431272-----------------3.139911--------------
------------Time consuming: 1.108353---Storaging: 6700400640.000000---------
---------------------127---------------------
Training 7Scenes_pumpkin_concatenate_False_2019_2: Epoch 128, kl_loss 0.000000, dis_loss-2.938335
-------------0.434415-----------------3.143023--------------
------------Time consuming: 1.109975---Storaging: 6700400640.000000---------
---------------------128---------------------
Training 7Scenes_pumpkin_concatenate_False_2019_2: Epoch 129, kl_loss 0.000000, dis_loss-2.965149
-------------0.437538-----------------3.146252--------------
------------Time consuming: 1.176797---Storaging: 6700400640.000000---------
---------------------129---------------------
Val 7Scenes_pumpkin_concatenate_False_2019_2: Epoch 130, val_loss 0.231260
-------------0.437538-----------------3.146252--------------
Error in translation: median 0.26 m,  mean 0.36 m 
 Error in rotation: median 6.84 degrees, mean 12.47 degree
---------------------130---------------------
Epoch 130 checkpoint saved for 7Scenes_pumpkin_concatenate_False_2019_2
Training 7Scenes_pumpkin_concatenate_False_2019_2: Epoch 130, kl_loss 0.000000, dis_loss-3.005394
-------------0.440663-----------------3.149679--------------
------------Time consuming: 1.148988---Storaging: 6700400640.000000---------
---------------------130---------------------
Epoch 130 checkpoint saved for 7Scenes_pumpkin_concatenate_False_2019_2
Training 7Scenes_pumpkin_concatenate_False_2019_2: Epoch 131, kl_loss 0.000000, dis_loss-2.991344
-------------0.443794-----------------3.152937--------------
------------Time consuming: 1.200710---Storaging: 6700400640.000000---------
---------------------131---------------------
Training 7Scenes_pumpkin_concatenate_False_2019_2: Epoch 132, kl_loss 0.000000, dis_loss-3.044733
-------------0.446943-----------------3.156468--------------
------------Time consuming: 1.027863---Storaging: 6700400640.000000---------
---------------------132---------------------
Training 7Scenes_pumpkin_concatenate_False_2019_2: Epoch 133, kl_loss 0.000000, dis_loss-3.005562
-------------0.450085-----------------3.159746--------------
------------Time consuming: 1.111476---Storaging: 6700400640.000000---------
---------------------133---------------------
Training 7Scenes_pumpkin_concatenate_False_2019_2: Epoch 134, kl_loss 0.000000, dis_loss-3.017149
-------------0.453244-----------------3.163010--------------
------------Time consuming: 1.135870---Storaging: 6700400640.000000---------
---------------------134---------------------
Val 7Scenes_pumpkin_concatenate_False_2019_2: Epoch 135, val_loss 0.213719
-------------0.453244-----------------3.163010--------------
Error in translation: median 0.23 m,  mean 0.34 m 
 Error in rotation: median 6.03 degrees, mean 11.85 degree
---------------------135---------------------
Training 7Scenes_pumpkin_concatenate_False_2019_2: Epoch 135, kl_loss 0.000000, dis_loss-3.050868
-------------0.456401-----------------3.166302--------------
------------Time consuming: 1.147646---Storaging: 6700400640.000000---------
---------------------135---------------------
Training 7Scenes_pumpkin_concatenate_False_2019_2: Epoch 136, kl_loss 0.000000, dis_loss-3.048835
-------------0.459569-----------------3.169629--------------
------------Time consuming: 1.162346---Storaging: 6700400640.000000---------
---------------------136---------------------
Training 7Scenes_pumpkin_concatenate_False_2019_2: Epoch 137, kl_loss 0.000000, dis_loss-2.992360
-------------0.462723-----------------3.172673--------------
------------Time consuming: 1.106403---Storaging: 6700400640.000000---------
---------------------137---------------------
Training 7Scenes_pumpkin_concatenate_False_2019_2: Epoch 138, kl_loss 0.000000, dis_loss-3.056473
-------------0.465872-----------------3.175846--------------
------------Time consuming: 1.091729---Storaging: 6700400640.000000---------
---------------------138---------------------
Training 7Scenes_pumpkin_concatenate_False_2019_2: Epoch 139, kl_loss 0.000000, dis_loss-3.010141
-------------0.469002-----------------3.178903--------------
------------Time consuming: 1.135581---Storaging: 6700400640.000000---------
---------------------139---------------------
Val 7Scenes_pumpkin_concatenate_False_2019_2: Epoch 140, val_loss 0.222541
-------------0.469002-----------------3.178903--------------
Error in translation: median 0.25 m,  mean 0.34 m 
 Error in rotation: median 8.44 degrees, mean 12.56 degree
---------------------140---------------------
Epoch 140 checkpoint saved for 7Scenes_pumpkin_concatenate_False_2019_2
Training 7Scenes_pumpkin_concatenate_False_2019_2: Epoch 140, kl_loss 0.000000, dis_loss-3.038147
-------------0.472141-----------------3.181967--------------
------------Time consuming: 1.020554---Storaging: 6700400640.000000---------
---------------------140---------------------
Epoch 140 checkpoint saved for 7Scenes_pumpkin_concatenate_False_2019_2
Training 7Scenes_pumpkin_concatenate_False_2019_2: Epoch 141, kl_loss 0.000000, dis_loss-3.103226
-------------0.475295-----------------3.185416--------------
------------Time consuming: 1.158819---Storaging: 6700400640.000000---------
---------------------141---------------------
Training 7Scenes_pumpkin_concatenate_False_2019_2: Epoch 142, kl_loss 0.000000, dis_loss-3.044530
-------------0.478432-----------------3.188558--------------
------------Time consuming: 1.149574---Storaging: 6700400640.000000---------
---------------------142---------------------
Training 7Scenes_pumpkin_concatenate_False_2019_2: Epoch 143, kl_loss 0.000000, dis_loss-3.091402
-------------0.481558-----------------3.191818--------------
------------Time consuming: 1.023191---Storaging: 6700400640.000000---------
---------------------143---------------------
Training 7Scenes_pumpkin_concatenate_False_2019_2: Epoch 144, kl_loss 0.000000, dis_loss-3.088327
-------------0.484698-----------------3.195065--------------
------------Time consuming: 1.155004---Storaging: 6700400640.000000---------
---------------------144---------------------
Val 7Scenes_pumpkin_concatenate_False_2019_2: Epoch 145, val_loss 0.206608
-------------0.484698-----------------3.195065--------------
Error in translation: median 0.23 m,  mean 0.32 m 
 Error in rotation: median 6.49 degrees, mean 12.31 degree
---------------------145---------------------
Training 7Scenes_pumpkin_concatenate_False_2019_2: Epoch 145, kl_loss 0.000000, dis_loss-3.102493
-------------0.487845-----------------3.198360--------------
------------Time consuming: 0.947408---Storaging: 6700400640.000000---------
---------------------145---------------------
Training 7Scenes_pumpkin_concatenate_False_2019_2: Epoch 146, kl_loss 0.000000, dis_loss-3.113849
-------------0.490976-----------------3.201636--------------
------------Time consuming: 1.138691---Storaging: 6700400640.000000---------
---------------------146---------------------
Training 7Scenes_pumpkin_concatenate_False_2019_2: Epoch 147, kl_loss 0.000000, dis_loss-3.120769
-------------0.494118-----------------3.204941--------------
------------Time consuming: 1.172495---Storaging: 6700400640.000000---------
---------------------147---------------------
Training 7Scenes_pumpkin_concatenate_False_2019_2: Epoch 148, kl_loss 0.000000, dis_loss-3.149500
-------------0.497215-----------------3.208400--------------
------------Time consuming: 1.103383---Storaging: 6700400640.000000---------
---------------------148---------------------
Training 7Scenes_pumpkin_concatenate_False_2019_2: Epoch 149, kl_loss 0.000000, dis_loss-3.140171
-------------0.500349-----------------3.211706--------------
------------Time consuming: 1.065245---Storaging: 6700400640.000000---------
---------------------149---------------------
Val 7Scenes_pumpkin_concatenate_False_2019_2: Epoch 150, val_loss 0.221381
-------------0.500349-----------------3.211706--------------
Error in translation: median 0.26 m,  mean 0.34 m 
 Error in rotation: median 6.15 degrees, mean 12.11 degree
---------------------150---------------------
Epoch 150 checkpoint saved for 7Scenes_pumpkin_concatenate_False_2019_2
Training 7Scenes_pumpkin_concatenate_False_2019_2: Epoch 150, kl_loss 0.000000, dis_loss-3.131863
-------------0.503475-----------------3.214944--------------
------------Time consuming: 1.096333---Storaging: 6700400640.000000---------
---------------------150---------------------
Epoch 150 checkpoint saved for 7Scenes_pumpkin_concatenate_False_2019_2
Training 7Scenes_pumpkin_concatenate_False_2019_2: Epoch 151, kl_loss 0.000000, dis_loss-3.191707
-------------0.506617-----------------3.218450--------------
------------Time consuming: 0.980147---Storaging: 6700400640.000000---------
---------------------151---------------------
Training 7Scenes_pumpkin_concatenate_False_2019_2: Epoch 152, kl_loss 0.000000, dis_loss-3.153642
-------------0.509738-----------------3.221728--------------
------------Time consuming: 1.140350---Storaging: 6700400640.000000---------
---------------------152---------------------
Training 7Scenes_pumpkin_concatenate_False_2019_2: Epoch 153, kl_loss 0.000000, dis_loss-3.155256
-------------0.512860-----------------3.224920--------------
------------Time consuming: 1.108121---Storaging: 6700400640.000000---------
---------------------153---------------------
Training 7Scenes_pumpkin_concatenate_False_2019_2: Epoch 154, kl_loss 0.000000, dis_loss-3.189433
-------------0.516003-----------------3.228282--------------
------------Time consuming: 1.029306---Storaging: 6700400640.000000---------
---------------------154---------------------
Val 7Scenes_pumpkin_concatenate_False_2019_2: Epoch 155, val_loss 0.215550
-------------0.516003-----------------3.228282--------------
Error in translation: median 0.25 m,  mean 0.32 m 
 Error in rotation: median 6.70 degrees, mean 12.16 degree
---------------------155---------------------
Training 7Scenes_pumpkin_concatenate_False_2019_2: Epoch 155, kl_loss 0.000000, dis_loss-3.173562
-------------0.519147-----------------3.231489--------------
------------Time consuming: 1.154863---Storaging: 6700400640.000000---------
---------------------155---------------------
Training 7Scenes_pumpkin_concatenate_False_2019_2: Epoch 156, kl_loss 0.000000, dis_loss-3.166191
-------------0.522273-----------------3.234632--------------
------------Time consuming: 1.035684---Storaging: 6700400640.000000---------
---------------------156---------------------
Training 7Scenes_pumpkin_concatenate_False_2019_2: Epoch 157, kl_loss 0.000000, dis_loss-3.196226
-------------0.525429-----------------3.237856--------------
------------Time consuming: 1.071504---Storaging: 6700400640.000000---------
---------------------157---------------------
Training 7Scenes_pumpkin_concatenate_False_2019_2: Epoch 158, kl_loss 0.000000, dis_loss-3.220441
-------------0.528584-----------------3.241174--------------
------------Time consuming: 1.122179---Storaging: 6700400640.000000---------
---------------------158---------------------
Training 7Scenes_pumpkin_concatenate_False_2019_2: Epoch 159, kl_loss 0.000000, dis_loss-3.238239
-------------0.531749-----------------3.244517--------------
------------Time consuming: 1.133010---Storaging: 6700400640.000000---------
---------------------159---------------------
Val 7Scenes_pumpkin_concatenate_False_2019_2: Epoch 160, val_loss 0.216135
-------------0.531749-----------------3.244517--------------
Error in translation: median 0.24 m,  mean 0.33 m 
 Error in rotation: median 7.61 degrees, mean 12.84 degree
---------------------160---------------------
Epoch 160 checkpoint saved for 7Scenes_pumpkin_concatenate_False_2019_2
Training 7Scenes_pumpkin_concatenate_False_2019_2: Epoch 160, kl_loss 0.000000, dis_loss-3.186369
-------------0.534860-----------------3.247696--------------
------------Time consuming: 1.118829---Storaging: 6700400640.000000---------
---------------------160---------------------
Epoch 160 checkpoint saved for 7Scenes_pumpkin_concatenate_False_2019_2
Training 7Scenes_pumpkin_concatenate_False_2019_2: Epoch 161, kl_loss 0.000000, dis_loss-3.213514
-------------0.537981-----------------3.250891--------------
------------Time consuming: 1.133424---Storaging: 6700400640.000000---------
---------------------161---------------------
Training 7Scenes_pumpkin_concatenate_False_2019_2: Epoch 162, kl_loss 0.000000, dis_loss-3.231075
-------------0.541121-----------------3.254149--------------
------------Time consuming: 1.035728---Storaging: 6700400640.000000---------
---------------------162---------------------
Training 7Scenes_pumpkin_concatenate_False_2019_2: Epoch 163, kl_loss 0.000000, dis_loss-3.217299
-------------0.544253-----------------3.257282--------------
------------Time consuming: 1.006148---Storaging: 6700400640.000000---------
---------------------163---------------------
Training 7Scenes_pumpkin_concatenate_False_2019_2: Epoch 164, kl_loss 0.000000, dis_loss-3.250203
-------------0.547367-----------------3.260543--------------
------------Time consuming: 1.127311---Storaging: 6700400640.000000---------
---------------------164---------------------
Val 7Scenes_pumpkin_concatenate_False_2019_2: Epoch 165, val_loss 0.219314
-------------0.547367-----------------3.260543--------------
Error in translation: median 0.26 m,  mean 0.34 m 
 Error in rotation: median 6.22 degrees, mean 12.08 degree
---------------------165---------------------
Training 7Scenes_pumpkin_concatenate_False_2019_2: Epoch 165, kl_loss 0.000000, dis_loss-3.242912
-------------0.550524-----------------3.263764--------------
------------Time consuming: 1.107612---Storaging: 6700400640.000000---------
---------------------165---------------------
Training 7Scenes_pumpkin_concatenate_False_2019_2: Epoch 166, kl_loss 0.000000, dis_loss-3.218518
-------------0.553675-----------------3.266723--------------
------------Time consuming: 1.154138---Storaging: 6700400640.000000---------
---------------------166---------------------
Training 7Scenes_pumpkin_concatenate_False_2019_2: Epoch 167, kl_loss 0.000000, dis_loss-3.283196
-------------0.556809-----------------3.270063--------------
------------Time consuming: 1.088731---Storaging: 6700400640.000000---------
---------------------167---------------------
Training 7Scenes_pumpkin_concatenate_False_2019_2: Epoch 168, kl_loss 0.000000, dis_loss-3.275339
-------------0.559958-----------------3.273376--------------
------------Time consuming: 1.037160---Storaging: 6700400640.000000---------
---------------------168---------------------
Training 7Scenes_pumpkin_concatenate_False_2019_2: Epoch 169, kl_loss 0.000000, dis_loss-3.259976
-------------0.563090-----------------3.276449--------------
------------Time consuming: 1.164588---Storaging: 6700400640.000000---------
---------------------169---------------------
Val 7Scenes_pumpkin_concatenate_False_2019_2: Epoch 170, val_loss 0.227551
-------------0.563090-----------------3.276449--------------
Error in translation: median 0.25 m,  mean 0.35 m 
 Error in rotation: median 5.91 degrees, mean 11.56 degree
---------------------170---------------------
Epoch 170 checkpoint saved for 7Scenes_pumpkin_concatenate_False_2019_2
Training 7Scenes_pumpkin_concatenate_False_2019_2: Epoch 170, kl_loss 0.000000, dis_loss-3.251147
-------------0.566228-----------------3.279566--------------
------------Time consuming: 1.066580---Storaging: 6700400640.000000---------
---------------------170---------------------
Epoch 170 checkpoint saved for 7Scenes_pumpkin_concatenate_False_2019_2
Training 7Scenes_pumpkin_concatenate_False_2019_2: Epoch 171, kl_loss 0.000000, dis_loss-3.302917
-------------0.569370-----------------3.282797--------------
------------Time consuming: 1.115857---Storaging: 6700400640.000000---------
---------------------171---------------------
Training 7Scenes_pumpkin_concatenate_False_2019_2: Epoch 172, kl_loss 0.000000, dis_loss-3.306917
-------------0.572493-----------------3.286078--------------
------------Time consuming: 1.147665---Storaging: 6700400640.000000---------
---------------------172---------------------
Training 7Scenes_pumpkin_concatenate_False_2019_2: Epoch 173, kl_loss 0.000000, dis_loss-3.310715
-------------0.575632-----------------3.289361--------------
------------Time consuming: 0.943643---Storaging: 6700400640.000000---------
---------------------173---------------------
Training 7Scenes_pumpkin_concatenate_False_2019_2: Epoch 174, kl_loss 0.000000, dis_loss-3.324622
-------------0.578748-----------------3.292668--------------
------------Time consuming: 1.111351---Storaging: 6700400640.000000---------
---------------------174---------------------
Val 7Scenes_pumpkin_concatenate_False_2019_2: Epoch 175, val_loss 0.221421
-------------0.578748-----------------3.292668--------------
Error in translation: median 0.25 m,  mean 0.33 m 
 Error in rotation: median 7.50 degrees, mean 13.15 degree
---------------------175---------------------
Training 7Scenes_pumpkin_concatenate_False_2019_2: Epoch 175, kl_loss 0.000000, dis_loss-3.342699
-------------0.581881-----------------3.296006--------------
------------Time consuming: 1.052044---Storaging: 6700400640.000000---------
---------------------175---------------------
Training 7Scenes_pumpkin_concatenate_False_2019_2: Epoch 176, kl_loss 0.000000, dis_loss-3.325140
-------------0.585003-----------------3.299253--------------
------------Time consuming: 1.124751---Storaging: 6700400640.000000---------
---------------------176---------------------
Training 7Scenes_pumpkin_concatenate_False_2019_2: Epoch 177, kl_loss 0.000000, dis_loss-3.314730
-------------0.588143-----------------3.302396--------------
------------Time consuming: 1.089940---Storaging: 6700400640.000000---------
---------------------177---------------------
Training 7Scenes_pumpkin_concatenate_False_2019_2: Epoch 178, kl_loss 0.000000, dis_loss-3.325271
-------------0.591254-----------------3.305598--------------
------------Time consuming: 1.099543---Storaging: 6700400640.000000---------
---------------------178---------------------
Training 7Scenes_pumpkin_concatenate_False_2019_2: Epoch 179, kl_loss 0.000000, dis_loss-3.305793
-------------0.594360-----------------3.308559--------------
------------Time consuming: 0.987288---Storaging: 6700400640.000000---------
---------------------179---------------------
Val 7Scenes_pumpkin_concatenate_False_2019_2: Epoch 180, val_loss 0.215044
-------------0.594360-----------------3.308559--------------
Error in translation: median 0.24 m,  mean 0.33 m 
 Error in rotation: median 5.25 degrees, mean 11.59 degree
---------------------180---------------------
Epoch 180 checkpoint saved for 7Scenes_pumpkin_concatenate_False_2019_2
Training 7Scenes_pumpkin_concatenate_False_2019_2: Epoch 180, kl_loss 0.000000, dis_loss-3.303875
-------------0.597490-----------------3.311580--------------
------------Time consuming: 1.169134---Storaging: 6700400640.000000---------
---------------------180---------------------
Epoch 180 checkpoint saved for 7Scenes_pumpkin_concatenate_False_2019_2
Training 7Scenes_pumpkin_concatenate_False_2019_2: Epoch 181, kl_loss 0.000000, dis_loss-3.325707
-------------0.600596-----------------3.314656--------------
------------Time consuming: 1.014842---Storaging: 6700400640.000000---------
---------------------181---------------------
Training 7Scenes_pumpkin_concatenate_False_2019_2: Epoch 182, kl_loss 0.000000, dis_loss-3.354351
-------------0.603745-----------------3.317796--------------
------------Time consuming: 1.109225---Storaging: 6700400640.000000---------
---------------------182---------------------
Training 7Scenes_pumpkin_concatenate_False_2019_2: Epoch 183, kl_loss 0.000000, dis_loss-3.389395
-------------0.606852-----------------3.321171--------------
------------Time consuming: 1.125898---Storaging: 6700400640.000000---------
---------------------183---------------------
Training 7Scenes_pumpkin_concatenate_False_2019_2: Epoch 184, kl_loss 0.000000, dis_loss-3.384642
-------------0.609996-----------------3.324401--------------
------------Time consuming: 1.083156---Storaging: 6700400640.000000---------
---------------------184---------------------
Val 7Scenes_pumpkin_concatenate_False_2019_2: Epoch 185, val_loss 0.230241
-------------0.609996-----------------3.324401--------------
Error in translation: median 0.26 m,  mean 0.35 m 
 Error in rotation: median 5.57 degrees, mean 11.77 degree
---------------------185---------------------
Training 7Scenes_pumpkin_concatenate_False_2019_2: Epoch 185, kl_loss 0.000000, dis_loss-3.391164
-------------0.613124-----------------3.327706--------------
------------Time consuming: 1.111318---Storaging: 6700400640.000000---------
---------------------185---------------------
Training 7Scenes_pumpkin_concatenate_False_2019_2: Epoch 186, kl_loss 0.000000, dis_loss-3.427879
-------------0.616257-----------------3.331095--------------
------------Time consuming: 1.118115---Storaging: 6700400640.000000---------
---------------------186---------------------
Training 7Scenes_pumpkin_concatenate_False_2019_2: Epoch 187, kl_loss 0.000000, dis_loss-3.446031
-------------0.619392-----------------3.334539--------------
------------Time consuming: 1.064274---Storaging: 6700400640.000000---------
---------------------187---------------------
Training 7Scenes_pumpkin_concatenate_False_2019_2: Epoch 188, kl_loss 0.000000, dis_loss-3.409224
-------------0.622501-----------------3.337827--------------
------------Time consuming: 1.137194---Storaging: 6700400640.000000---------
---------------------188---------------------
Training 7Scenes_pumpkin_concatenate_False_2019_2: Epoch 189, kl_loss 0.000000, dis_loss-3.402318
-------------0.625642-----------------3.340943--------------
------------Time consuming: 1.156965---Storaging: 6700400640.000000---------
---------------------189---------------------
Val 7Scenes_pumpkin_concatenate_False_2019_2: Epoch 190, val_loss 0.243955
-------------0.625642-----------------3.340943--------------
Error in translation: median 0.28 m,  mean 0.37 m 
 Error in rotation: median 7.26 degrees, mean 12.54 degree
---------------------190---------------------
Epoch 190 checkpoint saved for 7Scenes_pumpkin_concatenate_False_2019_2
Training 7Scenes_pumpkin_concatenate_False_2019_2: Epoch 190, kl_loss 0.000000, dis_loss-3.446814
-------------0.628786-----------------3.344239--------------
------------Time consuming: 1.200026---Storaging: 6700400640.000000---------
---------------------190---------------------
Epoch 190 checkpoint saved for 7Scenes_pumpkin_concatenate_False_2019_2
Training 7Scenes_pumpkin_concatenate_False_2019_2: Epoch 191, kl_loss 0.000000, dis_loss-3.440446
-------------0.631927-----------------3.347517--------------
------------Time consuming: 1.153957---Storaging: 6700400640.000000---------
---------------------191---------------------
Training 7Scenes_pumpkin_concatenate_False_2019_2: Epoch 192, kl_loss 0.000000, dis_loss-3.423207
-------------0.635051-----------------3.350646--------------
------------Time consuming: 1.017679---Storaging: 6700400640.000000---------
---------------------192---------------------
Training 7Scenes_pumpkin_concatenate_False_2019_2: Epoch 193, kl_loss 0.000000, dis_loss-3.454232
-------------0.638184-----------------3.353925--------------
------------Time consuming: 1.125336---Storaging: 6700400640.000000---------
---------------------193---------------------
Training 7Scenes_pumpkin_concatenate_False_2019_2: Epoch 194, kl_loss 0.000000, dis_loss-3.473995
-------------0.641321-----------------3.357215--------------
------------Time consuming: 1.123618---Storaging: 6700400640.000000---------
---------------------194---------------------
Val 7Scenes_pumpkin_concatenate_False_2019_2: Epoch 195, val_loss 0.234529
-------------0.641321-----------------3.357215--------------
Error in translation: median 0.26 m,  mean 0.36 m 
 Error in rotation: median 7.30 degrees, mean 12.91 degree
---------------------195---------------------
Training 7Scenes_pumpkin_concatenate_False_2019_2: Epoch 195, kl_loss 0.000000, dis_loss-3.478122
-------------0.644469-----------------3.360496--------------
------------Time consuming: 1.108451---Storaging: 6700400640.000000---------
---------------------195---------------------
Training 7Scenes_pumpkin_concatenate_False_2019_2: Epoch 196, kl_loss 0.000000, dis_loss-3.485430
-------------0.647600-----------------3.363791--------------
------------Time consuming: 1.107426---Storaging: 6700400640.000000---------
---------------------196---------------------
Training 7Scenes_pumpkin_concatenate_False_2019_2: Epoch 197, kl_loss 0.000000, dis_loss-3.463965
-------------0.650736-----------------3.366950--------------
------------Time consuming: 1.098609---Storaging: 6700400640.000000---------
---------------------197---------------------
Training 7Scenes_pumpkin_concatenate_False_2019_2: Epoch 198, kl_loss 0.000000, dis_loss-3.449056
-------------0.653886-----------------3.369993--------------
------------Time consuming: 1.092786---Storaging: 6700400640.000000---------
---------------------198---------------------
Val 7Scenes_pumpkin_concatenate_False_2019_2: Epoch 199, val_loss 0.237192
-------------0.653886-----------------3.369993--------------
Error in translation: median 0.27 m,  mean 0.36 m 
 Error in rotation: median 5.61 degrees, mean 11.73 degree
---------------------199---------------------
Training 7Scenes_pumpkin_concatenate_False_2019_2: Epoch 199, kl_loss 0.000000, dis_loss-3.465556
-------------0.657003-----------------3.373095--------------
------------Time consuming: 1.088057---Storaging: 6700400640.000000---------
---------------------199---------------------
